23:15:41.161 [main] INFO  c.q.v.a.RunApplication - [logStarting,50] - Starting RunApplication on cxdpcdeMacBook-Pro.local with PID 21674 (/Users/cxdpc/WorkSpaces/idea_workspace/wedding-manager/target/classes started by cxdpc in /Users/cxdpc/WorkSpaces/idea_workspace/wedding-manager)
23:15:41.168 [main] INFO  c.q.v.a.RunApplication - [logStartupProfileInfo,679] - The following profiles are active: online
23:15:41.213 [main] INFO  o.s.b.d.e.DevToolsPropertyDefaultsPostProcessor - [logTo,227] - For additional web related logging consider setting the 'logging.level.web' property to 'DEBUG'
23:15:42.914 [main] INFO  o.s.d.r.c.RepositoryConfigurationDelegate - [multipleStoresDetected,244] - Multiple Spring Data modules found, entering strict repository configuration mode!
23:15:42.920 [main] INFO  o.s.d.r.c.RepositoryConfigurationDelegate - [registerRepositoriesIn,126] - Bootstrapping Spring Data repositories in DEFAULT mode.
23:15:42.993 [main] INFO  o.s.d.r.c.RepositoryConfigurationDelegate - [registerRepositoriesIn,182] - Finished Spring Data repository scanning in 50ms. Found 0 repository interfaces.
23:15:43.552 [main] INFO  o.s.c.s.PostProcessorRegistrationDelegate$BeanPostProcessorChecker - [postProcessAfterInitialization,330] - Bean 'org.springframework.amqp.rabbit.annotation.RabbitBootstrapConfiguration' of type [org.springframework.amqp.rabbit.annotation.RabbitBootstrapConfiguration$$EnhancerBySpringCGLIB$$9f664521] is not eligible for getting processed by all BeanPostProcessors (for example: not eligible for auto-proxying)
23:15:43.649 [main] INFO  o.s.c.s.PostProcessorRegistrationDelegate$BeanPostProcessorChecker - [postProcessAfterInitialization,330] - Bean 'org.springframework.transaction.annotation.ProxyTransactionManagementConfiguration' of type [org.springframework.transaction.annotation.ProxyTransactionManagementConfiguration$$EnhancerBySpringCGLIB$$d8fa86f3] is not eligible for getting processed by all BeanPostProcessors (for example: not eligible for auto-proxying)
23:15:43.917 [main] INFO  o.s.c.s.PostProcessorRegistrationDelegate$BeanPostProcessorChecker - [postProcessAfterInitialization,330] - Bean 'org.springframework.security.config.annotation.configuration.ObjectPostProcessorConfiguration' of type [org.springframework.security.config.annotation.configuration.ObjectPostProcessorConfiguration$$EnhancerBySpringCGLIB$$71a84f2d] is not eligible for getting processed by all BeanPostProcessors (for example: not eligible for auto-proxying)
23:15:43.926 [main] INFO  o.s.c.s.PostProcessorRegistrationDelegate$BeanPostProcessorChecker - [postProcessAfterInitialization,330] - Bean 'objectPostProcessor' of type [org.springframework.security.config.annotation.configuration.AutowireBeanFactoryObjectPostProcessor] is not eligible for getting processed by all BeanPostProcessors (for example: not eligible for auto-proxying)
23:15:43.931 [main] INFO  o.s.c.s.PostProcessorRegistrationDelegate$BeanPostProcessorChecker - [postProcessAfterInitialization,330] - Bean 'org.springframework.security.access.expression.method.DefaultMethodSecurityExpressionHandler@1c74d19' of type [org.springframework.security.access.expression.method.DefaultMethodSecurityExpressionHandler] is not eligible for getting processed by all BeanPostProcessors (for example: not eligible for auto-proxying)
23:15:43.933 [main] INFO  o.s.c.s.PostProcessorRegistrationDelegate$BeanPostProcessorChecker - [postProcessAfterInitialization,330] - Bean 'org.springframework.security.config.annotation.method.configuration.GlobalMethodSecurityConfiguration' of type [org.springframework.security.config.annotation.method.configuration.GlobalMethodSecurityConfiguration$$EnhancerBySpringCGLIB$$967cf1df] is not eligible for getting processed by all BeanPostProcessors (for example: not eligible for auto-proxying)
23:15:43.948 [main] INFO  o.s.c.s.PostProcessorRegistrationDelegate$BeanPostProcessorChecker - [postProcessAfterInitialization,330] - Bean 'methodSecurityMetadataSource' of type [org.springframework.security.access.method.DelegatingMethodSecurityMetadataSource] is not eligible for getting processed by all BeanPostProcessors (for example: not eligible for auto-proxying)
23:15:44.515 [main] INFO  o.s.b.w.e.t.TomcatWebServer - [initialize,90] - Tomcat initialized with port(s): 8080 (http)
23:15:44.536 [main] INFO  o.a.c.h.Http11NioProtocol - [log,173] - Initializing ProtocolHandler ["http-nio-8080"]
23:15:44.543 [main] INFO  o.a.c.c.StandardService - [log,173] - Starting service [Tomcat]
23:15:44.544 [main] INFO  o.a.c.c.StandardEngine - [log,173] - Starting Servlet Engine: Apache Tomcat/9.0.12
23:15:44.554 [main] INFO  o.a.c.c.AprLifecycleListener - [log,173] - The APR based Apache Tomcat Native library which allows optimal performance in production environments was not found on the java.library.path: [/Users/cxdpc/Library/Java/Extensions:/Library/Java/Extensions:/Network/Library/Java/Extensions:/System/Library/Java/Extensions:/usr/lib/java:.]
23:15:44.683 [main] INFO  o.a.c.c.C.[.[.[/] - [log,173] - Initializing Spring embedded WebApplicationContext
23:15:44.683 [main] INFO  o.s.w.c.ContextLoader - [prepareWebApplicationContext,285] - Root WebApplicationContext: initialization completed in 3469 ms
23:15:46.392 [main] INFO  o.s.b.w.s.FilterRegistrationBean - [configure,261] - Mapping filter: 'xssFilter' to urls: [/system/*, /monitor/*, /tool/*, /pts/sys/*]
23:15:46.393 [main] INFO  o.s.b.w.s.FilterRegistrationBean - [configure,248] - Mapping filter: 'characterEncodingFilter' to: [/*]
23:15:46.393 [main] INFO  o.s.b.w.s.FilterRegistrationBean - [configure,248] - Mapping filter: 'hiddenHttpMethodFilter' to: [/*]
23:15:46.393 [main] INFO  o.s.b.w.s.FilterRegistrationBean - [configure,248] - Mapping filter: 'formContentFilter' to: [/*]
23:15:46.393 [main] INFO  o.s.b.w.s.FilterRegistrationBean - [configure,248] - Mapping filter: 'requestContextFilter' to: [/*]
23:15:46.394 [main] INFO  o.s.b.w.s.DelegatingFilterProxyRegistrationBean - [configure,248] - Mapping filter: 'springSecurityFilterChain' to: [/*]
23:15:46.394 [main] INFO  o.s.b.w.s.FilterRegistrationBean - [configure,261] - Mapping filter: 'object' to urls: [/druid/js/common.js]
23:15:46.394 [main] INFO  o.s.b.w.s.FilterRegistrationBean - [configure,261] - Mapping filter: 'repeatableFilter' to urls: [/*]
23:15:46.395 [main] INFO  o.s.b.w.s.FilterRegistrationBean - [configure,261] - Mapping filter: 'webStatFilter' to urls: [/*]
23:15:46.395 [main] INFO  o.s.b.w.s.FilterRegistrationBean - [configure,248] - Mapping filter: 'jwtAuthenticationTokenFilter' to: [/*]
23:15:46.395 [main] INFO  o.s.b.w.s.ServletRegistrationBean - [addRegistration,186] - Servlet dispatcherServlet mapped to [/]
23:15:46.397 [main] INFO  o.s.b.w.s.ServletRegistrationBean - [addRegistration,186] - Servlet statViewServlet mapped to [/druid/*]
23:15:48.130 [main] INFO  s.d.s.w.PropertySourcedRequestMappingHandlerMapping - [initHandlerMethods,69] - Mapped URL path [/v2/api-docs] onto method [public org.springframework.http.ResponseEntity<springfox.documentation.spring.web.json.Json> springfox.documentation.swagger2.web.Swagger2Controller.getDocumentation(java.lang.String,javax.servlet.http.HttpServletRequest)]
23:15:48.184 [main] INFO  o.s.s.c.ThreadPoolTaskExecutor - [initialize,171] - Initializing ExecutorService 'threadPoolTaskExecutor'
23:15:49.397 [main] INFO  o.f.c.i.l.VersionPrinter - [info,49] - Flyway Community Edition 5.2.1 by Boxfuse
23:15:52.194 [main] INFO  c.a.d.p.DruidDataSource - [init,991] - {dataSource-1} inited
23:15:52.195 [main] INFO  o.f.c.i.d.DatabaseFactory - [info,49] - Database: jdbc:mysql://182.92.7.68:3306/hun (MySQL 5.7)
23:15:53.142 [main] INFO  o.f.c.i.c.DbValidate - [info,49] - Successfully validated 4 migrations (execution time 00:00.520s)
23:15:53.445 [main] INFO  o.f.c.i.c.DbMigrate - [info,49] - Current version of schema `hun`: 1.0.0.1.3
23:15:53.475 [main] INFO  o.f.c.i.c.DbMigrate - [info,49] - Schema `hun` is up to date. No migration necessary.
23:15:53.924 [main] INFO  o.q.i.StdSchedulerFactory - [instantiate,1208] - Using default implementation for ThreadExecutor
23:15:53.943 [main] INFO  o.q.c.SchedulerSignalerImpl - [<init>,61] - Initialized Scheduler Signaller of type: class org.quartz.core.SchedulerSignalerImpl
23:15:53.943 [main] INFO  o.q.c.QuartzScheduler - [<init>,229] - Quartz Scheduler v.2.3.0 created.
23:15:53.944 [main] INFO  o.q.s.RAMJobStore - [initialize,155] - RAMJobStore initialized.
23:15:53.945 [main] INFO  o.q.c.QuartzScheduler - [initialize,294] - Scheduler meta-data: Quartz Scheduler (v2.3.0) 'quartzScheduler' with instanceId 'NON_CLUSTERED'
  Scheduler class: 'org.quartz.core.QuartzScheduler' - running locally.
  NOT STARTED.
  Currently in standby mode.
  Number of jobs executed: 0
  Using thread pool 'org.quartz.simpl.SimpleThreadPool' - with 10 threads.
  Using job-store 'org.quartz.simpl.RAMJobStore' - which does not support persistence. and is not clustered.

23:15:53.945 [main] INFO  o.q.i.StdSchedulerFactory - [instantiate,1362] - Quartz scheduler 'quartzScheduler' initialized from an externally provided properties instance.
23:15:53.945 [main] INFO  o.q.i.StdSchedulerFactory - [instantiate,1366] - Quartz scheduler version: 2.3.0
23:15:53.945 [main] INFO  o.q.c.QuartzScheduler - [setJobFactory,2287] - JobFactory set to: org.springframework.scheduling.quartz.SpringBeanJobFactory@44b5b54
23:15:54.179 [main] INFO  o.s.s.w.DefaultSecurityFilterChain - [<init>,43] - Creating filter chain: any request, [org.springframework.security.web.context.request.async.WebAsyncManagerIntegrationFilter@27d4513e, org.springframework.security.web.context.SecurityContextPersistenceFilter@19bad88, org.springframework.security.web.header.HeaderWriterFilter@6c2d124e, org.springframework.security.web.authentication.logout.LogoutFilter@3aae9e8f, com.qh.venus.achilles.framework.security.filter.JwtAuthenticationTokenFilter@58b3eb1, org.springframework.security.web.savedrequest.RequestCacheAwareFilter@578ac0be, org.springframework.security.web.servletapi.SecurityContextHolderAwareRequestFilter@6c427386, org.springframework.security.web.authentication.AnonymousAuthenticationFilter@367653cc, org.springframework.security.web.session.SessionManagementFilter@51158fb1, org.springframework.security.web.access.ExceptionTranslationFilter@31b6eec8, org.springframework.security.web.access.intercept.FilterSecurityInterceptor@5ff12345]
23:15:54.378 [main] INFO  s.d.s.w.p.DocumentationPluginsBootstrapper - [start,160] - Context refreshed
23:15:54.416 [main] INFO  s.d.s.w.p.DocumentationPluginsBootstrapper - [start,163] - Found 1 custom documentation plugin(s)
23:15:54.464 [main] INFO  s.d.s.w.s.ApiListingReferenceScanner - [scan,41] - Scanning for api listing references
23:15:54.574 [main] INFO  o.s.s.q.SchedulerFactoryBean - [startScheduler,726] - Starting Quartz Scheduler now
23:15:54.574 [main] INFO  o.q.c.QuartzScheduler - [start,547] - Scheduler quartzScheduler_$_NON_CLUSTERED started.
23:15:54.582 [main] INFO  o.a.c.h.Http11NioProtocol - [log,173] - Starting ProtocolHandler ["http-nio-8080"]
23:15:54.606 [main] INFO  o.a.t.u.n.NioSelectorPool - [log,173] - Using a shared selector for servlet write/read
23:15:54.629 [main] INFO  o.s.b.w.e.t.TomcatWebServer - [start,204] - Tomcat started on port(s): 8080 (http) with context path ''
23:15:54.633 [main] INFO  c.q.v.a.RunApplication - [logStarted,59] - Started RunApplication in 13.988 seconds (JVM running for 15.104)
23:16:13.492 [http-nio-8080-exec-1] INFO  o.a.c.c.C.[.[.[/] - [log,173] - Initializing Spring DispatcherServlet 'dispatcherServlet'
23:16:13.493 [http-nio-8080-exec-1] INFO  o.s.w.s.DispatcherServlet - [initServletBean,521] - Initializing Servlet 'dispatcherServlet'
23:16:13.511 [http-nio-8080-exec-1] INFO  o.s.w.s.DispatcherServlet - [initServletBean,543] - Completed initialization in 18 ms
23:16:13.536 [http-nio-8080-exec-1] INFO  c.q.v.a.f.s.f.JwtAuthenticationTokenFilter - [doFilterInternal,43] - url:/code
23:16:16.048 [http-nio-8080-exec-1] INFO  i.l.c.EpollProvider - [info,101] - Starting without optional epoll library
23:16:16.050 [http-nio-8080-exec-1] INFO  i.l.c.KqueueProvider - [info,101] - Starting without optional kqueue library
23:16:16.306 [http-nio-8080-exec-2] INFO  c.q.v.a.f.s.f.JwtAuthenticationTokenFilter - [doFilterInternal,43] - url:/code
23:16:25.671 [http-nio-8080-exec-3] INFO  c.q.v.a.f.s.f.JwtAuthenticationTokenFilter - [doFilterInternal,43] - url:/code
23:16:27.629 [http-nio-8080-exec-4] INFO  c.q.v.a.f.s.f.JwtAuthenticationTokenFilter - [doFilterInternal,43] - url:/auth/login
23:16:28.108 [schedule-pool-1] INFO  sys-user - [run,61] - [192.168.3.12]内网IP[admin][Success][登录成功]
23:16:28.294 [http-nio-8080-exec-5] INFO  c.q.v.a.f.s.f.JwtAuthenticationTokenFilter - [doFilterInternal,43] - url:/system/user/info
23:16:28.601 [http-nio-8080-exec-6] INFO  c.q.v.a.f.s.f.JwtAuthenticationTokenFilter - [doFilterInternal,43] - url:/system/topMenu/list
23:16:28.702 [http-nio-8080-exec-7] INFO  c.q.v.a.f.s.f.JwtAuthenticationTokenFilter - [doFilterInternal,43] - url:/system/menu/user
23:16:36.227 [http-nio-8080-exec-8] INFO  c.q.v.a.f.s.f.JwtAuthenticationTokenFilter - [doFilterInternal,43] - url:/system/user/info
23:16:36.287 [http-nio-8080-exec-9] INFO  c.q.v.a.f.s.f.JwtAuthenticationTokenFilter - [doFilterInternal,43] - url:/system/topMenu/list
23:16:36.349 [http-nio-8080-exec-10] INFO  c.q.v.a.f.s.f.JwtAuthenticationTokenFilter - [doFilterInternal,43] - url:/system/menu/user
23:16:37.254 [http-nio-8080-exec-13] INFO  c.q.v.a.f.s.f.JwtAuthenticationTokenFilter - [doFilterInternal,43] - url:/system/dept/list/enable
23:16:37.254 [http-nio-8080-exec-11] INFO  c.q.v.a.f.s.f.JwtAuthenticationTokenFilter - [doFilterInternal,43] - url:/openfile/2020/11/12/ecc3086d41d67feeafb42fd8b6a8be5c.png
23:16:37.254 [http-nio-8080-exec-12] INFO  c.q.v.a.f.s.f.JwtAuthenticationTokenFilter - [doFilterInternal,43] - url:/openfile/2020/11/12/4b2967a3cdc6946d052a927366defbb3.png
23:16:37.263 [http-nio-8080-exec-14] INFO  c.q.v.a.f.s.f.JwtAuthenticationTokenFilter - [doFilterInternal,43] - url:/system/user/list
23:16:37.263 [http-nio-8080-exec-15] INFO  c.q.v.a.f.s.f.JwtAuthenticationTokenFilter - [doFilterInternal,43] - url:/system/role/all
23:16:40.333 [http-nio-8080-exec-18] INFO  c.q.v.a.f.s.f.JwtAuthenticationTokenFilter - [doFilterInternal,43] - url:/pts/member/hunMember/list
23:16:40.333 [http-nio-8080-exec-19] INFO  c.q.v.a.f.s.f.JwtAuthenticationTokenFilter - [doFilterInternal,43] - url:/system/dict/data/type
23:16:40.333 [http-nio-8080-exec-17] INFO  c.q.v.a.f.s.f.JwtAuthenticationTokenFilter - [doFilterInternal,43] - url:/system/dict/data/type
23:16:40.333 [http-nio-8080-exec-16] INFO  c.q.v.a.f.s.f.JwtAuthenticationTokenFilter - [doFilterInternal,43] - url:/system/dict/data/type
23:16:40.403 [http-nio-8080-exec-20] INFO  c.q.v.a.f.s.f.JwtAuthenticationTokenFilter - [doFilterInternal,43] - url:/system/dict/data/type
23:16:40.408 [http-nio-8080-exec-21] INFO  c.q.v.a.f.s.f.JwtAuthenticationTokenFilter - [doFilterInternal,43] - url:/system/dict/data/type
23:16:40.408 [http-nio-8080-exec-22] INFO  c.q.v.a.f.s.f.JwtAuthenticationTokenFilter - [doFilterInternal,43] - url:/system/dict/data/type
23:16:40.491 [threadPoolTaskExecutor-1] INFO  c.q.v.a.f.l.l.LogListener - [listenOperLog,39] - 远程操作日志记录成功：SysOperLog(operId=null, title=删除会员管理, businessType=10, method=com.qh.venus.achilles.pts.member.controller.HunMemberController.list(), requestMethod=GET, operatorType=1, operName=admin, deptName=null, operUrl=/pts/member/hunMember/list, operIp=192.168.3.12, operLocation=内网IP, operParam=[
	{
		"params":{}
	}
], status=0, errorMsg=null, operTime=null)
23:16:43.309 [http-nio-8080-exec-26] INFO  c.q.v.a.f.s.f.JwtAuthenticationTokenFilter - [doFilterInternal,43] - url:/system/dict/data/type
23:16:43.309 [http-nio-8080-exec-23] INFO  c.q.v.a.f.s.f.JwtAuthenticationTokenFilter - [doFilterInternal,43] - url:/system/dict/data/type
23:16:43.309 [http-nio-8080-exec-27] INFO  c.q.v.a.f.s.f.JwtAuthenticationTokenFilter - [doFilterInternal,43] - url:/system/dict/data/type
23:16:43.309 [http-nio-8080-exec-24] INFO  c.q.v.a.f.s.f.JwtAuthenticationTokenFilter - [doFilterInternal,43] - url:/system/dict/data/type
23:16:43.309 [http-nio-8080-exec-25] INFO  c.q.v.a.f.s.f.JwtAuthenticationTokenFilter - [doFilterInternal,43] - url:/system/dict/data/type
23:16:43.310 [http-nio-8080-exec-28] INFO  c.q.v.a.f.s.f.JwtAuthenticationTokenFilter - [doFilterInternal,43] - url:/system/dict/data/type
23:16:43.397 [http-nio-8080-exec-30] INFO  c.q.v.a.f.s.f.JwtAuthenticationTokenFilter - [doFilterInternal,43] - url:/system/dict/data/type
23:16:43.398 [http-nio-8080-exec-29] INFO  c.q.v.a.f.s.f.JwtAuthenticationTokenFilter - [doFilterInternal,43] - url:/pts/custom/custom/list
23:16:43.399 [http-nio-8080-exec-1] INFO  c.q.v.a.f.s.f.JwtAuthenticationTokenFilter - [doFilterInternal,43] - url:/system/dict/data/type
23:16:43.405 [http-nio-8080-exec-2] INFO  c.q.v.a.f.s.f.JwtAuthenticationTokenFilter - [doFilterInternal,43] - url:/system/dict/data/type
23:16:43.405 [http-nio-8080-exec-4] INFO  c.q.v.a.f.s.f.JwtAuthenticationTokenFilter - [doFilterInternal,43] - url:/system/dict/data/type
23:16:43.405 [http-nio-8080-exec-3] INFO  c.q.v.a.f.s.f.JwtAuthenticationTokenFilter - [doFilterInternal,43] - url:/system/dict/data/type
23:16:43.455 [http-nio-8080-exec-5] INFO  c.q.v.a.f.s.f.JwtAuthenticationTokenFilter - [doFilterInternal,43] - url:/system/dict/data/type
23:16:43.455 [http-nio-8080-exec-6] INFO  c.q.v.a.f.s.f.JwtAuthenticationTokenFilter - [doFilterInternal,43] - url:/system/dict/data/type
23:16:43.645 [threadPoolTaskExecutor-2] INFO  c.q.v.a.f.l.l.LogListener - [listenOperLog,39] - 远程操作日志记录成功：SysOperLog(operId=null, title=删除客户管理, businessType=10, method=com.qh.venus.achilles.pts.custom.controller.HunCustomController.list(), requestMethod=GET, operatorType=1, operName=admin, deptName=null, operUrl=/pts/custom/custom/list, operIp=192.168.3.12, operLocation=内网IP, operParam=[
	{
		"matchFail":0,
		"matchSuccess":0,
		"matching":0,
		"params":{},
		"totalMatch":0
	}
], status=0, errorMsg=null, operTime=null)
23:17:07.774 [http-nio-8080-exec-7] INFO  c.q.v.a.f.s.f.JwtAuthenticationTokenFilter - [doFilterInternal,43] - url:/pts/custom/custom/remove
23:17:07.929 [http-nio-8080-exec-8] INFO  c.q.v.a.f.s.f.JwtAuthenticationTokenFilter - [doFilterInternal,43] - url:/pts/custom/custom/list
23:17:07.931 [threadPoolTaskExecutor-3] INFO  c.q.v.a.f.l.l.LogListener - [listenOperLog,39] - 远程操作日志记录成功：SysOperLog(operId=null, title=删除客户管理, businessType=3, method=com.qh.venus.achilles.pts.custom.controller.HunCustomController.remove(), requestMethod=POST, operatorType=1, operName=admin, deptName=null, operUrl=/pts/custom/custom/remove, operIp=192.168.3.12, operLocation=内网IP, operParam=[
	"1,2"
], status=0, errorMsg=null, operTime=null)
23:17:08.043 [threadPoolTaskExecutor-4] INFO  c.q.v.a.f.l.l.LogListener - [listenOperLog,39] - 远程操作日志记录成功：SysOperLog(operId=null, title=删除客户管理, businessType=10, method=com.qh.venus.achilles.pts.custom.controller.HunCustomController.list(), requestMethod=GET, operatorType=1, operName=admin, deptName=null, operUrl=/pts/custom/custom/list, operIp=192.168.3.12, operLocation=内网IP, operParam=[
	{
		"matchFail":0,
		"matchSuccess":0,
		"matching":0,
		"params":{},
		"totalMatch":0
	}
], status=0, errorMsg=null, operTime=null)
23:17:09.617 [http-nio-8080-exec-10] INFO  c.q.v.a.f.s.f.JwtAuthenticationTokenFilter - [doFilterInternal,43] - url:/system/dict/data/type
23:17:09.618 [http-nio-8080-exec-9] INFO  c.q.v.a.f.s.f.JwtAuthenticationTokenFilter - [doFilterInternal,43] - url:/pts/dating/hunDating/list
23:17:09.736 [threadPoolTaskExecutor-5] INFO  c.q.v.a.f.l.l.LogListener - [listenOperLog,39] - 远程操作日志记录成功：SysOperLog(operId=null, title=删除相亲, businessType=10, method=com.qh.venus.achilles.pts.dating.controller.HunDatingController.list(), requestMethod=GET, operatorType=1, operName=admin, deptName=null, operUrl=/pts/dating/hunDating/list, operIp=192.168.3.12, operLocation=内网IP, operParam=[
	{
		"params":{}
	}
], status=0, errorMsg=null, operTime=null)
23:17:10.641 [http-nio-8080-exec-11] INFO  c.q.v.a.f.s.f.JwtAuthenticationTokenFilter - [doFilterInternal,43] - url:/system/dict/data/type
23:17:10.641 [http-nio-8080-exec-12] INFO  c.q.v.a.f.s.f.JwtAuthenticationTokenFilter - [doFilterInternal,43] - url:/system/dict/data/type
23:17:10.641 [http-nio-8080-exec-13] INFO  c.q.v.a.f.s.f.JwtAuthenticationTokenFilter - [doFilterInternal,43] - url:/pts/match/hunMatch/list
23:17:10.702 [http-nio-8080-exec-15] INFO  c.q.v.a.f.s.f.JwtAuthenticationTokenFilter - [doFilterInternal,43] - url:/system/dict/data/type
23:17:10.702 [http-nio-8080-exec-14] INFO  c.q.v.a.f.s.f.JwtAuthenticationTokenFilter - [doFilterInternal,43] - url:/system/dict/data/type
23:17:10.846 [threadPoolTaskExecutor-6] INFO  c.q.v.a.f.l.l.LogListener - [listenOperLog,39] - 远程操作日志记录成功：SysOperLog(operId=null, title=删除配对, businessType=10, method=com.qh.venus.achilles.pts.match.controller.HunMatchController.list(), requestMethod=GET, operatorType=1, operName=admin, deptName=null, operUrl=/pts/match/hunMatch/list, operIp=192.168.3.12, operLocation=内网IP, operParam=[
	{
		"params":{}
	}
], status=1, errorMsg=, operTime=null)
23:17:12.688 [http-nio-8080-exec-19] INFO  c.q.v.a.f.s.f.JwtAuthenticationTokenFilter - [doFilterInternal,43] - url:/system/dict/data/type
23:17:12.688 [http-nio-8080-exec-16] INFO  c.q.v.a.f.s.f.JwtAuthenticationTokenFilter - [doFilterInternal,43] - url:/system/dict/data/type
23:17:12.688 [http-nio-8080-exec-17] INFO  c.q.v.a.f.s.f.JwtAuthenticationTokenFilter - [doFilterInternal,43] - url:/pts/relation/hunAgent/list
23:17:12.741 [http-nio-8080-exec-18] INFO  c.q.v.a.f.s.f.JwtAuthenticationTokenFilter - [doFilterInternal,43] - url:/system/dict/data/type
23:17:12.741 [http-nio-8080-exec-20] INFO  c.q.v.a.f.s.f.JwtAuthenticationTokenFilter - [doFilterInternal,43] - url:/system/dict/data/type
23:17:12.834 [threadPoolTaskExecutor-7] INFO  c.q.v.a.f.l.l.LogListener - [listenOperLog,39] - 远程操作日志记录成功：SysOperLog(operId=null, title=删除代理人, businessType=10, method=com.qh.venus.achilles.pts.relation.controller.HunAgentController.list(), requestMethod=GET, operatorType=1, operName=admin, deptName=null, operUrl=/pts/relation/hunAgent/list, operIp=192.168.3.12, operLocation=内网IP, operParam=[
	{
		"params":{}
	}
], status=0, errorMsg=null, operTime=null)
23:17:18.115 [http-nio-8080-exec-21] INFO  c.q.v.a.f.s.f.JwtAuthenticationTokenFilter - [doFilterInternal,43] - url:/pts/relation/hunAgent/remove
23:17:18.251 [http-nio-8080-exec-22] INFO  c.q.v.a.f.s.f.JwtAuthenticationTokenFilter - [doFilterInternal,43] - url:/pts/relation/hunAgent/list
23:17:18.252 [threadPoolTaskExecutor-8] INFO  c.q.v.a.f.l.l.LogListener - [listenOperLog,39] - 远程操作日志记录成功：SysOperLog(operId=null, title=删除代理人, businessType=3, method=com.qh.venus.achilles.pts.relation.controller.HunAgentController.remove(), requestMethod=POST, operatorType=1, operName=admin, deptName=null, operUrl=/pts/relation/hunAgent/remove, operIp=192.168.3.12, operLocation=内网IP, operParam=[
	"1"
], status=0, errorMsg=null, operTime=null)
23:17:18.355 [threadPoolTaskExecutor-9] INFO  c.q.v.a.f.l.l.LogListener - [listenOperLog,39] - 远程操作日志记录成功：SysOperLog(operId=null, title=删除代理人, businessType=10, method=com.qh.venus.achilles.pts.relation.controller.HunAgentController.list(), requestMethod=GET, operatorType=1, operName=admin, deptName=null, operUrl=/pts/relation/hunAgent/list, operIp=192.168.3.12, operLocation=内网IP, operParam=[
	{
		"params":{}
	}
], status=0, errorMsg=null, operTime=null)
23:17:20.375 [http-nio-8080-exec-26] INFO  c.q.v.a.f.s.f.JwtAuthenticationTokenFilter - [doFilterInternal,43] - url:/pts/matchmaker/hunMatchmaker/list
23:17:20.375 [http-nio-8080-exec-25] INFO  c.q.v.a.f.s.f.JwtAuthenticationTokenFilter - [doFilterInternal,43] - url:/system/dict/data/type
23:17:20.375 [http-nio-8080-exec-24] INFO  c.q.v.a.f.s.f.JwtAuthenticationTokenFilter - [doFilterInternal,43] - url:/system/dict/data/type
23:17:20.375 [http-nio-8080-exec-23] INFO  c.q.v.a.f.s.f.JwtAuthenticationTokenFilter - [doFilterInternal,43] - url:/system/dict/data/type
23:17:20.375 [http-nio-8080-exec-27] INFO  c.q.v.a.f.s.f.JwtAuthenticationTokenFilter - [doFilterInternal,43] - url:/system/dict/data/type
23:17:20.375 [http-nio-8080-exec-28] INFO  c.q.v.a.f.s.f.JwtAuthenticationTokenFilter - [doFilterInternal,43] - url:/system/dict/data/type
23:17:20.436 [http-nio-8080-exec-30] INFO  c.q.v.a.f.s.f.JwtAuthenticationTokenFilter - [doFilterInternal,43] - url:/system/dict/data/type
23:17:20.436 [http-nio-8080-exec-1] INFO  c.q.v.a.f.s.f.JwtAuthenticationTokenFilter - [doFilterInternal,43] - url:/system/dict/data/type
23:17:20.438 [http-nio-8080-exec-2] INFO  c.q.v.a.f.s.f.JwtAuthenticationTokenFilter - [doFilterInternal,43] - url:/system/dict/data/type
23:17:20.438 [http-nio-8080-exec-4] INFO  c.q.v.a.f.s.f.JwtAuthenticationTokenFilter - [doFilterInternal,43] - url:/system/dict/data/type
23:17:20.438 [http-nio-8080-exec-3] INFO  c.q.v.a.f.s.f.JwtAuthenticationTokenFilter - [doFilterInternal,43] - url:/system/dict/data/type
23:17:20.531 [threadPoolTaskExecutor-10] INFO  c.q.v.a.f.l.l.LogListener - [listenOperLog,39] - 远程操作日志记录成功：SysOperLog(operId=null, title=删除红娘管理, businessType=10, method=com.qh.venus.achilles.pts.matchmaker.controller.HunMatchmakerController.list(), requestMethod=GET, operatorType=1, operName=admin, deptName=null, operUrl=/pts/matchmaker/hunMatchmaker/list, operIp=192.168.3.12, operLocation=内网IP, operParam=[
	{
		"params":{}
	}
], status=0, errorMsg=null, operTime=null)
23:17:31.018 [http-nio-8080-exec-6] INFO  c.q.v.a.f.s.f.JwtAuthenticationTokenFilter - [doFilterInternal,43] - url:/pts/matchmaker/hunMatchmaker/remove
23:17:31.152 [http-nio-8080-exec-5] INFO  c.q.v.a.f.s.f.JwtAuthenticationTokenFilter - [doFilterInternal,43] - url:/pts/matchmaker/hunMatchmaker/list
23:17:31.163 [threadPoolTaskExecutor-11] INFO  c.q.v.a.f.l.l.LogListener - [listenOperLog,39] - 远程操作日志记录成功：SysOperLog(operId=null, title=删除红娘管理, businessType=3, method=com.qh.venus.achilles.pts.matchmaker.controller.HunMatchmakerController.remove(), requestMethod=POST, operatorType=1, operName=admin, deptName=null, operUrl=/pts/matchmaker/hunMatchmaker/remove, operIp=192.168.3.12, operLocation=内网IP, operParam=[
	"1"
], status=0, errorMsg=null, operTime=null)
23:17:31.267 [threadPoolTaskExecutor-12] INFO  c.q.v.a.f.l.l.LogListener - [listenOperLog,39] - 远程操作日志记录成功：SysOperLog(operId=null, title=删除红娘管理, businessType=10, method=com.qh.venus.achilles.pts.matchmaker.controller.HunMatchmakerController.list(), requestMethod=GET, operatorType=1, operName=admin, deptName=null, operUrl=/pts/matchmaker/hunMatchmaker/list, operIp=192.168.3.12, operLocation=内网IP, operParam=[
	{
		"params":{}
	}
], status=0, errorMsg=null, operTime=null)
23:18:02.193 [http-nio-8080-exec-29] INFO  c.q.v.a.f.s.f.JwtAuthenticationTokenFilter - [doFilterInternal,43] - url:/system/user/info
23:18:02.285 [http-nio-8080-exec-7] INFO  c.q.v.a.f.s.f.JwtAuthenticationTokenFilter - [doFilterInternal,43] - url:/system/topMenu/list
23:18:02.339 [http-nio-8080-exec-8] INFO  c.q.v.a.f.s.f.JwtAuthenticationTokenFilter - [doFilterInternal,43] - url:/system/menu/user
23:18:05.625 [http-nio-8080-exec-10] INFO  c.q.v.a.f.s.f.JwtAuthenticationTokenFilter - [doFilterInternal,43] - url:/system/user/info
23:18:05.689 [http-nio-8080-exec-9] INFO  c.q.v.a.f.s.f.JwtAuthenticationTokenFilter - [doFilterInternal,43] - url:/system/topMenu/list
23:18:05.748 [http-nio-8080-exec-11] INFO  c.q.v.a.f.s.f.JwtAuthenticationTokenFilter - [doFilterInternal,43] - url:/system/menu/user
23:18:06.448 [http-nio-8080-exec-15] INFO  c.q.v.a.f.s.f.JwtAuthenticationTokenFilter - [doFilterInternal,43] - url:/system/dept/list/enable
23:18:06.448 [http-nio-8080-exec-12] INFO  c.q.v.a.f.s.f.JwtAuthenticationTokenFilter - [doFilterInternal,43] - url:/openfile/2020/11/12/ecc3086d41d67feeafb42fd8b6a8be5c.png
23:18:06.448 [http-nio-8080-exec-14] INFO  c.q.v.a.f.s.f.JwtAuthenticationTokenFilter - [doFilterInternal,43] - url:/openfile/2020/11/12/4b2967a3cdc6946d052a927366defbb3.png
23:18:06.452 [http-nio-8080-exec-19] INFO  c.q.v.a.f.s.f.JwtAuthenticationTokenFilter - [doFilterInternal,43] - url:/system/role/all
23:18:06.452 [http-nio-8080-exec-13] INFO  c.q.v.a.f.s.f.JwtAuthenticationTokenFilter - [doFilterInternal,43] - url:/system/user/list
23:18:26.425 [http-nio-8080-exec-16] INFO  c.q.v.a.f.s.f.JwtAuthenticationTokenFilter - [doFilterInternal,43] - url:/system/user/info
23:18:26.493 [http-nio-8080-exec-17] INFO  c.q.v.a.f.s.f.JwtAuthenticationTokenFilter - [doFilterInternal,43] - url:/system/topMenu/list
23:18:26.554 [http-nio-8080-exec-18] INFO  c.q.v.a.f.s.f.JwtAuthenticationTokenFilter - [doFilterInternal,43] - url:/system/menu/user
23:18:40.544 [http-nio-8080-exec-20] INFO  c.q.v.a.f.s.f.JwtAuthenticationTokenFilter - [doFilterInternal,43] - url:/system/user/info
23:18:40.609 [http-nio-8080-exec-21] INFO  c.q.v.a.f.s.f.JwtAuthenticationTokenFilter - [doFilterInternal,43] - url:/system/topMenu/list
23:18:40.671 [http-nio-8080-exec-22] INFO  c.q.v.a.f.s.f.JwtAuthenticationTokenFilter - [doFilterInternal,43] - url:/system/menu/user
23:18:41.173 [http-nio-8080-exec-25] INFO  c.q.v.a.f.s.f.JwtAuthenticationTokenFilter - [doFilterInternal,43] - url:/openfile/2020/11/12/4b2967a3cdc6946d052a927366defbb3.png
23:18:41.173 [http-nio-8080-exec-24] INFO  c.q.v.a.f.s.f.JwtAuthenticationTokenFilter - [doFilterInternal,43] - url:/openfile/2020/11/12/ecc3086d41d67feeafb42fd8b6a8be5c.png
23:18:41.220 [http-nio-8080-exec-23] INFO  c.q.v.a.f.s.f.JwtAuthenticationTokenFilter - [doFilterInternal,43] - url:/system/dept/list/enable
23:18:41.227 [http-nio-8080-exec-27] INFO  c.q.v.a.f.s.f.JwtAuthenticationTokenFilter - [doFilterInternal,43] - url:/system/role/all
23:18:41.227 [http-nio-8080-exec-28] INFO  c.q.v.a.f.s.f.JwtAuthenticationTokenFilter - [doFilterInternal,43] - url:/system/user/list
23:18:48.074 [http-nio-8080-exec-1] INFO  c.q.v.a.f.s.f.JwtAuthenticationTokenFilter - [doFilterInternal,43] - url:/system/dict/data/type
23:18:48.074 [http-nio-8080-exec-26] INFO  c.q.v.a.f.s.f.JwtAuthenticationTokenFilter - [doFilterInternal,43] - url:/system/dict/data/type
23:18:48.080 [http-nio-8080-exec-3] INFO  c.q.v.a.f.s.f.JwtAuthenticationTokenFilter - [doFilterInternal,43] - url:/system/dict/data/type
23:18:48.080 [http-nio-8080-exec-4] INFO  c.q.v.a.f.s.f.JwtAuthenticationTokenFilter - [doFilterInternal,43] - url:/pts/member/hunMember/list
23:18:48.129 [http-nio-8080-exec-2] INFO  c.q.v.a.f.s.f.JwtAuthenticationTokenFilter - [doFilterInternal,43] - url:/system/dict/data/type
23:18:48.131 [http-nio-8080-exec-30] INFO  c.q.v.a.f.s.f.JwtAuthenticationTokenFilter - [doFilterInternal,43] - url:/system/dict/data/type
23:18:48.137 [http-nio-8080-exec-6] INFO  c.q.v.a.f.s.f.JwtAuthenticationTokenFilter - [doFilterInternal,43] - url:/system/dict/data/type
23:18:48.228 [threadPoolTaskExecutor-13] INFO  c.q.v.a.f.l.l.LogListener - [listenOperLog,39] - 远程操作日志记录成功：SysOperLog(operId=null, title=删除会员管理, businessType=10, method=com.qh.venus.achilles.pts.member.controller.HunMemberController.list(), requestMethod=GET, operatorType=1, operName=admin, deptName=null, operUrl=/pts/member/hunMember/list, operIp=192.168.3.12, operLocation=内网IP, operParam=[
	{
		"params":{}
	}
], status=0, errorMsg=null, operTime=null)
23:18:51.407 [http-nio-8080-exec-5] INFO  c.q.v.a.f.s.f.JwtAuthenticationTokenFilter - [doFilterInternal,43] - url:/system/dict/data/type
23:18:51.415 [http-nio-8080-exec-29] INFO  c.q.v.a.f.s.f.JwtAuthenticationTokenFilter - [doFilterInternal,43] - url:/system/dict/data/type
23:18:51.415 [http-nio-8080-exec-7] INFO  c.q.v.a.f.s.f.JwtAuthenticationTokenFilter - [doFilterInternal,43] - url:/system/dict/data/type
23:18:51.415 [http-nio-8080-exec-8] INFO  c.q.v.a.f.s.f.JwtAuthenticationTokenFilter - [doFilterInternal,43] - url:/system/dict/data/type
23:18:51.416 [http-nio-8080-exec-10] INFO  c.q.v.a.f.s.f.JwtAuthenticationTokenFilter - [doFilterInternal,43] - url:/system/dict/data/type
23:18:51.416 [http-nio-8080-exec-9] INFO  c.q.v.a.f.s.f.JwtAuthenticationTokenFilter - [doFilterInternal,43] - url:/system/dict/data/type
23:18:51.466 [http-nio-8080-exec-11] INFO  c.q.v.a.f.s.f.JwtAuthenticationTokenFilter - [doFilterInternal,43] - url:/pts/custom/custom/list
23:18:51.472 [http-nio-8080-exec-14] INFO  c.q.v.a.f.s.f.JwtAuthenticationTokenFilter - [doFilterInternal,43] - url:/system/dict/data/type
23:18:51.472 [http-nio-8080-exec-12] INFO  c.q.v.a.f.s.f.JwtAuthenticationTokenFilter - [doFilterInternal,43] - url:/system/dict/data/type
23:18:51.477 [http-nio-8080-exec-15] INFO  c.q.v.a.f.s.f.JwtAuthenticationTokenFilter - [doFilterInternal,43] - url:/system/dict/data/type
23:18:51.508 [http-nio-8080-exec-13] INFO  c.q.v.a.f.s.f.JwtAuthenticationTokenFilter - [doFilterInternal,43] - url:/system/dict/data/type
23:18:51.508 [http-nio-8080-exec-19] INFO  c.q.v.a.f.s.f.JwtAuthenticationTokenFilter - [doFilterInternal,43] - url:/system/dict/data/type
23:18:51.531 [http-nio-8080-exec-16] INFO  c.q.v.a.f.s.f.JwtAuthenticationTokenFilter - [doFilterInternal,43] - url:/system/dict/data/type
23:18:51.531 [http-nio-8080-exec-17] INFO  c.q.v.a.f.s.f.JwtAuthenticationTokenFilter - [doFilterInternal,43] - url:/system/dict/data/type
23:18:51.581 [threadPoolTaskExecutor-14] INFO  c.q.v.a.f.l.l.LogListener - [listenOperLog,39] - 远程操作日志记录成功：SysOperLog(operId=null, title=删除客户管理, businessType=10, method=com.qh.venus.achilles.pts.custom.controller.HunCustomController.list(), requestMethod=GET, operatorType=1, operName=admin, deptName=null, operUrl=/pts/custom/custom/list, operIp=192.168.3.12, operLocation=内网IP, operParam=[
	{
		"matchFail":0,
		"matchSuccess":0,
		"matching":0,
		"params":{},
		"totalMatch":0
	}
], status=0, errorMsg=null, operTime=null)
23:18:52.945 [http-nio-8080-exec-18] INFO  c.q.v.a.f.s.f.JwtAuthenticationTokenFilter - [doFilterInternal,43] - url:/system/dict/data/type
23:18:52.947 [http-nio-8080-exec-20] INFO  c.q.v.a.f.s.f.JwtAuthenticationTokenFilter - [doFilterInternal,43] - url:/system/dict/data/type
23:20:06.367 [http-nio-8080-exec-25] INFO  c.q.v.a.f.s.f.JwtAuthenticationTokenFilter - [doFilterInternal,43] - url:/system/dict/data/type
23:20:06.367 [http-nio-8080-exec-22] INFO  c.q.v.a.f.s.f.JwtAuthenticationTokenFilter - [doFilterInternal,43] - url:/system/dict/data/type
23:20:06.367 [http-nio-8080-exec-21] INFO  c.q.v.a.f.s.f.JwtAuthenticationTokenFilter - [doFilterInternal,43] - url:/pts/relation/hunAgent/list
23:20:06.513 [threadPoolTaskExecutor-15] INFO  c.q.v.a.f.l.l.LogListener - [listenOperLog,39] - 远程操作日志记录成功：SysOperLog(operId=null, title=删除代理人, businessType=10, method=com.qh.venus.achilles.pts.relation.controller.HunAgentController.list(), requestMethod=GET, operatorType=1, operName=admin, deptName=null, operUrl=/pts/relation/hunAgent/list, operIp=192.168.3.12, operLocation=内网IP, operParam=[
	{
		"params":{}
	}
], status=0, errorMsg=null, operTime=null)
23:20:46.096 [http-nio-8080-exec-24] INFO  c.q.v.a.f.s.f.JwtAuthenticationTokenFilter - [doFilterInternal,43] - url:/pts/relation/hunAgent/save
23:20:46.259 [threadPoolTaskExecutor-16] INFO  c.q.v.a.f.l.l.LogListener - [listenOperLog,39] - 远程操作日志记录成功：SysOperLog(operId=null, title=删除代理人, businessType=1, method=com.qh.venus.achilles.pts.relation.controller.HunAgentController.addSave(), requestMethod=POST, operatorType=1, operName=admin, deptName=null, operUrl=/pts/relation/hunAgent/save, operIp=192.168.3.12, operLocation=内网IP, operParam=[
	{
		"createBy":"admin",
		"createTime":1607181646115,
		"id":2,
		"name":"姚紫薇",
		"params":{},
		"phone":"13260398104",
		"relation":"1",
		"status":"0"
	}
], status=0, errorMsg=null, operTime=null)
23:20:46.265 [http-nio-8080-exec-23] INFO  c.q.v.a.f.s.f.JwtAuthenticationTokenFilter - [doFilterInternal,43] - url:/pts/relation/hunAgent/list
23:20:46.407 [threadPoolTaskExecutor-17] INFO  c.q.v.a.f.l.l.LogListener - [listenOperLog,39] - 远程操作日志记录成功：SysOperLog(operId=null, title=删除代理人, businessType=10, method=com.qh.venus.achilles.pts.relation.controller.HunAgentController.list(), requestMethod=GET, operatorType=1, operName=admin, deptName=null, operUrl=/pts/relation/hunAgent/list, operIp=192.168.3.12, operLocation=内网IP, operParam=[
	{
		"params":{}
	}
], status=0, errorMsg=null, operTime=null)
23:22:30.076 [http-nio-8080-exec-27] INFO  c.q.v.a.f.s.f.JwtAuthenticationTokenFilter - [doFilterInternal,43] - url:/pts/sys/TSysFile/upload
23:22:50.107 [http-nio-8080-exec-28] INFO  c.q.v.a.f.s.f.JwtAuthenticationTokenFilter - [doFilterInternal,43] - url:/pts/custom/custom/save
23:22:50.257 [threadPoolTaskExecutor-18] INFO  c.q.v.a.f.l.l.LogListener - [listenOperLog,39] - 远程操作日志记录成功：SysOperLog(operId=null, title=删除客户管理, businessType=1, method=com.qh.venus.achilles.pts.custom.controller.HunCustomController.addSave(), requestMethod=POST, operatorType=1, operName=admin, deptName=null, operUrl=/pts/custom/custom/save, operIp=192.168.3.12, operLocation=内网IP, operParam=[
	{
		"agent":"2",
		"birthday":806688000000,
		"car":"2",
		"createTime":1607181770117,
		"education":"5",
		"graduationCollage":"咸阳师范大学",
		"height":"158",
		"homeAddr":"哑柏镇哑兴村",
		"house":"2",
		"id":3,
		"job":"幼师",
		"maritalStatus":"1",
		"matchFail":0,
		"matchSuccess":0,
		"matching":0,
		"name":"姚紫茹",
		"nation":"汉",
		"nativePlace":"陕西西安",
		"params":{},
		"phone":"15802924387",
		"physicalCondition":"健康",
		"pic":"",
		"remark":"",
		"salary":"4",
		"sex":"2",
		"status":"1",
		"totalMatch":0,
		"weight":"50"
	}
], status=0, errorMsg=null, operTime=null)
23:22:50.350 [http-nio-8080-exec-26] INFO  c.q.v.a.f.s.f.JwtAuthenticationTokenFilter - [doFilterInternal,43] - url:/pts/custom/custom/list
23:22:50.533 [threadPoolTaskExecutor-19] INFO  c.q.v.a.f.l.l.LogListener - [listenOperLog,39] - 远程操作日志记录成功：SysOperLog(operId=null, title=删除客户管理, businessType=10, method=com.qh.venus.achilles.pts.custom.controller.HunCustomController.list(), requestMethod=GET, operatorType=1, operName=admin, deptName=null, operUrl=/pts/custom/custom/list, operIp=192.168.3.12, operLocation=内网IP, operParam=[
	{
		"matchFail":0,
		"matchSuccess":0,
		"matching":0,
		"params":{},
		"totalMatch":0
	}
], status=0, errorMsg=null, operTime=null)
23:22:57.860 [http-nio-8080-exec-1] INFO  c.q.v.a.f.s.f.JwtAuthenticationTokenFilter - [doFilterInternal,43] - url:/system/dict/data/type
23:22:57.867 [http-nio-8080-exec-3] INFO  c.q.v.a.f.s.f.JwtAuthenticationTokenFilter - [doFilterInternal,43] - url:/system/dict/data/type
23:22:57.870 [http-nio-8080-exec-2] INFO  c.q.v.a.f.s.f.JwtAuthenticationTokenFilter - [doFilterInternal,43] - url:/system/dict/data/type
23:22:57.870 [http-nio-8080-exec-4] INFO  c.q.v.a.f.s.f.JwtAuthenticationTokenFilter - [doFilterInternal,43] - url:/system/dict/data/type
23:22:57.878 [http-nio-8080-exec-30] INFO  c.q.v.a.f.s.f.JwtAuthenticationTokenFilter - [doFilterInternal,43] - url:/system/dict/data/type
23:22:57.879 [http-nio-8080-exec-6] INFO  c.q.v.a.f.s.f.JwtAuthenticationTokenFilter - [doFilterInternal,43] - url:/system/dict/data/type
23:22:57.910 [http-nio-8080-exec-5] INFO  c.q.v.a.f.s.f.JwtAuthenticationTokenFilter - [doFilterInternal,43] - url:/system/dict/data/type
23:22:57.968 [http-nio-8080-exec-8] INFO  c.q.v.a.f.s.f.JwtAuthenticationTokenFilter - [doFilterInternal,43] - url:/system/dict/data/type
23:22:57.970 [http-nio-8080-exec-7] INFO  c.q.v.a.f.s.f.JwtAuthenticationTokenFilter - [doFilterInternal,43] - url:/system/dict/data/type
23:22:57.971 [http-nio-8080-exec-10] INFO  c.q.v.a.f.s.f.JwtAuthenticationTokenFilter - [doFilterInternal,43] - url:/pts/custom/custom/get/3
23:22:57.972 [http-nio-8080-exec-29] INFO  c.q.v.a.f.s.f.JwtAuthenticationTokenFilter - [doFilterInternal,43] - url:/system/dict/data/type
23:22:57.979 [http-nio-8080-exec-9] INFO  c.q.v.a.f.s.f.JwtAuthenticationTokenFilter - [doFilterInternal,43] - url:/system/dict/data/type
23:22:57.979 [http-nio-8080-exec-12] INFO  c.q.v.a.f.s.f.JwtAuthenticationTokenFilter - [doFilterInternal,43] - url:/system/dict/data/type
23:22:58.034 [http-nio-8080-exec-15] INFO  c.q.v.a.f.s.f.JwtAuthenticationTokenFilter - [doFilterInternal,43] - url:/system/dict/data/type
23:22:58.034 [http-nio-8080-exec-11] INFO  c.q.v.a.f.s.f.JwtAuthenticationTokenFilter - [doFilterInternal,43] - url:/system/dict/data/type
23:22:58.034 [http-nio-8080-exec-14] INFO  c.q.v.a.f.s.f.JwtAuthenticationTokenFilter - [doFilterInternal,43] - url:/system/dict/data/type
23:22:58.036 [http-nio-8080-exec-13] INFO  c.q.v.a.f.s.f.JwtAuthenticationTokenFilter - [doFilterInternal,43] - url:/system/dict/data/type
23:22:58.036 [http-nio-8080-exec-19] INFO  c.q.v.a.f.s.f.JwtAuthenticationTokenFilter - [doFilterInternal,43] - url:/system/dict/data/type
23:22:58.065 [http-nio-8080-exec-17] INFO  c.q.v.a.f.s.f.JwtAuthenticationTokenFilter - [doFilterInternal,43] - url:/system/dict/data/type
23:22:58.092 [http-nio-8080-exec-16] INFO  c.q.v.a.f.s.f.JwtAuthenticationTokenFilter - [doFilterInternal,43] - url:/system/dict/data/type
23:22:58.113 [http-nio-8080-exec-20] INFO  c.q.v.a.f.s.f.JwtAuthenticationTokenFilter - [doFilterInternal,43] - url:/system/dict/data/type
23:23:06.591 [http-nio-8080-exec-18] INFO  c.q.v.a.f.s.f.JwtAuthenticationTokenFilter - [doFilterInternal,43] - url:/pts/custom/custom/get/3
23:23:36.538 [http-nio-8080-exec-22] INFO  c.q.v.a.f.s.f.JwtAuthenticationTokenFilter - [doFilterInternal,43] - url:/system/dict/data/type
23:23:36.540 [http-nio-8080-exec-21] INFO  c.q.v.a.f.s.f.JwtAuthenticationTokenFilter - [doFilterInternal,43] - url:/system/dict/data/type
23:23:36.543 [http-nio-8080-exec-24] INFO  c.q.v.a.f.s.f.JwtAuthenticationTokenFilter - [doFilterInternal,43] - url:/system/dict/data/type
23:23:36.543 [http-nio-8080-exec-23] INFO  c.q.v.a.f.s.f.JwtAuthenticationTokenFilter - [doFilterInternal,43] - url:/system/dict/data/type
23:23:36.543 [http-nio-8080-exec-25] INFO  c.q.v.a.f.s.f.JwtAuthenticationTokenFilter - [doFilterInternal,43] - url:/system/dict/data/type
23:23:36.544 [http-nio-8080-exec-27] INFO  c.q.v.a.f.s.f.JwtAuthenticationTokenFilter - [doFilterInternal,43] - url:/system/dict/data/type
23:23:38.133 [http-nio-8080-exec-28] INFO  c.q.v.a.f.s.f.JwtAuthenticationTokenFilter - [doFilterInternal,43] - url:/pts/custom/custom/list
23:23:38.319 [threadPoolTaskExecutor-20] INFO  c.q.v.a.f.l.l.LogListener - [listenOperLog,39] - 远程操作日志记录成功：SysOperLog(operId=null, title=删除客户管理, businessType=10, method=com.qh.venus.achilles.pts.custom.controller.HunCustomController.list(), requestMethod=GET, operatorType=1, operName=admin, deptName=null, operUrl=/pts/custom/custom/list, operIp=192.168.3.12, operLocation=内网IP, operParam=[
	{
		"matchFail":0,
		"matchSuccess":0,
		"matching":0,
		"params":{},
		"totalMatch":0
	}
], status=0, errorMsg=null, operTime=null)
23:26:51.530 [http-nio-8080-exec-26] INFO  c.q.v.a.f.s.f.JwtAuthenticationTokenFilter - [doFilterInternal,43] - url:/pts/member/hunMember/save
23:26:51.720 [threadPoolTaskExecutor-21] INFO  c.q.v.a.f.l.l.LogListener - [listenOperLog,39] - 远程操作日志记录成功：SysOperLog(operId=null, title=删除会员管理, businessType=1, method=com.qh.venus.achilles.pts.member.controller.HunMemberController.addSave(), requestMethod=POST, operatorType=1, operName=admin, deptName=null, operUrl=/pts/member/hunMember/save, operIp=192.168.3.12, operLocation=内网IP, operParam=[
	{
		"cardId":"15802924387",
		"cardName":"2",
		"cardType":"2",
		"createBy":"admin",
		"createTime":1607182011539,
		"id":1,
		"joinTime":1607097600000,
		"level":"1",
		"memberType":"1",
		"params":{}
	}
], status=0, errorMsg=null, operTime=null)
23:26:52.076 [http-nio-8080-exec-1] INFO  c.q.v.a.f.s.f.JwtAuthenticationTokenFilter - [doFilterInternal,43] - url:/pts/member/hunMember/list
23:26:52.225 [threadPoolTaskExecutor-22] INFO  c.q.v.a.f.l.l.LogListener - [listenOperLog,39] - 远程操作日志记录成功：SysOperLog(operId=null, title=删除会员管理, businessType=10, method=com.qh.venus.achilles.pts.member.controller.HunMemberController.list(), requestMethod=GET, operatorType=1, operName=admin, deptName=null, operUrl=/pts/member/hunMember/list, operIp=192.168.3.12, operLocation=内网IP, operParam=[
	{
		"cardType":"",
		"params":{}
	}
], status=0, errorMsg=null, operTime=null)
23:27:08.114 [http-nio-8080-exec-3] INFO  c.q.v.a.f.s.f.JwtAuthenticationTokenFilter - [doFilterInternal,43] - url:/pts/custom/custom/list
23:27:08.300 [threadPoolTaskExecutor-23] INFO  c.q.v.a.f.l.l.LogListener - [listenOperLog,39] - 远程操作日志记录成功：SysOperLog(operId=null, title=删除客户管理, businessType=10, method=com.qh.venus.achilles.pts.custom.controller.HunCustomController.list(), requestMethod=GET, operatorType=1, operName=admin, deptName=null, operUrl=/pts/custom/custom/list, operIp=192.168.3.12, operLocation=内网IP, operParam=[
	{
		"matchFail":0,
		"matchSuccess":0,
		"matching":0,
		"params":{},
		"totalMatch":0
	}
], status=0, errorMsg=null, operTime=null)
23:27:13.241 [http-nio-8080-exec-2] INFO  c.q.v.a.f.s.f.JwtAuthenticationTokenFilter - [doFilterInternal,43] - url:/pts/member/hunMember/update
23:27:13.393 [threadPoolTaskExecutor-24] INFO  c.q.v.a.f.l.l.LogListener - [listenOperLog,39] - 远程操作日志记录成功：SysOperLog(operId=null, title=删除会员管理, businessType=2, method=com.qh.venus.achilles.pts.member.controller.HunMemberController.editSave(), requestMethod=POST, operatorType=1, operName=admin, deptName=null, operUrl=/pts/member/hunMember/update, operIp=192.168.3.12, operLocation=内网IP, operParam=[
	{
		"cardId":"15802924387",
		"cardName":"2",
		"cardType":"2",
		"cid":"3",
		"id":1,
		"joinTime":1607097600000,
		"level":"1",
		"memberType":"1",
		"params":{},
		"updateBy":"admin",
		"updateTime":1607182033247
	}
], status=0, errorMsg=null, operTime=null)
23:27:13.406 [http-nio-8080-exec-4] INFO  c.q.v.a.f.s.f.JwtAuthenticationTokenFilter - [doFilterInternal,43] - url:/pts/member/hunMember/list
23:27:13.556 [threadPoolTaskExecutor-25] INFO  c.q.v.a.f.l.l.LogListener - [listenOperLog,39] - 远程操作日志记录成功：SysOperLog(operId=null, title=删除会员管理, businessType=10, method=com.qh.venus.achilles.pts.member.controller.HunMemberController.list(), requestMethod=GET, operatorType=1, operName=admin, deptName=null, operUrl=/pts/member/hunMember/list, operIp=192.168.3.12, operLocation=内网IP, operParam=[
	{
		"cardType":"",
		"params":{}
	}
], status=0, errorMsg=null, operTime=null)
23:27:26.760 [http-nio-8080-exec-5] INFO  c.q.v.a.f.s.f.JwtAuthenticationTokenFilter - [doFilterInternal,43] - url:/pts/member/hunMember/list
23:27:26.909 [threadPoolTaskExecutor-26] INFO  c.q.v.a.f.l.l.LogListener - [listenOperLog,39] - 远程操作日志记录成功：SysOperLog(operId=null, title=删除会员管理, businessType=10, method=com.qh.venus.achilles.pts.member.controller.HunMemberController.list(), requestMethod=GET, operatorType=1, operName=admin, deptName=null, operUrl=/pts/member/hunMember/list, operIp=192.168.3.12, operLocation=内网IP, operParam=[
	{
		"cardId":"15802924387",
		"cardType":"",
		"params":{}
	}
], status=0, errorMsg=null, operTime=null)
23:27:32.903 [http-nio-8080-exec-6] INFO  c.q.v.a.f.s.f.JwtAuthenticationTokenFilter - [doFilterInternal,43] - url:/pts/member/hunMember/list
23:27:33.017 [threadPoolTaskExecutor-27] INFO  c.q.v.a.f.l.l.LogListener - [listenOperLog,39] - 远程操作日志记录成功：SysOperLog(operId=null, title=删除会员管理, businessType=10, method=com.qh.venus.achilles.pts.member.controller.HunMemberController.list(), requestMethod=GET, operatorType=1, operName=admin, deptName=null, operUrl=/pts/member/hunMember/list, operIp=192.168.3.12, operLocation=内网IP, operParam=[
	{
		"cardId":"136591",
		"cardType":"",
		"params":{}
	}
], status=0, errorMsg=null, operTime=null)
23:27:36.917 [http-nio-8080-exec-30] INFO  c.q.v.a.f.s.f.JwtAuthenticationTokenFilter - [doFilterInternal,43] - url:/pts/member/hunMember/list
23:27:37.065 [threadPoolTaskExecutor-28] INFO  c.q.v.a.f.l.l.LogListener - [listenOperLog,39] - 远程操作日志记录成功：SysOperLog(operId=null, title=删除会员管理, businessType=10, method=com.qh.venus.achilles.pts.member.controller.HunMemberController.list(), requestMethod=GET, operatorType=1, operName=admin, deptName=null, operUrl=/pts/member/hunMember/list, operIp=192.168.3.12, operLocation=内网IP, operParam=[
	{
		"cardId":"",
		"cardType":"",
		"params":{}
	}
], status=0, errorMsg=null, operTime=null)
23:28:17.038 [http-nio-8080-exec-7] INFO  c.q.v.a.f.s.f.JwtAuthenticationTokenFilter - [doFilterInternal,43] - url:/pts/custom/custom/list
23:28:17.270 [threadPoolTaskExecutor-29] INFO  c.q.v.a.f.l.l.LogListener - [listenOperLog,39] - 远程操作日志记录成功：SysOperLog(operId=null, title=删除客户管理, businessType=10, method=com.qh.venus.achilles.pts.custom.controller.HunCustomController.list(), requestMethod=GET, operatorType=1, operName=admin, deptName=null, operUrl=/pts/custom/custom/list, operIp=192.168.3.12, operLocation=内网IP, operParam=[
	{
		"car":"2",
		"house":"1",
		"matchFail":0,
		"matchSuccess":0,
		"matching":0,
		"params":{},
		"totalMatch":0
	}
], status=1, errorMsg=
### Error querying database.  Cause: java.sql.SQLSyntaxErrorException: You have an error in your SQL syntax; check the manual that corresponds to your MySQL server version for the right syntax to use near '= '2') tmp_count' at line 6
### The error may exist in file [/Users/cxdpc/WorkSpaces/idea_workspace/wedding-manager/target/classes/mybatis/pts/custom/HunCustomMapper.xml]
### The error may involve com.qh.venus.achilles.pts.custom.mapper.HunCustomMapper.selectHunCustomList-Inline
### The error occurred while setting parameters
### SQL: select count(0) from (select file_path, agent_id, agent_parse1, agent_parse2, agent_parse3, agent_parse4, agent_parse5, agent_name, agent_phone, agent_relation, agent_wechat, agent_qq, agent_email, id, del_flag, status, create_by, create_time, update_by, update_time, remark, parse1, parse2, parse3, parse4, name, sex, nation, birthday, native_place, blood, id_card, height, weight, physical_condition, hobby, graduation_collage, education, job, job_addr, pic, home_addr, home_desc, phone, wechat, qq, email, marital_status, salary, house, house_desc, car, car_desc, agent from hun_custom hc         left join (select id as agent_id, parse1 as agent_parse1, parse2 as agent_parse2, parse3 as agent_parse3, parse4 as agent_parse4, parse5 as agent_parse5, name as agent_name, phone as agent_phone, relation as agent_relation, wechat as agent_wechat, qq as agent_qq, email as agent_email from hun_agent where status = 0) ha on hc.agent = ha.agent_id         left join (select bus_id, file_path from t_sys_file) sf on hc.pic = sf.bus_id                WHERE  house = ?              and car like = ?) tmp_count
### Cause: java.sql.SQLSyntaxErrorException: You have an error in your SQL syntax; check the manual that corresponds to your MySQL server version for the right syntax to use near '= '2') tmp_count' at line 6
; bad SQL grammar []; nested exception is java.sql.SQLSyntaxErrorException: You have an error in your SQL syntax; check the manual that corres, operTime=null)
23:28:52.015 [http-nio-8080-exec-8] INFO  c.q.v.a.f.s.f.JwtAuthenticationTokenFilter - [doFilterInternal,43] - url:/system/dict/data/type
23:28:52.026 [http-nio-8080-exec-29] INFO  c.q.v.a.f.s.f.JwtAuthenticationTokenFilter - [doFilterInternal,43] - url:/system/dict/data/type
23:28:52.030 [http-nio-8080-exec-12] INFO  c.q.v.a.f.s.f.JwtAuthenticationTokenFilter - [doFilterInternal,43] - url:/pts/relation/hunAgent/list
23:28:52.071 [http-nio-8080-exec-9] INFO  c.q.v.a.f.s.f.JwtAuthenticationTokenFilter - [doFilterInternal,43] - url:/system/dict/data/type
23:28:52.117 [http-nio-8080-exec-10] INFO  c.q.v.a.f.s.f.JwtAuthenticationTokenFilter - [doFilterInternal,43] - url:/system/dict/data/type
23:28:52.203 [threadPoolTaskExecutor-30] INFO  c.q.v.a.f.l.l.LogListener - [listenOperLog,39] - 远程操作日志记录成功：SysOperLog(operId=null, title=删除代理人, businessType=10, method=com.qh.venus.achilles.pts.relation.controller.HunAgentController.list(), requestMethod=GET, operatorType=1, operName=admin, deptName=null, operUrl=/pts/relation/hunAgent/list, operIp=192.168.3.12, operLocation=内网IP, operParam=[
	{
		"params":{}
	}
], status=0, errorMsg=null, operTime=null)
23:28:58.387 [http-nio-8080-exec-11] INFO  c.q.v.a.f.s.f.JwtAuthenticationTokenFilter - [doFilterInternal,43] - url:/system/user/info
23:28:58.461 [http-nio-8080-exec-15] INFO  c.q.v.a.f.s.f.JwtAuthenticationTokenFilter - [doFilterInternal,43] - url:/system/topMenu/list
23:28:58.519 [http-nio-8080-exec-13] INFO  c.q.v.a.f.s.f.JwtAuthenticationTokenFilter - [doFilterInternal,43] - url:/system/menu/user
23:28:59.121 [http-nio-8080-exec-17] INFO  c.q.v.a.f.s.f.JwtAuthenticationTokenFilter - [doFilterInternal,43] - url:/system/dict/data/type
23:28:59.121 [http-nio-8080-exec-14] INFO  c.q.v.a.f.s.f.JwtAuthenticationTokenFilter - [doFilterInternal,43] - url:/openfile/2020/11/12/ecc3086d41d67feeafb42fd8b6a8be5c.png
23:28:59.121 [http-nio-8080-exec-19] INFO  c.q.v.a.f.s.f.JwtAuthenticationTokenFilter - [doFilterInternal,43] - url:/openfile/2020/11/12/4b2967a3cdc6946d052a927366defbb3.png
23:28:59.130 [http-nio-8080-exec-16] INFO  c.q.v.a.f.s.f.JwtAuthenticationTokenFilter - [doFilterInternal,43] - url:/system/dict/data/type
23:28:59.130 [http-nio-8080-exec-18] INFO  c.q.v.a.f.s.f.JwtAuthenticationTokenFilter - [doFilterInternal,43] - url:/system/dict/data/type
23:28:59.130 [http-nio-8080-exec-20] INFO  c.q.v.a.f.s.f.JwtAuthenticationTokenFilter - [doFilterInternal,43] - url:/system/dict/data/type
23:28:59.150 [http-nio-8080-exec-22] INFO  c.q.v.a.f.s.f.JwtAuthenticationTokenFilter - [doFilterInternal,43] - url:/system/dict/data/type
23:28:59.150 [http-nio-8080-exec-24] INFO  c.q.v.a.f.s.f.JwtAuthenticationTokenFilter - [doFilterInternal,43] - url:/system/dict/data/type
23:28:59.170 [http-nio-8080-exec-21] INFO  c.q.v.a.f.s.f.JwtAuthenticationTokenFilter - [doFilterInternal,43] - url:/pts/custom/custom/list
23:28:59.184 [http-nio-8080-exec-25] INFO  c.q.v.a.f.s.f.JwtAuthenticationTokenFilter - [doFilterInternal,43] - url:/system/dict/data/type
23:28:59.184 [http-nio-8080-exec-27] INFO  c.q.v.a.f.s.f.JwtAuthenticationTokenFilter - [doFilterInternal,43] - url:/system/dict/data/type
23:28:59.212 [http-nio-8080-exec-23] INFO  c.q.v.a.f.s.f.JwtAuthenticationTokenFilter - [doFilterInternal,43] - url:/system/dict/data/type
23:28:59.242 [http-nio-8080-exec-28] INFO  c.q.v.a.f.s.f.JwtAuthenticationTokenFilter - [doFilterInternal,43] - url:/system/dict/data/type
23:28:59.243 [http-nio-8080-exec-26] INFO  c.q.v.a.f.s.f.JwtAuthenticationTokenFilter - [doFilterInternal,43] - url:/system/dict/data/type
23:28:59.245 [http-nio-8080-exec-3] INFO  c.q.v.a.f.s.f.JwtAuthenticationTokenFilter - [doFilterInternal,43] - url:/system/dict/data/type
23:28:59.245 [http-nio-8080-exec-1] INFO  c.q.v.a.f.s.f.JwtAuthenticationTokenFilter - [doFilterInternal,43] - url:/system/dict/data/type
23:28:59.357 [threadPoolTaskExecutor-31] INFO  c.q.v.a.f.l.l.LogListener - [listenOperLog,39] - 远程操作日志记录成功：SysOperLog(operId=null, title=删除客户管理, businessType=10, method=com.qh.venus.achilles.pts.custom.controller.HunCustomController.list(), requestMethod=GET, operatorType=1, operName=admin, deptName=null, operUrl=/pts/custom/custom/list, operIp=192.168.3.12, operLocation=内网IP, operParam=[
	{
		"matchFail":0,
		"matchSuccess":0,
		"matching":0,
		"params":{},
		"totalMatch":0
	}
], status=0, errorMsg=null, operTime=null)
23:29:02.103 [http-nio-8080-exec-5] INFO  c.q.v.a.f.s.f.JwtAuthenticationTokenFilter - [doFilterInternal,43] - url:/system/dict/data/type
23:29:02.103 [http-nio-8080-exec-2] INFO  c.q.v.a.f.s.f.JwtAuthenticationTokenFilter - [doFilterInternal,43] - url:/system/dict/data/type
23:29:02.103 [http-nio-8080-exec-4] INFO  c.q.v.a.f.s.f.JwtAuthenticationTokenFilter - [doFilterInternal,43] - url:/system/dict/data/type
23:29:02.103 [http-nio-8080-exec-6] INFO  c.q.v.a.f.s.f.JwtAuthenticationTokenFilter - [doFilterInternal,43] - url:/pts/member/hunMember/list
23:29:02.166 [http-nio-8080-exec-8] INFO  c.q.v.a.f.s.f.JwtAuthenticationTokenFilter - [doFilterInternal,43] - url:/system/dict/data/type
23:29:02.166 [http-nio-8080-exec-7] INFO  c.q.v.a.f.s.f.JwtAuthenticationTokenFilter - [doFilterInternal,43] - url:/system/dict/data/type
23:29:02.166 [http-nio-8080-exec-30] INFO  c.q.v.a.f.s.f.JwtAuthenticationTokenFilter - [doFilterInternal,43] - url:/system/dict/data/type
23:29:02.250 [threadPoolTaskExecutor-32] INFO  c.q.v.a.f.l.l.LogListener - [listenOperLog,39] - 远程操作日志记录成功：SysOperLog(operId=null, title=删除会员管理, businessType=10, method=com.qh.venus.achilles.pts.member.controller.HunMemberController.list(), requestMethod=GET, operatorType=1, operName=admin, deptName=null, operUrl=/pts/member/hunMember/list, operIp=192.168.3.12, operLocation=内网IP, operParam=[
	{
		"params":{}
	}
], status=0, errorMsg=null, operTime=null)
23:29:18.097 [http-nio-8080-exec-29] INFO  c.q.v.a.f.s.f.JwtAuthenticationTokenFilter - [doFilterInternal,43] - url:/system/dict/data/type
23:29:18.107 [http-nio-8080-exec-9] INFO  c.q.v.a.f.s.f.JwtAuthenticationTokenFilter - [doFilterInternal,43] - url:/system/dict/data/type
23:29:18.107 [http-nio-8080-exec-10] INFO  c.q.v.a.f.s.f.JwtAuthenticationTokenFilter - [doFilterInternal,43] - url:/system/dict/data/type
23:29:18.107 [http-nio-8080-exec-12] INFO  c.q.v.a.f.s.f.JwtAuthenticationTokenFilter - [doFilterInternal,43] - url:/system/dict/data/type
23:29:18.114 [http-nio-8080-exec-11] INFO  c.q.v.a.f.s.f.JwtAuthenticationTokenFilter - [doFilterInternal,43] - url:/system/dict/data/type
23:29:18.114 [http-nio-8080-exec-15] INFO  c.q.v.a.f.s.f.JwtAuthenticationTokenFilter - [doFilterInternal,43] - url:/system/dict/data/type
23:29:18.149 [http-nio-8080-exec-13] INFO  c.q.v.a.f.s.f.JwtAuthenticationTokenFilter - [doFilterInternal,43] - url:/system/dict/data/type
23:29:18.487 [http-nio-8080-exec-14] INFO  c.q.v.a.f.s.f.JwtAuthenticationTokenFilter - [doFilterInternal,43] - url:/system/dict/data/type
23:29:18.487 [http-nio-8080-exec-19] INFO  c.q.v.a.f.s.f.JwtAuthenticationTokenFilter - [doFilterInternal,43] - url:/system/dict/data/type
23:29:18.488 [http-nio-8080-exec-17] INFO  c.q.v.a.f.s.f.JwtAuthenticationTokenFilter - [doFilterInternal,43] - url:/pts/custom/custom/get/3
23:29:18.495 [http-nio-8080-exec-18] INFO  c.q.v.a.f.s.f.JwtAuthenticationTokenFilter - [doFilterInternal,43] - url:/system/dict/data/type
23:29:18.495 [http-nio-8080-exec-16] INFO  c.q.v.a.f.s.f.JwtAuthenticationTokenFilter - [doFilterInternal,43] - url:/system/dict/data/type
23:29:18.495 [http-nio-8080-exec-20] INFO  c.q.v.a.f.s.f.JwtAuthenticationTokenFilter - [doFilterInternal,43] - url:/system/dict/data/type
23:29:18.545 [http-nio-8080-exec-27] INFO  c.q.v.a.f.s.f.JwtAuthenticationTokenFilter - [doFilterInternal,43] - url:/system/dict/data/type
23:29:18.547 [http-nio-8080-exec-25] INFO  c.q.v.a.f.s.f.JwtAuthenticationTokenFilter - [doFilterInternal,43] - url:/system/dict/data/type
23:29:18.549 [http-nio-8080-exec-24] INFO  c.q.v.a.f.s.f.JwtAuthenticationTokenFilter - [doFilterInternal,43] - url:/system/dict/data/type
23:29:18.552 [http-nio-8080-exec-23] INFO  c.q.v.a.f.s.f.JwtAuthenticationTokenFilter - [doFilterInternal,43] - url:/system/dict/data/type
23:29:18.552 [http-nio-8080-exec-22] INFO  c.q.v.a.f.s.f.JwtAuthenticationTokenFilter - [doFilterInternal,43] - url:/system/dict/data/type
23:29:18.586 [http-nio-8080-exec-28] INFO  c.q.v.a.f.s.f.JwtAuthenticationTokenFilter - [doFilterInternal,43] - url:/system/dict/data/type
23:29:18.602 [http-nio-8080-exec-1] INFO  c.q.v.a.f.s.f.JwtAuthenticationTokenFilter - [doFilterInternal,43] - url:/system/dict/data/type
23:29:18.656 [http-nio-8080-exec-26] INFO  c.q.v.a.f.s.f.JwtAuthenticationTokenFilter - [doFilterInternal,43] - url:/system/dict/data/type
