22:40:07.847 [main] INFO  c.q.v.a.RunApplication - [logStarting,50] - Starting RunApplication on cxdpcdeMacBook-Pro.local with PID 19954 (/Users/cxdpc/WorkSpaces/idea_workspace/wedding-manager/target/classes started by cxdpc in /Users/cxdpc/WorkSpaces/idea_workspace/wedding-manager)
22:40:07.852 [main] INFO  c.q.v.a.RunApplication - [logStartupProfileInfo,679] - The following profiles are active: online
22:40:07.893 [main] INFO  o.s.b.d.e.DevToolsPropertyDefaultsPostProcessor - [logTo,227] - For additional web related logging consider setting the 'logging.level.web' property to 'DEBUG'
22:40:09.206 [main] INFO  o.s.d.r.c.RepositoryConfigurationDelegate - [multipleStoresDetected,244] - Multiple Spring Data modules found, entering strict repository configuration mode!
22:40:09.212 [main] INFO  o.s.d.r.c.RepositoryConfigurationDelegate - [registerRepositoriesIn,126] - Bootstrapping Spring Data repositories in DEFAULT mode.
22:40:09.282 [main] INFO  o.s.d.r.c.RepositoryConfigurationDelegate - [registerRepositoriesIn,182] - Finished Spring Data repository scanning in 45ms. Found 0 repository interfaces.
22:40:09.772 [main] INFO  o.s.c.s.PostProcessorRegistrationDelegate$BeanPostProcessorChecker - [postProcessAfterInitialization,330] - Bean 'org.springframework.amqp.rabbit.annotation.RabbitBootstrapConfiguration' of type [org.springframework.amqp.rabbit.annotation.RabbitBootstrapConfiguration$$EnhancerBySpringCGLIB$$8f3305c7] is not eligible for getting processed by all BeanPostProcessors (for example: not eligible for auto-proxying)
22:40:09.853 [main] INFO  o.s.c.s.PostProcessorRegistrationDelegate$BeanPostProcessorChecker - [postProcessAfterInitialization,330] - Bean 'org.springframework.transaction.annotation.ProxyTransactionManagementConfiguration' of type [org.springframework.transaction.annotation.ProxyTransactionManagementConfiguration$$EnhancerBySpringCGLIB$$c8c74799] is not eligible for getting processed by all BeanPostProcessors (for example: not eligible for auto-proxying)
22:40:10.108 [main] INFO  o.s.c.s.PostProcessorRegistrationDelegate$BeanPostProcessorChecker - [postProcessAfterInitialization,330] - Bean 'org.springframework.security.config.annotation.configuration.ObjectPostProcessorConfiguration' of type [org.springframework.security.config.annotation.configuration.ObjectPostProcessorConfiguration$$EnhancerBySpringCGLIB$$61750fd3] is not eligible for getting processed by all BeanPostProcessors (for example: not eligible for auto-proxying)
22:40:10.116 [main] INFO  o.s.c.s.PostProcessorRegistrationDelegate$BeanPostProcessorChecker - [postProcessAfterInitialization,330] - Bean 'objectPostProcessor' of type [org.springframework.security.config.annotation.configuration.AutowireBeanFactoryObjectPostProcessor] is not eligible for getting processed by all BeanPostProcessors (for example: not eligible for auto-proxying)
22:40:10.121 [main] INFO  o.s.c.s.PostProcessorRegistrationDelegate$BeanPostProcessorChecker - [postProcessAfterInitialization,330] - Bean 'org.springframework.security.access.expression.method.DefaultMethodSecurityExpressionHandler@394a6d2b' of type [org.springframework.security.access.expression.method.DefaultMethodSecurityExpressionHandler] is not eligible for getting processed by all BeanPostProcessors (for example: not eligible for auto-proxying)
22:40:10.123 [main] INFO  o.s.c.s.PostProcessorRegistrationDelegate$BeanPostProcessorChecker - [postProcessAfterInitialization,330] - Bean 'org.springframework.security.config.annotation.method.configuration.GlobalMethodSecurityConfiguration' of type [org.springframework.security.config.annotation.method.configuration.GlobalMethodSecurityConfiguration$$EnhancerBySpringCGLIB$$8649b285] is not eligible for getting processed by all BeanPostProcessors (for example: not eligible for auto-proxying)
22:40:10.137 [main] INFO  o.s.c.s.PostProcessorRegistrationDelegate$BeanPostProcessorChecker - [postProcessAfterInitialization,330] - Bean 'methodSecurityMetadataSource' of type [org.springframework.security.access.method.DelegatingMethodSecurityMetadataSource] is not eligible for getting processed by all BeanPostProcessors (for example: not eligible for auto-proxying)
22:40:10.638 [main] INFO  o.s.b.w.e.t.TomcatWebServer - [initialize,90] - Tomcat initialized with port(s): 8080 (http)
22:40:10.657 [main] INFO  o.a.c.h.Http11NioProtocol - [log,173] - Initializing ProtocolHandler ["http-nio-8080"]
22:40:10.663 [main] INFO  o.a.c.c.StandardService - [log,173] - Starting service [Tomcat]
22:40:10.663 [main] INFO  o.a.c.c.StandardEngine - [log,173] - Starting Servlet Engine: Apache Tomcat/9.0.12
22:40:10.672 [main] INFO  o.a.c.c.AprLifecycleListener - [log,173] - The APR based Apache Tomcat Native library which allows optimal performance in production environments was not found on the java.library.path: [/Users/cxdpc/Library/Java/Extensions:/Library/Java/Extensions:/Network/Library/Java/Extensions:/System/Library/Java/Extensions:/usr/lib/java:.]
22:40:10.784 [main] INFO  o.a.c.c.C.[.[.[/] - [log,173] - Initializing Spring embedded WebApplicationContext
22:40:10.784 [main] INFO  o.s.w.c.ContextLoader - [prepareWebApplicationContext,285] - Root WebApplicationContext: initialization completed in 2890 ms
22:40:12.378 [main] INFO  o.s.b.w.s.FilterRegistrationBean - [configure,261] - Mapping filter: 'xssFilter' to urls: [/system/*, /monitor/*, /tool/*, /pts/sys/*]
22:40:12.379 [main] INFO  o.s.b.w.s.FilterRegistrationBean - [configure,248] - Mapping filter: 'characterEncodingFilter' to: [/*]
22:40:12.379 [main] INFO  o.s.b.w.s.FilterRegistrationBean - [configure,248] - Mapping filter: 'hiddenHttpMethodFilter' to: [/*]
22:40:12.379 [main] INFO  o.s.b.w.s.FilterRegistrationBean - [configure,248] - Mapping filter: 'formContentFilter' to: [/*]
22:40:12.380 [main] INFO  o.s.b.w.s.FilterRegistrationBean - [configure,248] - Mapping filter: 'requestContextFilter' to: [/*]
22:40:12.380 [main] INFO  o.s.b.w.s.DelegatingFilterProxyRegistrationBean - [configure,248] - Mapping filter: 'springSecurityFilterChain' to: [/*]
22:40:12.380 [main] INFO  o.s.b.w.s.FilterRegistrationBean - [configure,261] - Mapping filter: 'object' to urls: [/druid/js/common.js]
22:40:12.381 [main] INFO  o.s.b.w.s.FilterRegistrationBean - [configure,261] - Mapping filter: 'repeatableFilter' to urls: [/*]
22:40:12.381 [main] INFO  o.s.b.w.s.FilterRegistrationBean - [configure,261] - Mapping filter: 'webStatFilter' to urls: [/*]
22:40:12.381 [main] INFO  o.s.b.w.s.FilterRegistrationBean - [configure,248] - Mapping filter: 'jwtAuthenticationTokenFilter' to: [/*]
22:40:12.381 [main] INFO  o.s.b.w.s.ServletRegistrationBean - [addRegistration,186] - Servlet dispatcherServlet mapped to [/]
22:40:12.383 [main] INFO  o.s.b.w.s.ServletRegistrationBean - [addRegistration,186] - Servlet statViewServlet mapped to [/druid/*]
22:40:14.050 [main] INFO  s.d.s.w.PropertySourcedRequestMappingHandlerMapping - [initHandlerMethods,69] - Mapped URL path [/v2/api-docs] onto method [public org.springframework.http.ResponseEntity<springfox.documentation.spring.web.json.Json> springfox.documentation.swagger2.web.Swagger2Controller.getDocumentation(java.lang.String,javax.servlet.http.HttpServletRequest)]
22:40:14.101 [main] INFO  o.s.s.c.ThreadPoolTaskExecutor - [initialize,171] - Initializing ExecutorService 'threadPoolTaskExecutor'
22:40:15.230 [main] INFO  o.f.c.i.l.VersionPrinter - [info,49] - Flyway Community Edition 5.2.1 by Boxfuse
22:40:15.993 [main] INFO  c.a.d.p.DruidDataSource - [init,991] - {dataSource-1} inited
22:40:15.995 [main] INFO  o.f.c.i.d.DatabaseFactory - [info,49] - Database: jdbc:mysql://127.0.0.1:3306/hun (MySQL 5.7)
22:40:16.491 [main] INFO  o.f.c.i.c.DbValidate - [info,49] - Successfully validated 4 migrations (execution time 00:00.273s)
22:40:16.508 [main] INFO  o.f.c.i.c.DbMigrate - [info,49] - Current version of schema `hun`: 1.0.0.1.3
22:40:16.510 [main] INFO  o.f.c.i.c.DbMigrate - [info,49] - Schema `hun` is up to date. No migration necessary.
22:40:16.834 [main] INFO  o.q.i.StdSchedulerFactory - [instantiate,1208] - Using default implementation for ThreadExecutor
22:40:16.854 [main] INFO  o.q.c.SchedulerSignalerImpl - [<init>,61] - Initialized Scheduler Signaller of type: class org.quartz.core.SchedulerSignalerImpl
22:40:16.854 [main] INFO  o.q.c.QuartzScheduler - [<init>,229] - Quartz Scheduler v.2.3.0 created.
22:40:16.855 [main] INFO  o.q.s.RAMJobStore - [initialize,155] - RAMJobStore initialized.
22:40:16.856 [main] INFO  o.q.c.QuartzScheduler - [initialize,294] - Scheduler meta-data: Quartz Scheduler (v2.3.0) 'quartzScheduler' with instanceId 'NON_CLUSTERED'
  Scheduler class: 'org.quartz.core.QuartzScheduler' - running locally.
  NOT STARTED.
  Currently in standby mode.
  Number of jobs executed: 0
  Using thread pool 'org.quartz.simpl.SimpleThreadPool' - with 10 threads.
  Using job-store 'org.quartz.simpl.RAMJobStore' - which does not support persistence. and is not clustered.

22:40:16.856 [main] INFO  o.q.i.StdSchedulerFactory - [instantiate,1362] - Quartz scheduler 'quartzScheduler' initialized from an externally provided properties instance.
22:40:16.856 [main] INFO  o.q.i.StdSchedulerFactory - [instantiate,1366] - Quartz scheduler version: 2.3.0
22:40:16.856 [main] INFO  o.q.c.QuartzScheduler - [setJobFactory,2287] - JobFactory set to: org.springframework.scheduling.quartz.SpringBeanJobFactory@1e387974
22:40:17.071 [main] INFO  o.s.s.w.DefaultSecurityFilterChain - [<init>,43] - Creating filter chain: any request, [org.springframework.security.web.context.request.async.WebAsyncManagerIntegrationFilter@771b2b5b, org.springframework.security.web.context.SecurityContextPersistenceFilter@6d3a56ea, org.springframework.security.web.header.HeaderWriterFilter@6cc022ac, org.springframework.security.web.authentication.logout.LogoutFilter@4349389d, com.qh.venus.achilles.framework.security.filter.JwtAuthenticationTokenFilter@67b3960b, org.springframework.security.web.savedrequest.RequestCacheAwareFilter@79c4454, org.springframework.security.web.servletapi.SecurityContextHolderAwareRequestFilter@519e14f6, org.springframework.security.web.authentication.AnonymousAuthenticationFilter@1aa64998, org.springframework.security.web.session.SessionManagementFilter@6d18401b, org.springframework.security.web.access.ExceptionTranslationFilter@568cbf8d, org.springframework.security.web.access.intercept.FilterSecurityInterceptor@67c1fc9b]
22:40:17.264 [main] INFO  s.d.s.w.p.DocumentationPluginsBootstrapper - [start,160] - Context refreshed
22:40:17.304 [main] INFO  s.d.s.w.p.DocumentationPluginsBootstrapper - [start,163] - Found 1 custom documentation plugin(s)
22:40:17.356 [main] INFO  s.d.s.w.s.ApiListingReferenceScanner - [scan,41] - Scanning for api listing references
22:40:17.505 [main] INFO  o.s.s.q.SchedulerFactoryBean - [startScheduler,726] - Starting Quartz Scheduler now
22:40:17.506 [main] INFO  o.q.c.QuartzScheduler - [start,547] - Scheduler quartzScheduler_$_NON_CLUSTERED started.
22:40:17.515 [main] INFO  o.a.c.h.Http11NioProtocol - [log,173] - Starting ProtocolHandler ["http-nio-8080"]
22:40:17.533 [main] INFO  o.a.t.u.n.NioSelectorPool - [log,173] - Using a shared selector for servlet write/read
22:40:17.553 [main] INFO  o.s.b.w.e.t.TomcatWebServer - [start,204] - Tomcat started on port(s): 8080 (http) with context path ''
22:40:17.556 [main] INFO  c.q.v.a.RunApplication - [logStarted,59] - Started RunApplication in 10.194 seconds (JVM running for 11.079)
22:40:29.225 [Thread-24] INFO  o.q.c.QuartzScheduler - [standby,585] - Scheduler quartzScheduler_$_NON_CLUSTERED paused.
22:40:29.231 [Thread-24] INFO  o.s.s.q.SchedulerFactoryBean - [destroy,844] - Shutting down Quartz Scheduler
22:40:29.232 [Thread-24] INFO  o.q.c.QuartzScheduler - [shutdown,666] - Scheduler quartzScheduler_$_NON_CLUSTERED shutting down.
22:40:29.232 [Thread-24] INFO  o.q.c.QuartzScheduler - [standby,585] - Scheduler quartzScheduler_$_NON_CLUSTERED paused.
22:40:29.233 [Thread-24] INFO  o.q.c.QuartzScheduler - [shutdown,740] - Scheduler quartzScheduler_$_NON_CLUSTERED shutdown complete.
22:40:29.235 [Thread-24] INFO  o.s.s.c.ThreadPoolTaskExecutor - [shutdown,208] - Shutting down ExecutorService 'threadPoolTaskExecutor'
22:40:29.237 [Thread-24] INFO  sys-user - [shutdownAsyncManager,36] - ====关闭后台任务任务线程池====
22:40:29.249 [Thread-24] INFO  c.a.d.p.DruidDataSource - [close,1928] - {dataSource-1} closed
