21:53:06.661 [Thread-21] INFO  o.q.c.QuartzScheduler - [standby,585] - Scheduler quartzScheduler_$_NON_CLUSTERED paused.
21:53:06.738 [Thread-21] INFO  o.s.s.q.SchedulerFactoryBean - [destroy,844] - Shutting down Quartz Scheduler
21:53:06.738 [Thread-21] INFO  o.q.c.QuartzScheduler - [shutdown,666] - Scheduler quartzScheduler_$_NON_CLUSTERED shutting down.
21:53:06.739 [Thread-21] INFO  o.q.c.QuartzScheduler - [standby,585] - Scheduler quartzScheduler_$_NON_CLUSTERED paused.
21:53:06.740 [Thread-21] INFO  o.q.c.QuartzScheduler - [shutdown,740] - Scheduler quartzScheduler_$_NON_CLUSTERED shutdown complete.
21:53:06.751 [Thread-21] INFO  o.s.s.c.ThreadPoolTaskExecutor - [shutdown,208] - Shutting down ExecutorService 'threadPoolTaskExecutor'
21:53:06.759 [Thread-21] INFO  sys-user - [shutdownAsyncManager,36] - ====关闭后台任务任务线程池====
21:53:06.787 [Thread-21] INFO  c.a.d.p.DruidDataSource - [close,1928] - {dataSource-1} closed
21:53:14.037 [main] INFO  c.q.v.a.RunApplication - [logStarting,50] - Starting RunApplication on cxdpcdeMacBook-Pro.local with PID 18567 (/Users/cxdpc/WorkSpaces/idea_workspace/wedding-manager/target/classes started by cxdpc in /Users/cxdpc/WorkSpaces/idea_workspace/wedding-manager)
21:53:14.041 [main] INFO  c.q.v.a.RunApplication - [logStartupProfileInfo,679] - The following profiles are active: caoxiaodong
21:53:14.091 [main] INFO  o.s.b.d.e.DevToolsPropertyDefaultsPostProcessor - [logTo,227] - For additional web related logging consider setting the 'logging.level.web' property to 'DEBUG'
21:53:15.528 [main] INFO  o.s.d.r.c.RepositoryConfigurationDelegate - [multipleStoresDetected,244] - Multiple Spring Data modules found, entering strict repository configuration mode!
21:53:15.532 [main] INFO  o.s.d.r.c.RepositoryConfigurationDelegate - [registerRepositoriesIn,126] - Bootstrapping Spring Data repositories in DEFAULT mode.
21:53:15.617 [main] INFO  o.s.d.r.c.RepositoryConfigurationDelegate - [registerRepositoriesIn,182] - Finished Spring Data repository scanning in 61ms. Found 0 repository interfaces.
21:53:16.220 [main] INFO  o.s.c.s.PostProcessorRegistrationDelegate$BeanPostProcessorChecker - [postProcessAfterInitialization,330] - Bean 'org.springframework.amqp.rabbit.annotation.RabbitBootstrapConfiguration' of type [org.springframework.amqp.rabbit.annotation.RabbitBootstrapConfiguration$$EnhancerBySpringCGLIB$$2fc58b46] is not eligible for getting processed by all BeanPostProcessors (for example: not eligible for auto-proxying)
21:53:16.313 [main] INFO  o.s.c.s.PostProcessorRegistrationDelegate$BeanPostProcessorChecker - [postProcessAfterInitialization,330] - Bean 'org.springframework.transaction.annotation.ProxyTransactionManagementConfiguration' of type [org.springframework.transaction.annotation.ProxyTransactionManagementConfiguration$$EnhancerBySpringCGLIB$$6959cd18] is not eligible for getting processed by all BeanPostProcessors (for example: not eligible for auto-proxying)
21:53:16.560 [main] INFO  o.s.c.s.PostProcessorRegistrationDelegate$BeanPostProcessorChecker - [postProcessAfterInitialization,330] - Bean 'org.springframework.security.config.annotation.configuration.ObjectPostProcessorConfiguration' of type [org.springframework.security.config.annotation.configuration.ObjectPostProcessorConfiguration$$EnhancerBySpringCGLIB$$2079552] is not eligible for getting processed by all BeanPostProcessors (for example: not eligible for auto-proxying)
21:53:16.570 [main] INFO  o.s.c.s.PostProcessorRegistrationDelegate$BeanPostProcessorChecker - [postProcessAfterInitialization,330] - Bean 'objectPostProcessor' of type [org.springframework.security.config.annotation.configuration.AutowireBeanFactoryObjectPostProcessor] is not eligible for getting processed by all BeanPostProcessors (for example: not eligible for auto-proxying)
21:53:16.574 [main] INFO  o.s.c.s.PostProcessorRegistrationDelegate$BeanPostProcessorChecker - [postProcessAfterInitialization,330] - Bean 'org.springframework.security.access.expression.method.DefaultMethodSecurityExpressionHandler@3afca2c' of type [org.springframework.security.access.expression.method.DefaultMethodSecurityExpressionHandler] is not eligible for getting processed by all BeanPostProcessors (for example: not eligible for auto-proxying)
21:53:16.578 [main] INFO  o.s.c.s.PostProcessorRegistrationDelegate$BeanPostProcessorChecker - [postProcessAfterInitialization,330] - Bean 'org.springframework.security.config.annotation.method.configuration.GlobalMethodSecurityConfiguration' of type [org.springframework.security.config.annotation.method.configuration.GlobalMethodSecurityConfiguration$$EnhancerBySpringCGLIB$$26dc3804] is not eligible for getting processed by all BeanPostProcessors (for example: not eligible for auto-proxying)
21:53:16.593 [main] INFO  o.s.c.s.PostProcessorRegistrationDelegate$BeanPostProcessorChecker - [postProcessAfterInitialization,330] - Bean 'methodSecurityMetadataSource' of type [org.springframework.security.access.method.DelegatingMethodSecurityMetadataSource] is not eligible for getting processed by all BeanPostProcessors (for example: not eligible for auto-proxying)
21:53:17.085 [main] INFO  o.s.b.w.e.t.TomcatWebServer - [initialize,90] - Tomcat initialized with port(s): 8080 (http)
21:53:17.100 [main] INFO  o.a.c.h.Http11NioProtocol - [log,173] - Initializing ProtocolHandler ["http-nio-8080"]
21:53:17.105 [main] INFO  o.a.c.c.StandardService - [log,173] - Starting service [Tomcat]
21:53:17.105 [main] INFO  o.a.c.c.StandardEngine - [log,173] - Starting Servlet Engine: Apache Tomcat/9.0.12
21:53:17.114 [main] INFO  o.a.c.c.AprLifecycleListener - [log,173] - The APR based Apache Tomcat Native library which allows optimal performance in production environments was not found on the java.library.path: [/Users/cxdpc/Library/Java/Extensions:/Library/Java/Extensions:/Network/Library/Java/Extensions:/System/Library/Java/Extensions:/usr/lib/java:.]
21:53:17.232 [main] INFO  o.a.c.c.C.[.[.[/] - [log,173] - Initializing Spring embedded WebApplicationContext
21:53:17.232 [main] INFO  o.s.w.c.ContextLoader - [prepareWebApplicationContext,285] - Root WebApplicationContext: initialization completed in 3141 ms
21:53:18.820 [main] INFO  o.s.b.w.s.FilterRegistrationBean - [configure,261] - Mapping filter: 'xssFilter' to urls: [/system/*, /monitor/*, /tool/*, /pts/sys/*]
21:53:18.821 [main] INFO  o.s.b.w.s.FilterRegistrationBean - [configure,248] - Mapping filter: 'characterEncodingFilter' to: [/*]
21:53:18.821 [main] INFO  o.s.b.w.s.FilterRegistrationBean - [configure,248] - Mapping filter: 'hiddenHttpMethodFilter' to: [/*]
21:53:18.821 [main] INFO  o.s.b.w.s.FilterRegistrationBean - [configure,248] - Mapping filter: 'formContentFilter' to: [/*]
21:53:18.821 [main] INFO  o.s.b.w.s.FilterRegistrationBean - [configure,248] - Mapping filter: 'requestContextFilter' to: [/*]
21:53:18.822 [main] INFO  o.s.b.w.s.DelegatingFilterProxyRegistrationBean - [configure,248] - Mapping filter: 'springSecurityFilterChain' to: [/*]
21:53:18.822 [main] INFO  o.s.b.w.s.FilterRegistrationBean - [configure,261] - Mapping filter: 'object' to urls: [/druid/js/common.js]
21:53:18.822 [main] INFO  o.s.b.w.s.FilterRegistrationBean - [configure,261] - Mapping filter: 'repeatableFilter' to urls: [/*]
21:53:18.823 [main] INFO  o.s.b.w.s.FilterRegistrationBean - [configure,261] - Mapping filter: 'webStatFilter' to urls: [/*]
21:53:18.823 [main] INFO  o.s.b.w.s.FilterRegistrationBean - [configure,248] - Mapping filter: 'jwtAuthenticationTokenFilter' to: [/*]
21:53:18.823 [main] INFO  o.s.b.w.s.ServletRegistrationBean - [addRegistration,186] - Servlet dispatcherServlet mapped to [/]
21:53:18.824 [main] INFO  o.s.b.w.s.ServletRegistrationBean - [addRegistration,186] - Servlet statViewServlet mapped to [/druid/*]
21:53:20.426 [main] INFO  s.d.s.w.PropertySourcedRequestMappingHandlerMapping - [initHandlerMethods,69] - Mapped URL path [/v2/api-docs] onto method [public org.springframework.http.ResponseEntity<springfox.documentation.spring.web.json.Json> springfox.documentation.swagger2.web.Swagger2Controller.getDocumentation(java.lang.String,javax.servlet.http.HttpServletRequest)]
21:53:20.474 [main] INFO  o.s.s.c.ThreadPoolTaskExecutor - [initialize,171] - Initializing ExecutorService 'threadPoolTaskExecutor'
21:53:21.600 [main] INFO  o.f.c.i.l.VersionPrinter - [info,49] - Flyway Community Edition 5.2.1 by Boxfuse
21:53:22.361 [main] INFO  c.a.d.p.DruidDataSource - [init,991] - {dataSource-1} inited
21:53:22.363 [main] INFO  o.f.c.i.d.DatabaseFactory - [info,49] - Database: jdbc:mysql://127.0.0.1:3306/hun (MySQL 5.7)
21:53:22.773 [main] INFO  o.s.s.c.ThreadPoolTaskExecutor - [shutdown,208] - Shutting down ExecutorService 'threadPoolTaskExecutor'
21:53:22.774 [main] INFO  sys-user - [shutdownAsyncManager,36] - ====关闭后台任务任务线程池====
21:53:22.782 [main] INFO  c.a.d.p.DruidDataSource - [close,1928] - {dataSource-1} closed
21:53:22.799 [main] INFO  o.a.c.c.StandardService - [log,173] - Stopping service [Tomcat]
21:53:22.809 [main] INFO  o.s.b.a.l.ConditionEvaluationReportLoggingListener - [logMessage,142] - 

Error starting ApplicationContext. To display the conditions report re-run your application with 'debug' enabled.
21:53:59.219 [main] INFO  c.q.v.a.RunApplication - [logStarting,50] - Starting RunApplication on cxdpcdeMacBook-Pro.local with PID 18572 (/Users/cxdpc/WorkSpaces/idea_workspace/wedding-manager/target/classes started by cxdpc in /Users/cxdpc/WorkSpaces/idea_workspace/wedding-manager)
21:53:59.225 [main] INFO  c.q.v.a.RunApplication - [logStartupProfileInfo,679] - The following profiles are active: caoxiaodong
21:53:59.278 [main] INFO  o.s.b.d.e.DevToolsPropertyDefaultsPostProcessor - [logTo,227] - For additional web related logging consider setting the 'logging.level.web' property to 'DEBUG'
21:54:00.456 [main] INFO  o.s.d.r.c.RepositoryConfigurationDelegate - [multipleStoresDetected,244] - Multiple Spring Data modules found, entering strict repository configuration mode!
21:54:00.459 [main] INFO  o.s.d.r.c.RepositoryConfigurationDelegate - [registerRepositoriesIn,126] - Bootstrapping Spring Data repositories in DEFAULT mode.
21:54:00.514 [main] INFO  o.s.d.r.c.RepositoryConfigurationDelegate - [registerRepositoriesIn,182] - Finished Spring Data repository scanning in 41ms. Found 0 repository interfaces.
21:54:00.904 [main] INFO  o.s.c.s.PostProcessorRegistrationDelegate$BeanPostProcessorChecker - [postProcessAfterInitialization,330] - Bean 'org.springframework.amqp.rabbit.annotation.RabbitBootstrapConfiguration' of type [org.springframework.amqp.rabbit.annotation.RabbitBootstrapConfiguration$$EnhancerBySpringCGLIB$$afffa641] is not eligible for getting processed by all BeanPostProcessors (for example: not eligible for auto-proxying)
21:54:00.968 [main] INFO  o.s.c.s.PostProcessorRegistrationDelegate$BeanPostProcessorChecker - [postProcessAfterInitialization,330] - Bean 'org.springframework.transaction.annotation.ProxyTransactionManagementConfiguration' of type [org.springframework.transaction.annotation.ProxyTransactionManagementConfiguration$$EnhancerBySpringCGLIB$$e993e813] is not eligible for getting processed by all BeanPostProcessors (for example: not eligible for auto-proxying)
21:54:01.156 [main] INFO  o.s.c.s.PostProcessorRegistrationDelegate$BeanPostProcessorChecker - [postProcessAfterInitialization,330] - Bean 'org.springframework.security.config.annotation.configuration.ObjectPostProcessorConfiguration' of type [org.springframework.security.config.annotation.configuration.ObjectPostProcessorConfiguration$$EnhancerBySpringCGLIB$$8241b04d] is not eligible for getting processed by all BeanPostProcessors (for example: not eligible for auto-proxying)
21:54:01.163 [main] INFO  o.s.c.s.PostProcessorRegistrationDelegate$BeanPostProcessorChecker - [postProcessAfterInitialization,330] - Bean 'objectPostProcessor' of type [org.springframework.security.config.annotation.configuration.AutowireBeanFactoryObjectPostProcessor] is not eligible for getting processed by all BeanPostProcessors (for example: not eligible for auto-proxying)
21:54:01.168 [main] INFO  o.s.c.s.PostProcessorRegistrationDelegate$BeanPostProcessorChecker - [postProcessAfterInitialization,330] - Bean 'org.springframework.security.access.expression.method.DefaultMethodSecurityExpressionHandler@17216605' of type [org.springframework.security.access.expression.method.DefaultMethodSecurityExpressionHandler] is not eligible for getting processed by all BeanPostProcessors (for example: not eligible for auto-proxying)
21:54:01.174 [main] INFO  o.s.c.s.PostProcessorRegistrationDelegate$BeanPostProcessorChecker - [postProcessAfterInitialization,330] - Bean 'org.springframework.security.config.annotation.method.configuration.GlobalMethodSecurityConfiguration' of type [org.springframework.security.config.annotation.method.configuration.GlobalMethodSecurityConfiguration$$EnhancerBySpringCGLIB$$a71652ff] is not eligible for getting processed by all BeanPostProcessors (for example: not eligible for auto-proxying)
21:54:01.186 [main] INFO  o.s.c.s.PostProcessorRegistrationDelegate$BeanPostProcessorChecker - [postProcessAfterInitialization,330] - Bean 'methodSecurityMetadataSource' of type [org.springframework.security.access.method.DelegatingMethodSecurityMetadataSource] is not eligible for getting processed by all BeanPostProcessors (for example: not eligible for auto-proxying)
21:54:01.608 [main] INFO  o.s.b.w.e.t.TomcatWebServer - [initialize,90] - Tomcat initialized with port(s): 8080 (http)
21:54:01.622 [main] INFO  o.a.c.h.Http11NioProtocol - [log,173] - Initializing ProtocolHandler ["http-nio-8080"]
21:54:01.629 [main] INFO  o.a.c.c.StandardService - [log,173] - Starting service [Tomcat]
21:54:01.629 [main] INFO  o.a.c.c.StandardEngine - [log,173] - Starting Servlet Engine: Apache Tomcat/9.0.12
21:54:01.636 [main] INFO  o.a.c.c.AprLifecycleListener - [log,173] - The APR based Apache Tomcat Native library which allows optimal performance in production environments was not found on the java.library.path: [/Users/cxdpc/Library/Java/Extensions:/Library/Java/Extensions:/Network/Library/Java/Extensions:/System/Library/Java/Extensions:/usr/lib/java:.]
21:54:01.733 [main] INFO  o.a.c.c.C.[.[.[/] - [log,173] - Initializing Spring embedded WebApplicationContext
21:54:01.734 [main] INFO  o.s.w.c.ContextLoader - [prepareWebApplicationContext,285] - Root WebApplicationContext: initialization completed in 2456 ms
21:54:03.056 [main] INFO  o.s.b.w.s.FilterRegistrationBean - [configure,261] - Mapping filter: 'xssFilter' to urls: [/system/*, /monitor/*, /tool/*, /pts/sys/*]
21:54:03.056 [main] INFO  o.s.b.w.s.FilterRegistrationBean - [configure,248] - Mapping filter: 'characterEncodingFilter' to: [/*]
21:54:03.057 [main] INFO  o.s.b.w.s.FilterRegistrationBean - [configure,248] - Mapping filter: 'hiddenHttpMethodFilter' to: [/*]
21:54:03.057 [main] INFO  o.s.b.w.s.FilterRegistrationBean - [configure,248] - Mapping filter: 'formContentFilter' to: [/*]
21:54:03.057 [main] INFO  o.s.b.w.s.FilterRegistrationBean - [configure,248] - Mapping filter: 'requestContextFilter' to: [/*]
21:54:03.058 [main] INFO  o.s.b.w.s.DelegatingFilterProxyRegistrationBean - [configure,248] - Mapping filter: 'springSecurityFilterChain' to: [/*]
21:54:03.058 [main] INFO  o.s.b.w.s.FilterRegistrationBean - [configure,261] - Mapping filter: 'object' to urls: [/druid/js/common.js]
21:54:03.058 [main] INFO  o.s.b.w.s.FilterRegistrationBean - [configure,261] - Mapping filter: 'repeatableFilter' to urls: [/*]
21:54:03.058 [main] INFO  o.s.b.w.s.FilterRegistrationBean - [configure,261] - Mapping filter: 'webStatFilter' to urls: [/*]
21:54:03.059 [main] INFO  o.s.b.w.s.FilterRegistrationBean - [configure,248] - Mapping filter: 'jwtAuthenticationTokenFilter' to: [/*]
21:54:03.059 [main] INFO  o.s.b.w.s.ServletRegistrationBean - [addRegistration,186] - Servlet dispatcherServlet mapped to [/]
21:54:03.060 [main] INFO  o.s.b.w.s.ServletRegistrationBean - [addRegistration,186] - Servlet statViewServlet mapped to [/druid/*]
21:54:04.470 [main] INFO  s.d.s.w.PropertySourcedRequestMappingHandlerMapping - [initHandlerMethods,69] - Mapped URL path [/v2/api-docs] onto method [public org.springframework.http.ResponseEntity<springfox.documentation.spring.web.json.Json> springfox.documentation.swagger2.web.Swagger2Controller.getDocumentation(java.lang.String,javax.servlet.http.HttpServletRequest)]
21:54:04.516 [main] INFO  o.s.s.c.ThreadPoolTaskExecutor - [initialize,171] - Initializing ExecutorService 'threadPoolTaskExecutor'
21:54:05.483 [main] INFO  o.f.c.i.l.VersionPrinter - [info,49] - Flyway Community Edition 5.2.1 by Boxfuse
21:54:06.056 [main] INFO  c.a.d.p.DruidDataSource - [init,991] - {dataSource-1} inited
21:54:06.057 [main] INFO  o.f.c.i.d.DatabaseFactory - [info,49] - Database: jdbc:mysql://127.0.0.1:3306/hun (MySQL 5.7)
21:54:06.366 [main] INFO  o.f.c.i.c.DbValidate - [info,49] - Successfully validated 2 migrations (execution time 00:00.205s)
21:54:06.392 [main] INFO  o.f.c.i.s.JdbcTableSchemaHistory - [info,49] - Creating Schema History table: `hun`.`flyway_schema_history`
21:54:06.493 [main] INFO  o.f.c.i.c.DbMigrate - [info,49] - Current version of schema `hun`: << Empty Schema >>
21:54:06.496 [main] INFO  o.f.c.i.c.DbMigrate - [info,49] - Migrating schema `hun` to version 1.0.0.1.1 -  initdb
21:54:08.653 [main] INFO  o.f.c.i.c.DbMigrate - [info,49] - Migrating schema `hun` to version 1.0.0.1.2 -  initdb
21:54:08.719 [main] INFO  o.f.c.i.c.DbMigrate - [info,49] - Successfully applied 2 migrations to schema `hun` (execution time 00:02.327s)
21:54:09.089 [main] INFO  o.q.i.StdSchedulerFactory - [instantiate,1208] - Using default implementation for ThreadExecutor
21:54:09.106 [main] INFO  o.q.c.SchedulerSignalerImpl - [<init>,61] - Initialized Scheduler Signaller of type: class org.quartz.core.SchedulerSignalerImpl
21:54:09.107 [main] INFO  o.q.c.QuartzScheduler - [<init>,229] - Quartz Scheduler v.2.3.0 created.
21:54:09.107 [main] INFO  o.q.s.RAMJobStore - [initialize,155] - RAMJobStore initialized.
21:54:09.108 [main] INFO  o.q.c.QuartzScheduler - [initialize,294] - Scheduler meta-data: Quartz Scheduler (v2.3.0) 'quartzScheduler' with instanceId 'NON_CLUSTERED'
  Scheduler class: 'org.quartz.core.QuartzScheduler' - running locally.
  NOT STARTED.
  Currently in standby mode.
  Number of jobs executed: 0
  Using thread pool 'org.quartz.simpl.SimpleThreadPool' - with 10 threads.
  Using job-store 'org.quartz.simpl.RAMJobStore' - which does not support persistence. and is not clustered.

21:54:09.108 [main] INFO  o.q.i.StdSchedulerFactory - [instantiate,1362] - Quartz scheduler 'quartzScheduler' initialized from an externally provided properties instance.
21:54:09.109 [main] INFO  o.q.i.StdSchedulerFactory - [instantiate,1366] - Quartz scheduler version: 2.3.0
21:54:09.109 [main] INFO  o.q.c.QuartzScheduler - [setJobFactory,2287] - JobFactory set to: org.springframework.scheduling.quartz.SpringBeanJobFactory@6e68ccc9
21:54:09.337 [main] INFO  o.s.s.w.DefaultSecurityFilterChain - [<init>,43] - Creating filter chain: any request, [org.springframework.security.web.context.request.async.WebAsyncManagerIntegrationFilter@614d01b, org.springframework.security.web.context.SecurityContextPersistenceFilter@551976c2, org.springframework.security.web.header.HeaderWriterFilter@4615bc00, org.springframework.security.web.authentication.logout.LogoutFilter@4265cbed, com.qh.venus.achilles.framework.security.filter.JwtAuthenticationTokenFilter@1e3566e, org.springframework.security.web.savedrequest.RequestCacheAwareFilter@643f8ebe, org.springframework.security.web.servletapi.SecurityContextHolderAwareRequestFilter@7337f87e, org.springframework.security.web.authentication.AnonymousAuthenticationFilter@3be2ef56, org.springframework.security.web.session.SessionManagementFilter@4ed90b04, org.springframework.security.web.access.ExceptionTranslationFilter@5e528476, org.springframework.security.web.access.intercept.FilterSecurityInterceptor@726d0482]
21:54:09.522 [main] INFO  s.d.s.w.p.DocumentationPluginsBootstrapper - [start,160] - Context refreshed
21:54:09.561 [main] INFO  s.d.s.w.p.DocumentationPluginsBootstrapper - [start,163] - Found 1 custom documentation plugin(s)
21:54:09.603 [main] INFO  s.d.s.w.s.ApiListingReferenceScanner - [scan,41] - Scanning for api listing references
21:54:09.705 [main] INFO  o.s.s.q.SchedulerFactoryBean - [startScheduler,726] - Starting Quartz Scheduler now
21:54:09.706 [main] INFO  o.q.c.QuartzScheduler - [start,547] - Scheduler quartzScheduler_$_NON_CLUSTERED started.
21:54:09.713 [main] INFO  o.a.c.h.Http11NioProtocol - [log,173] - Starting ProtocolHandler ["http-nio-8080"]
21:54:09.731 [main] INFO  o.a.t.u.n.NioSelectorPool - [log,173] - Using a shared selector for servlet write/read
21:54:09.748 [main] INFO  o.s.b.w.e.t.TomcatWebServer - [start,204] - Tomcat started on port(s): 8080 (http) with context path ''
21:54:09.751 [main] INFO  c.q.v.a.RunApplication - [logStarted,59] - Started RunApplication in 11.034 seconds (JVM running for 11.745)
21:54:26.664 [http-nio-8080-exec-1] INFO  o.a.t.u.h.p.Cookie - [log,173] - A cookie header was received [1603288005,1605364505; loginToken=Bearer%20eyJhbGciOiJIUzUxMiJ9.eyJzdWIiOiJ1c2VyIiwiY3JlYXRlZCI6MTYwNTM2NDU0OTA1MiwiZXhwIjoxNjA1OTY5MzQ5fQ.rDug5Nf0-MRegp3KZmcdJ8tyNsU1NFYLQbITNY63MbMrBSOIirVafw99HDdniasKN-DgYjujd3JbzQ-TtwfROg; sidebarStatus=1; Hm_lpvt_8b02a318fde5831da10426656a43d03c=1605364839] that contained an invalid cookie. That cookie will be ignored.Note: further occurrences of this error will be logged at DEBUG level.
21:54:26.674 [http-nio-8080-exec-1] INFO  o.a.c.c.C.[.[.[/] - [log,173] - Initializing Spring DispatcherServlet 'dispatcherServlet'
21:54:26.674 [http-nio-8080-exec-1] INFO  o.s.w.s.DispatcherServlet - [initServletBean,521] - Initializing Servlet 'dispatcherServlet'
21:54:26.696 [http-nio-8080-exec-1] INFO  o.s.w.s.DispatcherServlet - [initServletBean,543] - Completed initialization in 21 ms
21:54:26.717 [http-nio-8080-exec-1] INFO  c.q.v.a.f.s.f.JwtAuthenticationTokenFilter - [doFilterInternal,43] - url:/code
21:54:28.231 [http-nio-8080-exec-1] INFO  i.l.c.EpollProvider - [info,101] - Starting without optional epoll library
21:54:28.232 [http-nio-8080-exec-1] INFO  i.l.c.KqueueProvider - [info,101] - Starting without optional kqueue library
21:54:28.693 [http-nio-8080-exec-2] INFO  c.q.v.a.f.s.f.JwtAuthenticationTokenFilter - [doFilterInternal,43] - url:/code
21:54:29.743 [http-nio-8080-exec-3] INFO  c.q.v.a.f.s.f.JwtAuthenticationTokenFilter - [doFilterInternal,43] - url:/code
21:54:32.810 [http-nio-8080-exec-4] INFO  c.q.v.a.f.s.f.JwtAuthenticationTokenFilter - [doFilterInternal,43] - url:/auth/login
21:54:33.251 [schedule-pool-1] INFO  sys-user - [run,61] - [127.0.0.1]内网IP[wedding][Success][登录成功]
21:54:35.984 [http-nio-8080-exec-5] INFO  c.q.v.a.f.s.f.JwtAuthenticationTokenFilter - [doFilterInternal,43] - url:/system/user/info
21:54:36.221 [http-nio-8080-exec-6] INFO  c.q.v.a.f.s.f.JwtAuthenticationTokenFilter - [doFilterInternal,43] - url:/system/topMenu/list
21:54:36.273 [http-nio-8080-exec-7] INFO  c.q.v.a.f.s.f.JwtAuthenticationTokenFilter - [doFilterInternal,43] - url:/system/menu/user
21:54:36.573 [http-nio-8080-exec-9] INFO  c.q.v.a.f.s.f.JwtAuthenticationTokenFilter - [doFilterInternal,43] - url:/openfile/2020/11/12/4b2967a3cdc6946d052a927366defbb3.png
21:54:36.573 [http-nio-8080-exec-8] INFO  c.q.v.a.f.s.f.JwtAuthenticationTokenFilter - [doFilterInternal,43] - url:/openfile/2020/11/12/ecc3086d41d67feeafb42fd8b6a8be5c.png
21:54:36.617 [http-nio-8080-exec-10] INFO  c.q.v.a.f.s.f.JwtAuthenticationTokenFilter - [doFilterInternal,43] - url:/system/dept/list/enable
21:54:36.621 [http-nio-8080-exec-12] INFO  c.q.v.a.f.s.f.JwtAuthenticationTokenFilter - [doFilterInternal,43] - url:/system/role/all
21:54:36.621 [http-nio-8080-exec-11] INFO  c.q.v.a.f.s.f.JwtAuthenticationTokenFilter - [doFilterInternal,43] - url:/system/user/list
21:54:40.350 [http-nio-8080-exec-13] INFO  c.q.v.a.f.s.f.JwtAuthenticationTokenFilter - [doFilterInternal,43] - url:/system/dict/data/type
21:54:40.352 [http-nio-8080-exec-15] INFO  c.q.v.a.f.s.f.JwtAuthenticationTokenFilter - [doFilterInternal,43] - url:/system/dict/data/type
21:54:40.352 [http-nio-8080-exec-14] INFO  c.q.v.a.f.s.f.JwtAuthenticationTokenFilter - [doFilterInternal,43] - url:/system/topMenu/list
21:54:40.391 [http-nio-8080-exec-16] INFO  c.q.v.a.f.s.f.JwtAuthenticationTokenFilter - [doFilterInternal,43] - url:/system/dict/data/type
21:54:40.442 [http-nio-8080-exec-17] INFO  c.q.v.a.f.s.f.JwtAuthenticationTokenFilter - [doFilterInternal,43] - url:/system/menu/list
21:54:44.515 [http-nio-8080-exec-18] INFO  c.q.v.a.f.s.f.JwtAuthenticationTokenFilter - [doFilterInternal,43] - url:/gen/list
21:54:49.684 [http-nio-8080-exec-19] INFO  c.q.v.a.f.s.f.JwtAuthenticationTokenFilter - [doFilterInternal,43] - url:/gen/list
21:54:55.017 [http-nio-8080-exec-20] INFO  c.q.v.a.f.s.f.JwtAuthenticationTokenFilter - [doFilterInternal,43] - url:/gen/edit
21:55:08.514 [http-nio-8080-exec-21] INFO  c.q.v.a.f.s.f.JwtAuthenticationTokenFilter - [doFilterInternal,43] - url:/gen/remove
21:55:08.562 [threadPoolTaskExecutor-1] INFO  c.q.v.a.f.l.l.LogListener - [listenOperLog,39] - 远程操作日志记录成功：SysOperLog(operId=null, title=代码生成, businessType=3, method=com.qh.venus.achilles.sms.system.controller.GenController.remove(), requestMethod=POST, operatorType=1, operName=wedding, deptName=null, operUrl=/gen/remove, operIp=127.0.0.1, operLocation=内网IP, operParam=[
	"116,120,119,111,112,113,114,115,117"
], status=0, errorMsg=null, operTime=null)
21:55:08.597 [http-nio-8080-exec-22] INFO  c.q.v.a.f.s.f.JwtAuthenticationTokenFilter - [doFilterInternal,43] - url:/gen/list
21:55:10.849 [http-nio-8080-exec-23] INFO  c.q.v.a.f.s.f.JwtAuthenticationTokenFilter - [doFilterInternal,43] - url:/gen/db/list
21:55:15.480 [http-nio-8080-exec-24] INFO  c.q.v.a.f.s.f.JwtAuthenticationTokenFilter - [doFilterInternal,43] - url:/gen/db/list
21:55:19.543 [http-nio-8080-exec-25] INFO  c.q.v.a.f.s.f.JwtAuthenticationTokenFilter - [doFilterInternal,43] - url:/gen/importTable
21:55:19.638 [threadPoolTaskExecutor-2] INFO  c.q.v.a.f.l.l.LogListener - [listenOperLog,39] - 远程操作日志记录成功：SysOperLog(operId=null, title=代码生成, businessType=6, method=com.qh.venus.achilles.sms.system.controller.GenController.importTableSave(), requestMethod=POST, operatorType=1, operName=wedding, deptName=null, operUrl=/gen/importTable, operIp=127.0.0.1, operLocation=内网IP, operParam=[
	"hun_member"
], status=0, errorMsg=null, operTime=null)
21:55:19.679 [http-nio-8080-exec-26] INFO  c.q.v.a.f.s.f.JwtAuthenticationTokenFilter - [doFilterInternal,43] - url:/gen/list
21:55:27.408 [http-nio-8080-exec-27] INFO  c.q.v.a.f.s.f.JwtAuthenticationTokenFilter - [doFilterInternal,43] - url:/gen/edit
21:59:08.751 [http-nio-8080-exec-28] INFO  c.q.v.a.f.s.f.JwtAuthenticationTokenFilter - [doFilterInternal,43] - url:/system/dict/type/list
21:59:47.552 [http-nio-8080-exec-29] INFO  c.q.v.a.f.s.f.JwtAuthenticationTokenFilter - [doFilterInternal,43] - url:/system/dict/type/save
21:59:47.599 [threadPoolTaskExecutor-3] INFO  c.q.v.a.f.l.l.LogListener - [listenOperLog,39] - 远程操作日志记录成功：SysOperLog(operId=null, title=字典类型, businessType=1, method=com.qh.venus.achilles.sms.system.controller.SysDictTypeController.addSave(), requestMethod=POST, operatorType=1, operName=wedding, deptName=null, operUrl=/system/dict/type/save, operIp=127.0.0.1, operLocation=内网IP, operParam=[
	{
		"dictId":0,
		"dictName":"会员卡类型",
		"dictType":"hun_member_card_type",
		"params":{},
		"status":"0"
	}
], status=0, errorMsg=null, operTime=null)
21:59:47.656 [http-nio-8080-exec-30] INFO  c.q.v.a.f.s.f.JwtAuthenticationTokenFilter - [doFilterInternal,43] - url:/system/dict/type/list
21:59:50.221 [http-nio-8080-exec-1] INFO  c.q.v.a.f.s.f.JwtAuthenticationTokenFilter - [doFilterInternal,43] - url:/system/dict/type/list
22:01:48.379 [http-nio-8080-exec-2] INFO  c.q.v.a.f.s.f.JwtAuthenticationTokenFilter - [doFilterInternal,43] - url:/system/dict/data/list
22:02:30.667 [http-nio-8080-exec-3] INFO  c.q.v.a.f.s.f.JwtAuthenticationTokenFilter - [doFilterInternal,43] - url:/system/dict/data/save
22:02:30.696 [threadPoolTaskExecutor-4] INFO  c.q.v.a.f.l.l.LogListener - [listenOperLog,39] - 远程操作日志记录成功：SysOperLog(operId=null, title=字典数据, businessType=1, method=com.qh.venus.achilles.sms.system.controller.SysDictDataController.addSave(), requestMethod=POST, operatorType=1, operName=wedding, deptName=null, operUrl=/system/dict/data/save, operIp=127.0.0.1, operLocation=内网IP, operParam=[
	{
		"dictCode":0,
		"dictLabel":"卡式",
		"dictSort":1,
		"dictType":"hun_member_card_type",
		"dictValue":"1",
		"params":{},
		"status":"0"
	}
], status=0, errorMsg=null, operTime=null)
22:02:30.730 [http-nio-8080-exec-4] INFO  c.q.v.a.f.s.f.JwtAuthenticationTokenFilter - [doFilterInternal,43] - url:/system/dict/data/list
22:02:42.776 [http-nio-8080-exec-5] INFO  c.q.v.a.f.s.f.JwtAuthenticationTokenFilter - [doFilterInternal,43] - url:/system/dict/data/save
22:02:42.797 [threadPoolTaskExecutor-5] INFO  c.q.v.a.f.l.l.LogListener - [listenOperLog,39] - 远程操作日志记录成功：SysOperLog(operId=null, title=字典数据, businessType=1, method=com.qh.venus.achilles.sms.system.controller.SysDictDataController.addSave(), requestMethod=POST, operatorType=1, operName=wedding, deptName=null, operUrl=/system/dict/data/save, operIp=127.0.0.1, operLocation=内网IP, operParam=[
	{
		"dictCode":0,
		"dictLabel":"手机号码",
		"dictSort":2,
		"dictType":"hun_member_card_type",
		"dictValue":"2",
		"params":{},
		"status":"0"
	}
], status=0, errorMsg=null, operTime=null)
22:02:42.831 [http-nio-8080-exec-6] INFO  c.q.v.a.f.s.f.JwtAuthenticationTokenFilter - [doFilterInternal,43] - url:/system/dict/data/list
22:02:53.381 [http-nio-8080-exec-7] INFO  c.q.v.a.f.s.f.JwtAuthenticationTokenFilter - [doFilterInternal,43] - url:/system/dict/data/save
22:02:53.402 [threadPoolTaskExecutor-6] INFO  c.q.v.a.f.l.l.LogListener - [listenOperLog,39] - 远程操作日志记录成功：SysOperLog(operId=null, title=字典数据, businessType=1, method=com.qh.venus.achilles.sms.system.controller.SysDictDataController.addSave(), requestMethod=POST, operatorType=1, operName=wedding, deptName=null, operUrl=/system/dict/data/save, operIp=127.0.0.1, operLocation=内网IP, operParam=[
	{
		"dictCode":0,
		"dictLabel":"其他",
		"dictSort":3,
		"dictType":"hun_member_card_type",
		"dictValue":"3",
		"params":{},
		"status":"0"
	}
], status=0, errorMsg=null, operTime=null)
22:02:53.438 [http-nio-8080-exec-8] INFO  c.q.v.a.f.s.f.JwtAuthenticationTokenFilter - [doFilterInternal,43] - url:/system/dict/data/list
