21:43:24.508 [http-nio-8080-exec-4] INFO  o.a.t.u.h.p.Cookie - [log,173] - A cookie header was received [1603288005,1605364505; loginToken=Bearer%20eyJhbGciOiJIUzUxMiJ9.eyJzdWIiOiJ1c2VyIiwiY3JlYXRlZCI6MTYwNTM2NDU0OTA1MiwiZXhwIjoxNjA1OTY5MzQ5fQ.rDug5Nf0-MRegp3KZmcdJ8tyNsU1NFYLQbITNY63MbMrBSOIirVafw99HDdniasKN-DgYjujd3JbzQ-TtwfROg; sidebarStatus=1; Hm_lpvt_8b02a318fde5831da10426656a43d03c=1605364839] that contained an invalid cookie. That cookie will be ignored.Note: further occurrences of this error will be logged at DEBUG level.
21:43:24.532 [http-nio-8080-exec-4] INFO  c.q.v.a.f.s.f.JwtAuthenticationTokenFilter - [doFilterInternal,43] - url:/code
21:43:28.325 [Thread-21] INFO  o.q.c.QuartzScheduler - [standby,585] - Scheduler quartzScheduler_$_NON_CLUSTERED paused.
21:43:28.358 [Thread-21] INFO  o.s.s.q.SchedulerFactoryBean - [destroy,844] - Shutting down Quartz Scheduler
21:43:28.358 [Thread-21] INFO  o.q.c.QuartzScheduler - [shutdown,666] - Scheduler quartzScheduler_$_NON_CLUSTERED shutting down.
21:43:28.359 [Thread-21] INFO  o.q.c.QuartzScheduler - [standby,585] - Scheduler quartzScheduler_$_NON_CLUSTERED paused.
21:43:28.361 [Thread-21] INFO  o.q.c.QuartzScheduler - [shutdown,740] - Scheduler quartzScheduler_$_NON_CLUSTERED shutdown complete.
21:43:28.375 [Thread-21] INFO  o.s.s.c.ThreadPoolTaskExecutor - [shutdown,208] - Shutting down ExecutorService 'threadPoolTaskExecutor'
21:43:28.390 [Thread-21] INFO  sys-user - [shutdownAsyncManager,36] - ====关闭后台任务任务线程池====
21:43:28.408 [Thread-21] INFO  c.a.d.p.DruidDataSource - [close,1928] - {dataSource-1} closed
21:43:33.998 [main] INFO  c.q.v.a.RunApplication - [logStarting,50] - Starting RunApplication on cxdpcdeMacBook-Pro.local with PID 6111 (/Users/cxdpc/WorkSpaces/idea_workspace/wedding-manager/target/classes started by cxdpc in /Users/cxdpc/WorkSpaces/idea_workspace/wedding-manager)
21:43:34.005 [main] INFO  c.q.v.a.RunApplication - [logStartupProfileInfo,679] - The following profiles are active: caoxiaodong
21:43:34.063 [main] INFO  o.s.b.d.e.DevToolsPropertyDefaultsPostProcessor - [logTo,227] - For additional web related logging consider setting the 'logging.level.web' property to 'DEBUG'
21:43:35.512 [main] INFO  o.s.d.r.c.RepositoryConfigurationDelegate - [multipleStoresDetected,244] - Multiple Spring Data modules found, entering strict repository configuration mode!
21:43:35.515 [main] INFO  o.s.d.r.c.RepositoryConfigurationDelegate - [registerRepositoriesIn,126] - Bootstrapping Spring Data repositories in DEFAULT mode.
21:43:35.584 [main] INFO  o.s.d.r.c.RepositoryConfigurationDelegate - [registerRepositoriesIn,182] - Finished Spring Data repository scanning in 48ms. Found 0 repository interfaces.
21:43:36.053 [main] INFO  o.s.c.s.PostProcessorRegistrationDelegate$BeanPostProcessorChecker - [postProcessAfterInitialization,330] - Bean 'org.springframework.amqp.rabbit.annotation.RabbitBootstrapConfiguration' of type [org.springframework.amqp.rabbit.annotation.RabbitBootstrapConfiguration$$EnhancerBySpringCGLIB$$61a1d1eb] is not eligible for getting processed by all BeanPostProcessors (for example: not eligible for auto-proxying)
21:43:36.129 [main] INFO  o.s.c.s.PostProcessorRegistrationDelegate$BeanPostProcessorChecker - [postProcessAfterInitialization,330] - Bean 'org.springframework.transaction.annotation.ProxyTransactionManagementConfiguration' of type [org.springframework.transaction.annotation.ProxyTransactionManagementConfiguration$$EnhancerBySpringCGLIB$$9b3613bd] is not eligible for getting processed by all BeanPostProcessors (for example: not eligible for auto-proxying)
21:43:36.380 [main] INFO  o.s.c.s.PostProcessorRegistrationDelegate$BeanPostProcessorChecker - [postProcessAfterInitialization,330] - Bean 'org.springframework.security.config.annotation.configuration.ObjectPostProcessorConfiguration' of type [org.springframework.security.config.annotation.configuration.ObjectPostProcessorConfiguration$$EnhancerBySpringCGLIB$$33e3dbf7] is not eligible for getting processed by all BeanPostProcessors (for example: not eligible for auto-proxying)
21:43:36.390 [main] INFO  o.s.c.s.PostProcessorRegistrationDelegate$BeanPostProcessorChecker - [postProcessAfterInitialization,330] - Bean 'objectPostProcessor' of type [org.springframework.security.config.annotation.configuration.AutowireBeanFactoryObjectPostProcessor] is not eligible for getting processed by all BeanPostProcessors (for example: not eligible for auto-proxying)
21:43:36.396 [main] INFO  o.s.c.s.PostProcessorRegistrationDelegate$BeanPostProcessorChecker - [postProcessAfterInitialization,330] - Bean 'org.springframework.security.access.expression.method.DefaultMethodSecurityExpressionHandler@1cee2e10' of type [org.springframework.security.access.expression.method.DefaultMethodSecurityExpressionHandler] is not eligible for getting processed by all BeanPostProcessors (for example: not eligible for auto-proxying)
21:43:36.397 [main] INFO  o.s.c.s.PostProcessorRegistrationDelegate$BeanPostProcessorChecker - [postProcessAfterInitialization,330] - Bean 'org.springframework.security.config.annotation.method.configuration.GlobalMethodSecurityConfiguration' of type [org.springframework.security.config.annotation.method.configuration.GlobalMethodSecurityConfiguration$$EnhancerBySpringCGLIB$$58b87ea9] is not eligible for getting processed by all BeanPostProcessors (for example: not eligible for auto-proxying)
21:43:36.415 [main] INFO  o.s.c.s.PostProcessorRegistrationDelegate$BeanPostProcessorChecker - [postProcessAfterInitialization,330] - Bean 'methodSecurityMetadataSource' of type [org.springframework.security.access.method.DelegatingMethodSecurityMetadataSource] is not eligible for getting processed by all BeanPostProcessors (for example: not eligible for auto-proxying)
21:43:36.968 [main] INFO  o.s.b.w.e.t.TomcatWebServer - [initialize,90] - Tomcat initialized with port(s): 8080 (http)
21:43:36.988 [main] INFO  o.a.c.h.Http11NioProtocol - [log,173] - Initializing ProtocolHandler ["http-nio-8080"]
21:43:36.993 [main] INFO  o.a.c.c.StandardService - [log,173] - Starting service [Tomcat]
21:43:36.993 [main] INFO  o.a.c.c.StandardEngine - [log,173] - Starting Servlet Engine: Apache Tomcat/9.0.12
21:43:37.001 [main] INFO  o.a.c.c.AprLifecycleListener - [log,173] - The APR based Apache Tomcat Native library which allows optimal performance in production environments was not found on the java.library.path: [/Users/cxdpc/Library/Java/Extensions:/Library/Java/Extensions:/Network/Library/Java/Extensions:/System/Library/Java/Extensions:/usr/lib/java:.]
21:43:37.131 [main] INFO  o.a.c.c.C.[.[.[/] - [log,173] - Initializing Spring embedded WebApplicationContext
21:43:37.132 [main] INFO  o.s.w.c.ContextLoader - [prepareWebApplicationContext,285] - Root WebApplicationContext: initialization completed in 3068 ms
21:43:38.682 [main] INFO  o.s.b.w.s.FilterRegistrationBean - [configure,261] - Mapping filter: 'xssFilter' to urls: [/system/*, /monitor/*, /tool/*, /pts/sys/*]
21:43:38.683 [main] INFO  o.s.b.w.s.FilterRegistrationBean - [configure,248] - Mapping filter: 'characterEncodingFilter' to: [/*]
21:43:38.683 [main] INFO  o.s.b.w.s.FilterRegistrationBean - [configure,248] - Mapping filter: 'hiddenHttpMethodFilter' to: [/*]
21:43:38.683 [main] INFO  o.s.b.w.s.FilterRegistrationBean - [configure,248] - Mapping filter: 'formContentFilter' to: [/*]
21:43:38.683 [main] INFO  o.s.b.w.s.FilterRegistrationBean - [configure,248] - Mapping filter: 'requestContextFilter' to: [/*]
21:43:38.684 [main] INFO  o.s.b.w.s.DelegatingFilterProxyRegistrationBean - [configure,248] - Mapping filter: 'springSecurityFilterChain' to: [/*]
21:43:38.684 [main] INFO  o.s.b.w.s.FilterRegistrationBean - [configure,261] - Mapping filter: 'object' to urls: [/druid/js/common.js]
21:43:38.684 [main] INFO  o.s.b.w.s.FilterRegistrationBean - [configure,261] - Mapping filter: 'repeatableFilter' to urls: [/*]
21:43:38.685 [main] INFO  o.s.b.w.s.FilterRegistrationBean - [configure,261] - Mapping filter: 'webStatFilter' to urls: [/*]
21:43:38.685 [main] INFO  o.s.b.w.s.FilterRegistrationBean - [configure,248] - Mapping filter: 'jwtAuthenticationTokenFilter' to: [/*]
21:43:38.685 [main] INFO  o.s.b.w.s.ServletRegistrationBean - [addRegistration,186] - Servlet dispatcherServlet mapped to [/]
21:43:38.687 [main] INFO  o.s.b.w.s.ServletRegistrationBean - [addRegistration,186] - Servlet statViewServlet mapped to [/druid/*]
21:43:40.319 [main] INFO  s.d.s.w.PropertySourcedRequestMappingHandlerMapping - [initHandlerMethods,69] - Mapped URL path [/v2/api-docs] onto method [public org.springframework.http.ResponseEntity<springfox.documentation.spring.web.json.Json> springfox.documentation.swagger2.web.Swagger2Controller.getDocumentation(java.lang.String,javax.servlet.http.HttpServletRequest)]
21:43:40.368 [main] INFO  o.s.s.c.ThreadPoolTaskExecutor - [initialize,171] - Initializing ExecutorService 'threadPoolTaskExecutor'
21:43:41.455 [main] INFO  o.f.c.i.l.VersionPrinter - [info,49] - Flyway Community Edition 5.2.1 by Boxfuse
21:43:42.197 [main] INFO  c.a.d.p.DruidDataSource - [init,991] - {dataSource-1} inited
21:43:42.198 [main] INFO  o.f.c.i.d.DatabaseFactory - [info,49] - Database: jdbc:mysql://127.0.0.1:3306/hun_dev (MySQL 5.7)
21:43:42.635 [main] INFO  o.f.c.i.c.DbValidate - [info,49] - Successfully validated 4 migrations (execution time 00:00.260s)
21:43:42.647 [main] INFO  o.f.c.i.c.DbMigrate - [info,49] - Current version of schema `hun_dev`: 1.0.0.1.3
21:43:42.648 [main] INFO  o.f.c.i.c.DbMigrate - [info,49] - Schema `hun_dev` is up to date. No migration necessary.
21:43:42.945 [main] INFO  o.q.i.StdSchedulerFactory - [instantiate,1208] - Using default implementation for ThreadExecutor
21:43:42.966 [main] INFO  o.q.c.SchedulerSignalerImpl - [<init>,61] - Initialized Scheduler Signaller of type: class org.quartz.core.SchedulerSignalerImpl
21:43:42.966 [main] INFO  o.q.c.QuartzScheduler - [<init>,229] - Quartz Scheduler v.2.3.0 created.
21:43:42.967 [main] INFO  o.q.s.RAMJobStore - [initialize,155] - RAMJobStore initialized.
21:43:42.968 [main] INFO  o.q.c.QuartzScheduler - [initialize,294] - Scheduler meta-data: Quartz Scheduler (v2.3.0) 'quartzScheduler' with instanceId 'NON_CLUSTERED'
  Scheduler class: 'org.quartz.core.QuartzScheduler' - running locally.
  NOT STARTED.
  Currently in standby mode.
  Number of jobs executed: 0
  Using thread pool 'org.quartz.simpl.SimpleThreadPool' - with 10 threads.
  Using job-store 'org.quartz.simpl.RAMJobStore' - which does not support persistence. and is not clustered.

21:43:42.968 [main] INFO  o.q.i.StdSchedulerFactory - [instantiate,1362] - Quartz scheduler 'quartzScheduler' initialized from an externally provided properties instance.
21:43:42.968 [main] INFO  o.q.i.StdSchedulerFactory - [instantiate,1366] - Quartz scheduler version: 2.3.0
21:43:42.968 [main] INFO  o.q.c.QuartzScheduler - [setJobFactory,2287] - JobFactory set to: org.springframework.scheduling.quartz.SpringBeanJobFactory@77e64a46
21:43:43.164 [main] INFO  o.s.s.w.DefaultSecurityFilterChain - [<init>,43] - Creating filter chain: any request, [org.springframework.security.web.context.request.async.WebAsyncManagerIntegrationFilter@68a1bb31, org.springframework.security.web.context.SecurityContextPersistenceFilter@403b7be3, org.springframework.security.web.header.HeaderWriterFilter@5603632c, org.springframework.security.web.authentication.logout.LogoutFilter@60cbba57, com.qh.venus.achilles.framework.security.filter.JwtAuthenticationTokenFilter@1cab19e2, org.springframework.security.web.savedrequest.RequestCacheAwareFilter@374013e8, org.springframework.security.web.servletapi.SecurityContextHolderAwareRequestFilter@726d0482, org.springframework.security.web.authentication.AnonymousAuthenticationFilter@344f4a82, org.springframework.security.web.session.SessionManagementFilter@5924ea91, org.springframework.security.web.access.ExceptionTranslationFilter@5799b8a2, org.springframework.security.web.access.intercept.FilterSecurityInterceptor@79827e71]
21:43:43.346 [main] INFO  s.d.s.w.p.DocumentationPluginsBootstrapper - [start,160] - Context refreshed
21:43:43.378 [main] INFO  s.d.s.w.p.DocumentationPluginsBootstrapper - [start,163] - Found 1 custom documentation plugin(s)
21:43:43.434 [main] INFO  s.d.s.w.s.ApiListingReferenceScanner - [scan,41] - Scanning for api listing references
21:43:43.571 [main] INFO  o.s.s.q.SchedulerFactoryBean - [startScheduler,726] - Starting Quartz Scheduler now
21:43:43.572 [main] INFO  o.q.c.QuartzScheduler - [start,547] - Scheduler quartzScheduler_$_NON_CLUSTERED started.
21:43:43.580 [main] INFO  o.a.c.h.Http11NioProtocol - [log,173] - Starting ProtocolHandler ["http-nio-8080"]
21:43:43.599 [main] INFO  o.a.t.u.n.NioSelectorPool - [log,173] - Using a shared selector for servlet write/read
21:43:43.617 [main] INFO  o.s.b.w.e.t.TomcatWebServer - [start,204] - Tomcat started on port(s): 8080 (http) with context path ''
21:43:43.621 [main] INFO  c.q.v.a.RunApplication - [logStarted,59] - Started RunApplication in 10.132 seconds (JVM running for 11.624)
22:28:29.799 [http-nio-8080-exec-1] INFO  o.a.t.u.h.p.Cookie - [log,173] - A cookie header was received [1603288005,1605364505; loginToken=Bearer%20eyJhbGciOiJIUzUxMiJ9.eyJzdWIiOiJ1c2VyIiwiY3JlYXRlZCI6MTYwNTM2NDU0OTA1MiwiZXhwIjoxNjA1OTY5MzQ5fQ.rDug5Nf0-MRegp3KZmcdJ8tyNsU1NFYLQbITNY63MbMrBSOIirVafw99HDdniasKN-DgYjujd3JbzQ-TtwfROg; sidebarStatus=1; Hm_lpvt_8b02a318fde5831da10426656a43d03c=1605364839] that contained an invalid cookie. That cookie will be ignored.Note: further occurrences of this error will be logged at DEBUG level.
22:28:29.808 [http-nio-8080-exec-1] INFO  o.a.c.c.C.[.[.[/] - [log,173] - Initializing Spring DispatcherServlet 'dispatcherServlet'
22:28:29.808 [http-nio-8080-exec-1] INFO  o.s.w.s.DispatcherServlet - [initServletBean,521] - Initializing Servlet 'dispatcherServlet'
22:28:29.827 [http-nio-8080-exec-1] INFO  o.s.w.s.DispatcherServlet - [initServletBean,543] - Completed initialization in 19 ms
22:28:29.852 [http-nio-8080-exec-1] INFO  c.q.v.a.f.s.f.JwtAuthenticationTokenFilter - [doFilterInternal,43] - url:/code
22:28:32.041 [http-nio-8080-exec-1] INFO  i.l.c.EpollProvider - [info,101] - Starting without optional epoll library
22:28:32.043 [http-nio-8080-exec-1] INFO  i.l.c.KqueueProvider - [info,101] - Starting without optional kqueue library
22:28:36.719 [http-nio-8080-exec-2] INFO  c.q.v.a.f.s.f.JwtAuthenticationTokenFilter - [doFilterInternal,43] - url:/auth/login
22:28:37.171 [schedule-pool-1] INFO  sys-user - [run,61] - [127.0.0.1]内网IP[admin][Success][登录成功]
22:28:37.301 [http-nio-8080-exec-3] INFO  c.q.v.a.f.s.f.JwtAuthenticationTokenFilter - [doFilterInternal,43] - url:/system/user/info
22:28:37.442 [http-nio-8080-exec-4] INFO  c.q.v.a.f.s.f.JwtAuthenticationTokenFilter - [doFilterInternal,43] - url:/system/topMenu/list
22:28:37.494 [http-nio-8080-exec-5] INFO  c.q.v.a.f.s.f.JwtAuthenticationTokenFilter - [doFilterInternal,43] - url:/system/menu/user
22:28:40.740 [http-nio-8080-exec-6] INFO  c.q.v.a.f.s.f.JwtAuthenticationTokenFilter - [doFilterInternal,43] - url:/system/user/info
22:28:40.790 [http-nio-8080-exec-7] INFO  c.q.v.a.f.s.f.JwtAuthenticationTokenFilter - [doFilterInternal,43] - url:/system/topMenu/list
22:28:40.979 [http-nio-8080-exec-8] INFO  c.q.v.a.f.s.f.JwtAuthenticationTokenFilter - [doFilterInternal,43] - url:/system/menu/user
22:28:41.252 [http-nio-8080-exec-9] INFO  c.q.v.a.f.s.f.JwtAuthenticationTokenFilter - [doFilterInternal,43] - url:/openfile/2020/11/12/ecc3086d41d67feeafb42fd8b6a8be5c.png
22:28:41.252 [http-nio-8080-exec-10] INFO  c.q.v.a.f.s.f.JwtAuthenticationTokenFilter - [doFilterInternal,43] - url:/openfile/2020/11/12/4b2967a3cdc6946d052a927366defbb3.png
22:28:41.297 [http-nio-8080-exec-11] INFO  c.q.v.a.f.s.f.JwtAuthenticationTokenFilter - [doFilterInternal,43] - url:/system/dept/list/enable
22:28:41.307 [http-nio-8080-exec-12] INFO  c.q.v.a.f.s.f.JwtAuthenticationTokenFilter - [doFilterInternal,43] - url:/system/user/list
22:28:41.307 [http-nio-8080-exec-13] INFO  c.q.v.a.f.s.f.JwtAuthenticationTokenFilter - [doFilterInternal,43] - url:/system/role/all
22:28:44.192 [http-nio-8080-exec-14] INFO  c.q.v.a.f.s.f.JwtAuthenticationTokenFilter - [doFilterInternal,43] - url:/system/dict/data/type
22:28:44.192 [http-nio-8080-exec-15] INFO  c.q.v.a.f.s.f.JwtAuthenticationTokenFilter - [doFilterInternal,43] - url:/system/dict/data/type
22:28:44.196 [http-nio-8080-exec-16] INFO  c.q.v.a.f.s.f.JwtAuthenticationTokenFilter - [doFilterInternal,43] - url:/system/dict/data/type
22:28:44.197 [http-nio-8080-exec-17] INFO  c.q.v.a.f.s.f.JwtAuthenticationTokenFilter - [doFilterInternal,43] - url:/pts/member/hunMember/list
22:28:44.236 [http-nio-8080-exec-18] INFO  c.q.v.a.f.s.f.JwtAuthenticationTokenFilter - [doFilterInternal,43] - url:/system/dict/data/type
22:28:44.236 [http-nio-8080-exec-19] INFO  c.q.v.a.f.s.f.JwtAuthenticationTokenFilter - [doFilterInternal,43] - url:/system/dict/data/type
22:28:44.239 [http-nio-8080-exec-20] INFO  c.q.v.a.f.s.f.JwtAuthenticationTokenFilter - [doFilterInternal,43] - url:/system/dict/data/type
22:28:44.276 [threadPoolTaskExecutor-1] INFO  c.q.v.a.f.l.l.LogListener - [listenOperLog,39] - 远程操作日志记录成功：SysOperLog(operId=null, title=删除会员管理, businessType=10, method=com.qh.venus.achilles.pts.member.controller.HunMemberController.list(), requestMethod=GET, operatorType=1, operName=admin, deptName=null, operUrl=/pts/member/hunMember/list, operIp=127.0.0.1, operLocation=内网IP, operParam=[
	{
		"params":{}
	}
], status=0, errorMsg=null, operTime=null)
22:28:46.206 [http-nio-8080-exec-22] INFO  c.q.v.a.f.s.f.JwtAuthenticationTokenFilter - [doFilterInternal,43] - url:/system/dict/data/type
22:28:46.206 [http-nio-8080-exec-21] INFO  c.q.v.a.f.s.f.JwtAuthenticationTokenFilter - [doFilterInternal,43] - url:/pts/dating/hunDating/list
22:28:46.248 [threadPoolTaskExecutor-2] INFO  c.q.v.a.f.l.l.LogListener - [listenOperLog,39] - 远程操作日志记录成功：SysOperLog(operId=null, title=删除相亲, businessType=10, method=com.qh.venus.achilles.pts.dating.controller.HunDatingController.list(), requestMethod=GET, operatorType=1, operName=admin, deptName=null, operUrl=/pts/dating/hunDating/list, operIp=127.0.0.1, operLocation=内网IP, operParam=[
	{
		"params":{}
	}
], status=0, errorMsg=null, operTime=null)
22:28:46.964 [http-nio-8080-exec-23] INFO  c.q.v.a.f.s.f.JwtAuthenticationTokenFilter - [doFilterInternal,43] - url:/system/dict/data/type
22:28:46.965 [http-nio-8080-exec-24] INFO  c.q.v.a.f.s.f.JwtAuthenticationTokenFilter - [doFilterInternal,43] - url:/system/dict/data/type
22:28:46.967 [http-nio-8080-exec-25] INFO  c.q.v.a.f.s.f.JwtAuthenticationTokenFilter - [doFilterInternal,43] - url:/pts/match/hunMatch/list
22:28:46.979 [http-nio-8080-exec-27] INFO  c.q.v.a.f.s.f.JwtAuthenticationTokenFilter - [doFilterInternal,43] - url:/system/dict/data/type
22:28:46.979 [http-nio-8080-exec-26] INFO  c.q.v.a.f.s.f.JwtAuthenticationTokenFilter - [doFilterInternal,43] - url:/system/dict/data/type
22:28:47.029 [threadPoolTaskExecutor-3] INFO  c.q.v.a.f.l.l.LogListener - [listenOperLog,39] - 远程操作日志记录成功：SysOperLog(operId=null, title=删除配对, businessType=10, method=com.qh.venus.achilles.pts.match.controller.HunMatchController.list(), requestMethod=GET, operatorType=1, operName=admin, deptName=null, operUrl=/pts/match/hunMatch/list, operIp=127.0.0.1, operLocation=内网IP, operParam=[
	{
		"params":{}
	}
], status=0, errorMsg=null, operTime=null)
22:28:47.787 [http-nio-8080-exec-28] INFO  c.q.v.a.f.s.f.JwtAuthenticationTokenFilter - [doFilterInternal,43] - url:/system/dict/data/type
22:28:47.787 [http-nio-8080-exec-29] INFO  c.q.v.a.f.s.f.JwtAuthenticationTokenFilter - [doFilterInternal,43] - url:/system/dict/data/type
22:28:47.794 [http-nio-8080-exec-30] INFO  c.q.v.a.f.s.f.JwtAuthenticationTokenFilter - [doFilterInternal,43] - url:/system/dict/data/type
22:28:47.794 [http-nio-8080-exec-2] INFO  c.q.v.a.f.s.f.JwtAuthenticationTokenFilter - [doFilterInternal,43] - url:/system/dict/data/type
22:28:47.794 [http-nio-8080-exec-3] INFO  c.q.v.a.f.s.f.JwtAuthenticationTokenFilter - [doFilterInternal,43] - url:/system/dict/data/type
22:28:47.794 [http-nio-8080-exec-1] INFO  c.q.v.a.f.s.f.JwtAuthenticationTokenFilter - [doFilterInternal,43] - url:/system/dict/data/type
22:28:47.810 [http-nio-8080-exec-4] INFO  c.q.v.a.f.s.f.JwtAuthenticationTokenFilter - [doFilterInternal,43] - url:/pts/custom/custom/list
22:28:47.810 [http-nio-8080-exec-5] INFO  c.q.v.a.f.s.f.JwtAuthenticationTokenFilter - [doFilterInternal,43] - url:/system/dict/data/type
22:28:47.818 [http-nio-8080-exec-6] INFO  c.q.v.a.f.s.f.JwtAuthenticationTokenFilter - [doFilterInternal,43] - url:/system/dict/data/type
22:28:47.818 [http-nio-8080-exec-7] INFO  c.q.v.a.f.s.f.JwtAuthenticationTokenFilter - [doFilterInternal,43] - url:/system/dict/data/type
22:28:47.820 [http-nio-8080-exec-8] INFO  c.q.v.a.f.s.f.JwtAuthenticationTokenFilter - [doFilterInternal,43] - url:/system/dict/data/type
22:28:47.823 [http-nio-8080-exec-9] INFO  c.q.v.a.f.s.f.JwtAuthenticationTokenFilter - [doFilterInternal,43] - url:/system/dict/data/type
22:28:47.833 [http-nio-8080-exec-10] INFO  c.q.v.a.f.s.f.JwtAuthenticationTokenFilter - [doFilterInternal,43] - url:/system/dict/data/type
22:28:47.846 [http-nio-8080-exec-11] INFO  c.q.v.a.f.s.f.JwtAuthenticationTokenFilter - [doFilterInternal,43] - url:/system/dict/data/type
22:28:47.878 [threadPoolTaskExecutor-4] INFO  c.q.v.a.f.l.l.LogListener - [listenOperLog,39] - 远程操作日志记录成功：SysOperLog(operId=null, title=删除客户管理, businessType=10, method=com.qh.venus.achilles.pts.custom.controller.HunCustomController.list(), requestMethod=GET, operatorType=1, operName=admin, deptName=null, operUrl=/pts/custom/custom/list, operIp=127.0.0.1, operLocation=内网IP, operParam=[
	{
		"matchFail":0,
		"matchSuccess":0,
		"matching":0,
		"params":{},
		"totalMatch":0
	}
], status=0, errorMsg=null, operTime=null)
22:28:48.400 [http-nio-8080-exec-13] INFO  c.q.v.a.f.s.f.JwtAuthenticationTokenFilter - [doFilterInternal,43] - url:/system/dict/data/type
22:28:48.401 [http-nio-8080-exec-12] INFO  c.q.v.a.f.s.f.JwtAuthenticationTokenFilter - [doFilterInternal,43] - url:/system/dict/data/type
22:28:48.401 [http-nio-8080-exec-14] INFO  c.q.v.a.f.s.f.JwtAuthenticationTokenFilter - [doFilterInternal,43] - url:/pts/relation/hunAgent/list
22:28:48.413 [http-nio-8080-exec-16] INFO  c.q.v.a.f.s.f.JwtAuthenticationTokenFilter - [doFilterInternal,43] - url:/system/dict/data/type
22:28:48.413 [http-nio-8080-exec-15] INFO  c.q.v.a.f.s.f.JwtAuthenticationTokenFilter - [doFilterInternal,43] - url:/system/dict/data/type
22:28:48.434 [threadPoolTaskExecutor-5] INFO  c.q.v.a.f.l.l.LogListener - [listenOperLog,39] - 远程操作日志记录成功：SysOperLog(operId=null, title=删除代理人, businessType=10, method=com.qh.venus.achilles.pts.relation.controller.HunAgentController.list(), requestMethod=GET, operatorType=1, operName=admin, deptName=null, operUrl=/pts/relation/hunAgent/list, operIp=127.0.0.1, operLocation=内网IP, operParam=[
	{
		"params":{}
	}
], status=0, errorMsg=null, operTime=null)
22:31:38.939 [http-nio-8080-exec-19] INFO  c.q.v.a.f.s.f.JwtAuthenticationTokenFilter - [doFilterInternal,43] - url:/system/dict/data/type
22:31:38.945 [http-nio-8080-exec-18] INFO  c.q.v.a.f.s.f.JwtAuthenticationTokenFilter - [doFilterInternal,43] - url:/system/dict/data/type
22:31:38.946 [http-nio-8080-exec-20] INFO  c.q.v.a.f.s.f.JwtAuthenticationTokenFilter - [doFilterInternal,43] - url:/system/dict/data/type
22:31:38.948 [http-nio-8080-exec-22] INFO  c.q.v.a.f.s.f.JwtAuthenticationTokenFilter - [doFilterInternal,43] - url:/system/dict/data/type
22:31:38.948 [http-nio-8080-exec-17] INFO  c.q.v.a.f.s.f.JwtAuthenticationTokenFilter - [doFilterInternal,43] - url:/system/dict/data/type
22:31:38.949 [http-nio-8080-exec-21] INFO  c.q.v.a.f.s.f.JwtAuthenticationTokenFilter - [doFilterInternal,43] - url:/pts/matchmaker/hunMatchmaker/list
22:31:38.964 [http-nio-8080-exec-20] INFO  c.q.v.a.f.s.f.JwtAuthenticationTokenFilter - [doFilterInternal,43] - url:/system/dict/data/type
22:31:38.972 [http-nio-8080-exec-23] INFO  c.q.v.a.f.s.f.JwtAuthenticationTokenFilter - [doFilterInternal,43] - url:/system/dict/data/type
22:31:38.972 [http-nio-8080-exec-22] INFO  c.q.v.a.f.s.f.JwtAuthenticationTokenFilter - [doFilterInternal,43] - url:/system/dict/data/type
22:31:38.976 [http-nio-8080-exec-27] INFO  c.q.v.a.f.s.f.JwtAuthenticationTokenFilter - [doFilterInternal,43] - url:/system/dict/data/type
22:31:38.982 [http-nio-8080-exec-20] INFO  c.q.v.a.f.s.f.JwtAuthenticationTokenFilter - [doFilterInternal,43] - url:/system/dict/data/type
22:31:39.003 [threadPoolTaskExecutor-6] INFO  c.q.v.a.f.l.l.LogListener - [listenOperLog,39] - 远程操作日志记录成功：SysOperLog(operId=null, title=删除红娘管理, businessType=10, method=com.qh.venus.achilles.pts.matchmaker.controller.HunMatchmakerController.list(), requestMethod=GET, operatorType=1, operName=admin, deptName=null, operUrl=/pts/matchmaker/hunMatchmaker/list, operIp=127.0.0.1, operLocation=内网IP, operParam=[
	{
		"params":{}
	}
], status=0, errorMsg=null, operTime=null)
22:31:46.069 [http-nio-8080-exec-28] INFO  c.q.v.a.f.s.f.JwtAuthenticationTokenFilter - [doFilterInternal,43] - url:/system/dict/data/type
22:31:46.070 [http-nio-8080-exec-29] INFO  c.q.v.a.f.s.f.JwtAuthenticationTokenFilter - [doFilterInternal,43] - url:/system/dict/data/type
22:31:46.070 [http-nio-8080-exec-1] INFO  c.q.v.a.f.s.f.JwtAuthenticationTokenFilter - [doFilterInternal,43] - url:/system/dict/data/type
22:31:47.080 [http-nio-8080-exec-2] INFO  c.q.v.a.f.s.f.JwtAuthenticationTokenFilter - [doFilterInternal,43] - url:/system/dict/data/type
22:31:47.080 [http-nio-8080-exec-30] INFO  c.q.v.a.f.s.f.JwtAuthenticationTokenFilter - [doFilterInternal,43] - url:/system/dict/data/type
22:31:47.085 [http-nio-8080-exec-3] INFO  c.q.v.a.f.s.f.JwtAuthenticationTokenFilter - [doFilterInternal,43] - url:/system/dict/data/type
22:31:47.085 [http-nio-8080-exec-7] INFO  c.q.v.a.f.s.f.JwtAuthenticationTokenFilter - [doFilterInternal,43] - url:/system/dict/data/type
22:31:47.085 [http-nio-8080-exec-5] INFO  c.q.v.a.f.s.f.JwtAuthenticationTokenFilter - [doFilterInternal,43] - url:/system/dict/data/type
22:31:47.085 [http-nio-8080-exec-8] INFO  c.q.v.a.f.s.f.JwtAuthenticationTokenFilter - [doFilterInternal,43] - url:/system/dict/data/type
22:31:47.990 [http-nio-8080-exec-6] INFO  c.q.v.a.f.s.f.JwtAuthenticationTokenFilter - [doFilterInternal,43] - url:/pts/custom/custom/list
22:31:48.019 [threadPoolTaskExecutor-7] INFO  c.q.v.a.f.l.l.LogListener - [listenOperLog,39] - 远程操作日志记录成功：SysOperLog(operId=null, title=删除客户管理, businessType=10, method=com.qh.venus.achilles.pts.custom.controller.HunCustomController.list(), requestMethod=GET, operatorType=1, operName=admin, deptName=null, operUrl=/pts/custom/custom/list, operIp=127.0.0.1, operLocation=内网IP, operParam=[
	{
		"matchFail":0,
		"matchSuccess":0,
		"matching":0,
		"params":{},
		"totalMatch":0
	}
], status=0, errorMsg=null, operTime=null)
22:32:33.970 [http-nio-8080-exec-9] INFO  c.q.v.a.f.s.f.JwtAuthenticationTokenFilter - [doFilterInternal,43] - url:/pts/member/hunMember/update
22:32:34.012 [threadPoolTaskExecutor-8] INFO  c.q.v.a.f.l.l.LogListener - [listenOperLog,39] - 远程操作日志记录成功：SysOperLog(operId=null, title=删除会员管理, businessType=2, method=com.qh.venus.achilles.pts.member.controller.HunMemberController.editSave(), requestMethod=POST, operatorType=1, operName=admin, deptName=null, operUrl=/pts/member/hunMember/update, operIp=127.0.0.1, operLocation=内网IP, operParam=[
	{
		"params":{},
		"updateBy":"admin",
		"updateTime":1606314753993
	}
], status=0, errorMsg=null, operTime=null)
22:48:07.974 [http-nio-8080-exec-10] INFO  c.q.v.a.f.s.f.JwtAuthenticationTokenFilter - [doFilterInternal,43] - url:/system/user/info
22:48:08.162 [http-nio-8080-exec-11] INFO  c.q.v.a.f.s.f.JwtAuthenticationTokenFilter - [doFilterInternal,43] - url:/system/topMenu/list
22:48:08.245 [http-nio-8080-exec-4] INFO  c.q.v.a.f.s.f.JwtAuthenticationTokenFilter - [doFilterInternal,43] - url:/system/menu/user
22:48:08.622 [http-nio-8080-exec-12] INFO  c.q.v.a.f.s.f.JwtAuthenticationTokenFilter - [doFilterInternal,43] - url:/openfile/2020/11/12/ecc3086d41d67feeafb42fd8b6a8be5c.png
22:48:08.622 [http-nio-8080-exec-13] INFO  c.q.v.a.f.s.f.JwtAuthenticationTokenFilter - [doFilterInternal,43] - url:/openfile/2020/11/12/4b2967a3cdc6946d052a927366defbb3.png
22:48:08.671 [http-nio-8080-exec-15] INFO  c.q.v.a.f.s.f.JwtAuthenticationTokenFilter - [doFilterInternal,43] - url:/system/dict/data/type
22:48:08.671 [http-nio-8080-exec-16] INFO  c.q.v.a.f.s.f.JwtAuthenticationTokenFilter - [doFilterInternal,43] - url:/pts/dating/hunDating/list
22:48:08.698 [threadPoolTaskExecutor-9] INFO  c.q.v.a.f.l.l.LogListener - [listenOperLog,39] - 远程操作日志记录成功：SysOperLog(operId=null, title=删除相亲, businessType=10, method=com.qh.venus.achilles.pts.dating.controller.HunDatingController.list(), requestMethod=GET, operatorType=1, operName=admin, deptName=null, operUrl=/pts/dating/hunDating/list, operIp=127.0.0.1, operLocation=内网IP, operParam=[
	{
		"params":{}
	}
], status=0, errorMsg=null, operTime=null)
22:51:52.051 [http-nio-8080-exec-14] INFO  c.q.v.a.f.s.f.JwtAuthenticationTokenFilter - [doFilterInternal,43] - url:/system/dict/data/type
22:51:52.053 [http-nio-8080-exec-17] INFO  c.q.v.a.f.s.f.JwtAuthenticationTokenFilter - [doFilterInternal,43] - url:/system/dict/data/type
22:51:52.053 [http-nio-8080-exec-19] INFO  c.q.v.a.f.s.f.JwtAuthenticationTokenFilter - [doFilterInternal,43] - url:/system/dict/data/type
22:51:53.363 [http-nio-8080-exec-18] INFO  c.q.v.a.f.s.f.JwtAuthenticationTokenFilter - [doFilterInternal,43] - url:/system/dict/data/type
22:51:53.367 [http-nio-8080-exec-24] INFO  c.q.v.a.f.s.f.JwtAuthenticationTokenFilter - [doFilterInternal,43] - url:/system/dict/data/type
22:51:53.369 [http-nio-8080-exec-26] INFO  c.q.v.a.f.s.f.JwtAuthenticationTokenFilter - [doFilterInternal,43] - url:/system/dict/data/type
22:51:53.372 [http-nio-8080-exec-23] INFO  c.q.v.a.f.s.f.JwtAuthenticationTokenFilter - [doFilterInternal,43] - url:/system/dict/data/type
22:51:53.372 [http-nio-8080-exec-25] INFO  c.q.v.a.f.s.f.JwtAuthenticationTokenFilter - [doFilterInternal,43] - url:/system/dict/data/type
22:51:53.372 [http-nio-8080-exec-22] INFO  c.q.v.a.f.s.f.JwtAuthenticationTokenFilter - [doFilterInternal,43] - url:/system/dict/data/type
22:54:56.738 [http-nio-8080-exec-27] INFO  c.q.v.a.f.s.f.JwtAuthenticationTokenFilter - [doFilterInternal,43] - url:/pts/custom/custom/list
22:54:56.793 [threadPoolTaskExecutor-10] INFO  c.q.v.a.f.l.l.LogListener - [listenOperLog,39] - 远程操作日志记录成功：SysOperLog(operId=null, title=删除客户管理, businessType=10, method=com.qh.venus.achilles.pts.custom.controller.HunCustomController.list(), requestMethod=GET, operatorType=1, operName=admin, deptName=null, operUrl=/pts/custom/custom/list, operIp=127.0.0.1, operLocation=内网IP, operParam=[
	{
		"matchFail":0,
		"matchSuccess":0,
		"matching":0,
		"params":{},
		"totalMatch":0
	}
], status=0, errorMsg=null, operTime=null)
