20:13:07.829 [main] INFO  c.q.v.a.RunApplication - [logStarting,50] - Starting RunApplication on cxdpcdeMacBook-Pro.local with PID 1307 (/Users/cxdpc/WorkSpaces/idea_workspace/wedding-manager/target/classes started by cxdpc in /Users/cxdpc/WorkSpaces/idea_workspace/wedding-manager)
20:13:07.839 [main] INFO  c.q.v.a.RunApplication - [logStartupProfileInfo,679] - The following profiles are active: dev
20:13:07.889 [main] INFO  o.s.b.d.e.DevToolsPropertyDefaultsPostProcessor - [logTo,227] - For additional web related logging consider setting the 'logging.level.web' property to 'DEBUG'
20:13:09.626 [main] INFO  o.s.d.r.c.RepositoryConfigurationDelegate - [multipleStoresDetected,244] - Multiple Spring Data modules found, entering strict repository configuration mode!
20:13:09.630 [main] INFO  o.s.d.r.c.RepositoryConfigurationDelegate - [registerRepositoriesIn,126] - Bootstrapping Spring Data repositories in DEFAULT mode.
20:13:09.726 [main] INFO  o.s.d.r.c.RepositoryConfigurationDelegate - [registerRepositoriesIn,182] - Finished Spring Data repository scanning in 70ms. Found 0 repository interfaces.
20:13:10.608 [main] INFO  o.s.c.s.PostProcessorRegistrationDelegate$BeanPostProcessorChecker - [postProcessAfterInitialization,330] - Bean 'org.springframework.amqp.rabbit.annotation.RabbitBootstrapConfiguration' of type [org.springframework.amqp.rabbit.annotation.RabbitBootstrapConfiguration$$EnhancerBySpringCGLIB$$38f787e3] is not eligible for getting processed by all BeanPostProcessors (for example: not eligible for auto-proxying)
20:13:10.811 [main] INFO  o.s.c.s.PostProcessorRegistrationDelegate$BeanPostProcessorChecker - [postProcessAfterInitialization,330] - Bean 'org.springframework.transaction.annotation.ProxyTransactionManagementConfiguration' of type [org.springframework.transaction.annotation.ProxyTransactionManagementConfiguration$$EnhancerBySpringCGLIB$$728bc9b5] is not eligible for getting processed by all BeanPostProcessors (for example: not eligible for auto-proxying)
20:13:11.124 [main] INFO  o.s.c.s.PostProcessorRegistrationDelegate$BeanPostProcessorChecker - [postProcessAfterInitialization,330] - Bean 'org.springframework.security.config.annotation.configuration.ObjectPostProcessorConfiguration' of type [org.springframework.security.config.annotation.configuration.ObjectPostProcessorConfiguration$$EnhancerBySpringCGLIB$$b3991ef] is not eligible for getting processed by all BeanPostProcessors (for example: not eligible for auto-proxying)
20:13:11.133 [main] INFO  o.s.c.s.PostProcessorRegistrationDelegate$BeanPostProcessorChecker - [postProcessAfterInitialization,330] - Bean 'objectPostProcessor' of type [org.springframework.security.config.annotation.configuration.AutowireBeanFactoryObjectPostProcessor] is not eligible for getting processed by all BeanPostProcessors (for example: not eligible for auto-proxying)
20:13:11.138 [main] INFO  o.s.c.s.PostProcessorRegistrationDelegate$BeanPostProcessorChecker - [postProcessAfterInitialization,330] - Bean 'org.springframework.security.access.expression.method.DefaultMethodSecurityExpressionHandler@2616b618' of type [org.springframework.security.access.expression.method.DefaultMethodSecurityExpressionHandler] is not eligible for getting processed by all BeanPostProcessors (for example: not eligible for auto-proxying)
20:13:11.139 [main] INFO  o.s.c.s.PostProcessorRegistrationDelegate$BeanPostProcessorChecker - [postProcessAfterInitialization,330] - Bean 'org.springframework.security.config.annotation.method.configuration.GlobalMethodSecurityConfiguration' of type [org.springframework.security.config.annotation.method.configuration.GlobalMethodSecurityConfiguration$$EnhancerBySpringCGLIB$$300e34a1] is not eligible for getting processed by all BeanPostProcessors (for example: not eligible for auto-proxying)
20:13:11.154 [main] INFO  o.s.c.s.PostProcessorRegistrationDelegate$BeanPostProcessorChecker - [postProcessAfterInitialization,330] - Bean 'methodSecurityMetadataSource' of type [org.springframework.security.access.method.DelegatingMethodSecurityMetadataSource] is not eligible for getting processed by all BeanPostProcessors (for example: not eligible for auto-proxying)
20:13:11.705 [main] INFO  o.s.b.w.e.t.TomcatWebServer - [initialize,90] - Tomcat initialized with port(s): 8080 (http)
20:13:11.722 [main] INFO  o.a.c.h.Http11NioProtocol - [log,173] - Initializing ProtocolHandler ["http-nio-8080"]
20:13:11.728 [main] INFO  o.a.c.c.StandardService - [log,173] - Starting service [Tomcat]
20:13:11.729 [main] INFO  o.a.c.c.StandardEngine - [log,173] - Starting Servlet Engine: Apache Tomcat/9.0.12
20:13:11.740 [main] INFO  o.a.c.c.AprLifecycleListener - [log,173] - The APR based Apache Tomcat Native library which allows optimal performance in production environments was not found on the java.library.path: [/Users/cxdpc/Library/Java/Extensions:/Library/Java/Extensions:/Network/Library/Java/Extensions:/System/Library/Java/Extensions:/usr/lib/java:.]
20:13:11.862 [main] INFO  o.a.c.c.C.[.[.[/] - [log,173] - Initializing Spring embedded WebApplicationContext
20:13:11.863 [main] INFO  o.s.w.c.ContextLoader - [prepareWebApplicationContext,285] - Root WebApplicationContext: initialization completed in 3974 ms
20:13:13.458 [main] INFO  o.s.b.w.s.FilterRegistrationBean - [configure,261] - Mapping filter: 'xssFilter' to urls: [/system/*, /monitor/*, /tool/*, /pts/sys/*]
20:13:13.459 [main] INFO  o.s.b.w.s.FilterRegistrationBean - [configure,248] - Mapping filter: 'characterEncodingFilter' to: [/*]
20:13:13.459 [main] INFO  o.s.b.w.s.FilterRegistrationBean - [configure,248] - Mapping filter: 'hiddenHttpMethodFilter' to: [/*]
20:13:13.459 [main] INFO  o.s.b.w.s.FilterRegistrationBean - [configure,248] - Mapping filter: 'formContentFilter' to: [/*]
20:13:13.459 [main] INFO  o.s.b.w.s.FilterRegistrationBean - [configure,248] - Mapping filter: 'requestContextFilter' to: [/*]
20:13:13.460 [main] INFO  o.s.b.w.s.DelegatingFilterProxyRegistrationBean - [configure,248] - Mapping filter: 'springSecurityFilterChain' to: [/*]
20:13:13.460 [main] INFO  o.s.b.w.s.FilterRegistrationBean - [configure,261] - Mapping filter: 'object' to urls: [/druid/js/common.js]
20:13:13.460 [main] INFO  o.s.b.w.s.FilterRegistrationBean - [configure,261] - Mapping filter: 'repeatableFilter' to urls: [/*]
20:13:13.460 [main] INFO  o.s.b.w.s.FilterRegistrationBean - [configure,261] - Mapping filter: 'webStatFilter' to urls: [/*]
20:13:13.460 [main] INFO  o.s.b.w.s.FilterRegistrationBean - [configure,248] - Mapping filter: 'jwtAuthenticationTokenFilter' to: [/*]
20:13:13.461 [main] INFO  o.s.b.w.s.ServletRegistrationBean - [addRegistration,186] - Servlet dispatcherServlet mapped to [/]
20:13:13.463 [main] INFO  o.s.b.w.s.ServletRegistrationBean - [addRegistration,186] - Servlet statViewServlet mapped to [/druid/*]
20:13:15.211 [main] INFO  s.d.s.w.PropertySourcedRequestMappingHandlerMapping - [initHandlerMethods,69] - Mapped URL path [/v2/api-docs] onto method [public org.springframework.http.ResponseEntity<springfox.documentation.spring.web.json.Json> springfox.documentation.swagger2.web.Swagger2Controller.getDocumentation(java.lang.String,javax.servlet.http.HttpServletRequest)]
20:13:15.267 [main] INFO  o.s.s.c.ThreadPoolTaskExecutor - [initialize,171] - Initializing ExecutorService 'threadPoolTaskExecutor'
20:13:17.354 [main] INFO  c.a.d.p.DruidDataSource - [init,991] - {dataSource-1} inited
20:13:17.409 [main] INFO  o.q.i.StdSchedulerFactory - [instantiate,1208] - Using default implementation for ThreadExecutor
20:13:17.427 [main] INFO  o.q.c.SchedulerSignalerImpl - [<init>,61] - Initialized Scheduler Signaller of type: class org.quartz.core.SchedulerSignalerImpl
20:13:17.427 [main] INFO  o.q.c.QuartzScheduler - [<init>,229] - Quartz Scheduler v.2.3.0 created.
20:13:17.428 [main] INFO  o.q.s.RAMJobStore - [initialize,155] - RAMJobStore initialized.
20:13:17.429 [main] INFO  o.q.c.QuartzScheduler - [initialize,294] - Scheduler meta-data: Quartz Scheduler (v2.3.0) 'quartzScheduler' with instanceId 'NON_CLUSTERED'
  Scheduler class: 'org.quartz.core.QuartzScheduler' - running locally.
  NOT STARTED.
  Currently in standby mode.
  Number of jobs executed: 0
  Using thread pool 'org.quartz.simpl.SimpleThreadPool' - with 10 threads.
  Using job-store 'org.quartz.simpl.RAMJobStore' - which does not support persistence. and is not clustered.

20:13:17.429 [main] INFO  o.q.i.StdSchedulerFactory - [instantiate,1362] - Quartz scheduler 'quartzScheduler' initialized from an externally provided properties instance.
20:13:17.429 [main] INFO  o.q.i.StdSchedulerFactory - [instantiate,1366] - Quartz scheduler version: 2.3.0
20:13:17.429 [main] INFO  o.q.c.QuartzScheduler - [setJobFactory,2287] - JobFactory set to: org.springframework.scheduling.quartz.SpringBeanJobFactory@25c98637
20:13:17.663 [main] INFO  o.s.s.w.DefaultSecurityFilterChain - [<init>,43] - Creating filter chain: any request, [org.springframework.security.web.context.request.async.WebAsyncManagerIntegrationFilter@61c11339, org.springframework.security.web.context.SecurityContextPersistenceFilter@40f77135, org.springframework.security.web.header.HeaderWriterFilter@4fb42efa, org.springframework.security.web.authentication.logout.LogoutFilter@2284058a, com.qh.venus.achilles.framework.security.filter.JwtAuthenticationTokenFilter@6143b2b1, org.springframework.security.web.savedrequest.RequestCacheAwareFilter@1f5a1ad4, org.springframework.security.web.servletapi.SecurityContextHolderAwareRequestFilter@1188e08b, org.springframework.security.web.authentication.AnonymousAuthenticationFilter@31ecd003, org.springframework.security.web.session.SessionManagementFilter@59301546, org.springframework.security.web.access.ExceptionTranslationFilter@7af2ee23, org.springframework.security.web.access.intercept.FilterSecurityInterceptor@3d0697da]
20:13:17.852 [main] INFO  s.d.s.w.p.DocumentationPluginsBootstrapper - [start,160] - Context refreshed
20:13:17.891 [main] INFO  s.d.s.w.p.DocumentationPluginsBootstrapper - [start,163] - Found 1 custom documentation plugin(s)
20:13:17.931 [main] INFO  s.d.s.w.s.ApiListingReferenceScanner - [scan,41] - Scanning for api listing references
20:13:18.031 [main] INFO  o.s.s.q.SchedulerFactoryBean - [startScheduler,726] - Starting Quartz Scheduler now
20:13:18.031 [main] INFO  o.q.c.QuartzScheduler - [start,547] - Scheduler quartzScheduler_$_NON_CLUSTERED started.
20:13:18.039 [main] INFO  o.a.c.h.Http11NioProtocol - [log,173] - Starting ProtocolHandler ["http-nio-8080"]
20:13:18.056 [main] INFO  o.a.t.u.n.NioSelectorPool - [log,173] - Using a shared selector for servlet write/read
20:13:18.073 [main] INFO  o.s.b.w.e.t.TomcatWebServer - [start,204] - Tomcat started on port(s): 8080 (http) with context path ''
20:13:18.077 [main] INFO  c.q.v.a.RunApplication - [logStarted,59] - Started RunApplication in 10.843 seconds (JVM running for 13.024)
20:13:32.033 [http-nio-8080-exec-1] INFO  o.a.t.u.h.p.Cookie - [log,173] - A cookie header was received [1603095587,1603288005; sidebarStatus=1; Hm_lpvt_8b02a318fde5831da10426656a43d03c=1603798138; loginToken=Bearer%20eyJhbGciOiJIUzUxMiJ9.eyJzdWIiOiJ1c2VyIiwiY3JlYXRlZCI6MTYwMzc5ODE0MzY1NSwiZXhwIjoxNjA0NDAyOTQzfQ.aMO88Gkk17RuR22-tAl3g_fK4eGktOR_csY8MhXJx_QhTUGjQC64eS1AwZU9_uEg0xDyHuHt3Hp0xbMqmDZsCg; username=user; password=user] that contained an invalid cookie. That cookie will be ignored.Note: further occurrences of this error will be logged at DEBUG level.
20:13:32.041 [http-nio-8080-exec-1] INFO  o.a.c.c.C.[.[.[/] - [log,173] - Initializing Spring DispatcherServlet 'dispatcherServlet'
20:13:32.042 [http-nio-8080-exec-1] INFO  o.s.w.s.DispatcherServlet - [initServletBean,521] - Initializing Servlet 'dispatcherServlet'
20:13:32.061 [http-nio-8080-exec-1] INFO  o.s.w.s.DispatcherServlet - [initServletBean,543] - Completed initialization in 19 ms
20:13:32.082 [http-nio-8080-exec-1] INFO  c.q.v.a.f.s.f.JwtAuthenticationTokenFilter - [doFilterInternal,43] - url:/code
20:13:34.607 [http-nio-8080-exec-1] INFO  i.l.c.EpollProvider - [info,101] - Starting without optional epoll library
20:13:34.608 [http-nio-8080-exec-1] INFO  i.l.c.KqueueProvider - [info,101] - Starting without optional kqueue library
20:28:16.992 [Thread-26] INFO  o.q.c.QuartzScheduler - [standby,585] - Scheduler quartzScheduler_$_NON_CLUSTERED paused.
20:28:16.997 [Thread-26] INFO  o.s.s.q.SchedulerFactoryBean - [destroy,844] - Shutting down Quartz Scheduler
20:28:16.998 [Thread-26] INFO  o.q.c.QuartzScheduler - [shutdown,666] - Scheduler quartzScheduler_$_NON_CLUSTERED shutting down.
20:28:16.999 [Thread-26] INFO  o.q.c.QuartzScheduler - [standby,585] - Scheduler quartzScheduler_$_NON_CLUSTERED paused.
20:28:17.000 [Thread-26] INFO  o.q.c.QuartzScheduler - [shutdown,740] - Scheduler quartzScheduler_$_NON_CLUSTERED shutdown complete.
20:28:17.002 [Thread-26] INFO  o.s.s.c.ThreadPoolTaskExecutor - [shutdown,208] - Shutting down ExecutorService 'threadPoolTaskExecutor'
20:28:17.004 [Thread-26] INFO  sys-user - [shutdownAsyncManager,36] - ====关闭后台任务任务线程池====
20:28:17.020 [Thread-26] INFO  c.a.d.p.DruidDataSource - [close,1928] - {dataSource-1} closed
20:28:20.604 [main] INFO  c.q.v.a.RunApplication - [logStarting,50] - Starting RunApplication on cxdpcdeMacBook-Pro.local with PID 3273 (/Users/cxdpc/WorkSpaces/idea_workspace/wedding-manager/target/classes started by cxdpc in /Users/cxdpc/WorkSpaces/idea_workspace/wedding-manager)
20:28:20.607 [main] INFO  c.q.v.a.RunApplication - [logStartupProfileInfo,679] - The following profiles are active: dev
20:28:20.647 [main] INFO  o.s.b.d.e.DevToolsPropertyDefaultsPostProcessor - [logTo,227] - For additional web related logging consider setting the 'logging.level.web' property to 'DEBUG'
20:28:21.645 [main] INFO  o.s.d.r.c.RepositoryConfigurationDelegate - [multipleStoresDetected,244] - Multiple Spring Data modules found, entering strict repository configuration mode!
20:28:21.647 [main] INFO  o.s.d.r.c.RepositoryConfigurationDelegate - [registerRepositoriesIn,126] - Bootstrapping Spring Data repositories in DEFAULT mode.
20:28:21.695 [main] INFO  o.s.d.r.c.RepositoryConfigurationDelegate - [registerRepositoriesIn,182] - Finished Spring Data repository scanning in 38ms. Found 0 repository interfaces.
20:28:22.159 [main] INFO  o.s.c.s.PostProcessorRegistrationDelegate$BeanPostProcessorChecker - [postProcessAfterInitialization,330] - Bean 'org.springframework.amqp.rabbit.annotation.RabbitBootstrapConfiguration' of type [org.springframework.amqp.rabbit.annotation.RabbitBootstrapConfiguration$$EnhancerBySpringCGLIB$$bd95c22d] is not eligible for getting processed by all BeanPostProcessors (for example: not eligible for auto-proxying)
20:28:22.250 [main] INFO  o.s.c.s.PostProcessorRegistrationDelegate$BeanPostProcessorChecker - [postProcessAfterInitialization,330] - Bean 'org.springframework.transaction.annotation.ProxyTransactionManagementConfiguration' of type [org.springframework.transaction.annotation.ProxyTransactionManagementConfiguration$$EnhancerBySpringCGLIB$$f72a03ff] is not eligible for getting processed by all BeanPostProcessors (for example: not eligible for auto-proxying)
20:28:22.519 [main] INFO  o.s.c.s.PostProcessorRegistrationDelegate$BeanPostProcessorChecker - [postProcessAfterInitialization,330] - Bean 'org.springframework.security.config.annotation.configuration.ObjectPostProcessorConfiguration' of type [org.springframework.security.config.annotation.configuration.ObjectPostProcessorConfiguration$$EnhancerBySpringCGLIB$$8fd7cc39] is not eligible for getting processed by all BeanPostProcessors (for example: not eligible for auto-proxying)
20:28:22.529 [main] INFO  o.s.c.s.PostProcessorRegistrationDelegate$BeanPostProcessorChecker - [postProcessAfterInitialization,330] - Bean 'objectPostProcessor' of type [org.springframework.security.config.annotation.configuration.AutowireBeanFactoryObjectPostProcessor] is not eligible for getting processed by all BeanPostProcessors (for example: not eligible for auto-proxying)
20:28:22.533 [main] INFO  o.s.c.s.PostProcessorRegistrationDelegate$BeanPostProcessorChecker - [postProcessAfterInitialization,330] - Bean 'org.springframework.security.access.expression.method.DefaultMethodSecurityExpressionHandler@7af1d072' of type [org.springframework.security.access.expression.method.DefaultMethodSecurityExpressionHandler] is not eligible for getting processed by all BeanPostProcessors (for example: not eligible for auto-proxying)
20:28:22.534 [main] INFO  o.s.c.s.PostProcessorRegistrationDelegate$BeanPostProcessorChecker - [postProcessAfterInitialization,330] - Bean 'org.springframework.security.config.annotation.method.configuration.GlobalMethodSecurityConfiguration' of type [org.springframework.security.config.annotation.method.configuration.GlobalMethodSecurityConfiguration$$EnhancerBySpringCGLIB$$b4ac6eeb] is not eligible for getting processed by all BeanPostProcessors (for example: not eligible for auto-proxying)
20:28:22.548 [main] INFO  o.s.c.s.PostProcessorRegistrationDelegate$BeanPostProcessorChecker - [postProcessAfterInitialization,330] - Bean 'methodSecurityMetadataSource' of type [org.springframework.security.access.method.DelegatingMethodSecurityMetadataSource] is not eligible for getting processed by all BeanPostProcessors (for example: not eligible for auto-proxying)
20:28:22.973 [main] INFO  o.s.b.w.e.t.TomcatWebServer - [initialize,90] - Tomcat initialized with port(s): 8080 (http)
20:28:22.985 [main] INFO  o.a.c.h.Http11NioProtocol - [log,173] - Initializing ProtocolHandler ["http-nio-8080"]
20:28:22.990 [main] INFO  o.a.c.c.StandardService - [log,173] - Starting service [Tomcat]
20:28:22.990 [main] INFO  o.a.c.c.StandardEngine - [log,173] - Starting Servlet Engine: Apache Tomcat/9.0.12
20:28:22.996 [main] INFO  o.a.c.c.AprLifecycleListener - [log,173] - The APR based Apache Tomcat Native library which allows optimal performance in production environments was not found on the java.library.path: [/Users/cxdpc/Library/Java/Extensions:/Library/Java/Extensions:/Network/Library/Java/Extensions:/System/Library/Java/Extensions:/usr/lib/java:.]
20:28:23.083 [main] INFO  o.a.c.c.C.[.[.[/] - [log,173] - Initializing Spring embedded WebApplicationContext
20:28:23.083 [main] INFO  o.s.w.c.ContextLoader - [prepareWebApplicationContext,285] - Root WebApplicationContext: initialization completed in 2435 ms
20:28:24.399 [main] INFO  o.s.b.w.s.FilterRegistrationBean - [configure,261] - Mapping filter: 'xssFilter' to urls: [/system/*, /monitor/*, /tool/*, /pts/sys/*]
20:28:24.400 [main] INFO  o.s.b.w.s.FilterRegistrationBean - [configure,248] - Mapping filter: 'characterEncodingFilter' to: [/*]
20:28:24.400 [main] INFO  o.s.b.w.s.FilterRegistrationBean - [configure,248] - Mapping filter: 'hiddenHttpMethodFilter' to: [/*]
20:28:24.401 [main] INFO  o.s.b.w.s.FilterRegistrationBean - [configure,248] - Mapping filter: 'formContentFilter' to: [/*]
20:28:24.401 [main] INFO  o.s.b.w.s.FilterRegistrationBean - [configure,248] - Mapping filter: 'requestContextFilter' to: [/*]
20:28:24.401 [main] INFO  o.s.b.w.s.DelegatingFilterProxyRegistrationBean - [configure,248] - Mapping filter: 'springSecurityFilterChain' to: [/*]
20:28:24.402 [main] INFO  o.s.b.w.s.FilterRegistrationBean - [configure,261] - Mapping filter: 'object' to urls: [/druid/js/common.js]
20:28:24.402 [main] INFO  o.s.b.w.s.FilterRegistrationBean - [configure,261] - Mapping filter: 'repeatableFilter' to urls: [/*]
20:28:24.402 [main] INFO  o.s.b.w.s.FilterRegistrationBean - [configure,261] - Mapping filter: 'webStatFilter' to urls: [/*]
20:28:24.403 [main] INFO  o.s.b.w.s.FilterRegistrationBean - [configure,248] - Mapping filter: 'jwtAuthenticationTokenFilter' to: [/*]
20:28:24.403 [main] INFO  o.s.b.w.s.ServletRegistrationBean - [addRegistration,186] - Servlet dispatcherServlet mapped to [/]
20:28:24.404 [main] INFO  o.s.b.w.s.ServletRegistrationBean - [addRegistration,186] - Servlet statViewServlet mapped to [/druid/*]
20:28:25.795 [main] INFO  s.d.s.w.PropertySourcedRequestMappingHandlerMapping - [initHandlerMethods,69] - Mapped URL path [/v2/api-docs] onto method [public org.springframework.http.ResponseEntity<springfox.documentation.spring.web.json.Json> springfox.documentation.swagger2.web.Swagger2Controller.getDocumentation(java.lang.String,javax.servlet.http.HttpServletRequest)]
20:28:25.849 [main] INFO  o.s.s.c.ThreadPoolTaskExecutor - [initialize,171] - Initializing ExecutorService 'threadPoolTaskExecutor'
20:28:27.545 [main] INFO  c.a.d.p.DruidDataSource - [init,991] - {dataSource-1} inited
20:28:27.584 [main] INFO  o.q.i.StdSchedulerFactory - [instantiate,1208] - Using default implementation for ThreadExecutor
20:28:27.595 [main] INFO  o.q.c.SchedulerSignalerImpl - [<init>,61] - Initialized Scheduler Signaller of type: class org.quartz.core.SchedulerSignalerImpl
20:28:27.595 [main] INFO  o.q.c.QuartzScheduler - [<init>,229] - Quartz Scheduler v.2.3.0 created.
20:28:27.596 [main] INFO  o.q.s.RAMJobStore - [initialize,155] - RAMJobStore initialized.
20:28:27.596 [main] INFO  o.q.c.QuartzScheduler - [initialize,294] - Scheduler meta-data: Quartz Scheduler (v2.3.0) 'quartzScheduler' with instanceId 'NON_CLUSTERED'
  Scheduler class: 'org.quartz.core.QuartzScheduler' - running locally.
  NOT STARTED.
  Currently in standby mode.
  Number of jobs executed: 0
  Using thread pool 'org.quartz.simpl.SimpleThreadPool' - with 10 threads.
  Using job-store 'org.quartz.simpl.RAMJobStore' - which does not support persistence. and is not clustered.

20:28:27.596 [main] INFO  o.q.i.StdSchedulerFactory - [instantiate,1362] - Quartz scheduler 'quartzScheduler' initialized from an externally provided properties instance.
20:28:27.597 [main] INFO  o.q.i.StdSchedulerFactory - [instantiate,1366] - Quartz scheduler version: 2.3.0
20:28:27.597 [main] INFO  o.q.c.QuartzScheduler - [setJobFactory,2287] - JobFactory set to: org.springframework.scheduling.quartz.SpringBeanJobFactory@427c2c96
20:28:27.750 [main] INFO  o.s.s.w.DefaultSecurityFilterChain - [<init>,43] - Creating filter chain: any request, [org.springframework.security.web.context.request.async.WebAsyncManagerIntegrationFilter@23c61c1b, org.springframework.security.web.context.SecurityContextPersistenceFilter@5e3a5f0c, org.springframework.security.web.header.HeaderWriterFilter@4193da4d, org.springframework.security.web.authentication.logout.LogoutFilter@565983f3, com.qh.venus.achilles.framework.security.filter.JwtAuthenticationTokenFilter@615c4ea4, org.springframework.security.web.savedrequest.RequestCacheAwareFilter@5cfde2a4, org.springframework.security.web.servletapi.SecurityContextHolderAwareRequestFilter@41962299, org.springframework.security.web.authentication.AnonymousAuthenticationFilter@4a6d6308, org.springframework.security.web.session.SessionManagementFilter@1e9d6c78, org.springframework.security.web.access.ExceptionTranslationFilter@5c3e7128, org.springframework.security.web.access.intercept.FilterSecurityInterceptor@7ffb0bb4]
20:28:27.952 [main] INFO  s.d.s.w.p.DocumentationPluginsBootstrapper - [start,160] - Context refreshed
20:28:27.972 [main] INFO  s.d.s.w.p.DocumentationPluginsBootstrapper - [start,163] - Found 1 custom documentation plugin(s)
20:28:28.010 [main] INFO  s.d.s.w.s.ApiListingReferenceScanner - [scan,41] - Scanning for api listing references
20:28:28.089 [main] INFO  o.s.s.q.SchedulerFactoryBean - [startScheduler,726] - Starting Quartz Scheduler now
20:28:28.089 [main] INFO  o.q.c.QuartzScheduler - [start,547] - Scheduler quartzScheduler_$_NON_CLUSTERED started.
20:28:28.097 [main] INFO  o.a.c.h.Http11NioProtocol - [log,173] - Starting ProtocolHandler ["http-nio-8080"]
20:28:28.113 [main] INFO  o.a.t.u.n.NioSelectorPool - [log,173] - Using a shared selector for servlet write/read
20:28:28.129 [main] INFO  o.s.b.w.e.t.TomcatWebServer - [start,204] - Tomcat started on port(s): 8080 (http) with context path ''
20:28:28.133 [main] INFO  c.q.v.a.RunApplication - [logStarted,59] - Started RunApplication in 7.884 seconds (JVM running for 8.752)
20:28:35.632 [http-nio-8080-exec-1] INFO  o.a.t.u.h.p.Cookie - [log,173] - A cookie header was received [1603095587,1603288005; sidebarStatus=1; Hm_lpvt_8b02a318fde5831da10426656a43d03c=1603798138; loginToken=Bearer%20eyJhbGciOiJIUzUxMiJ9.eyJzdWIiOiJ1c2VyIiwiY3JlYXRlZCI6MTYwMzc5ODE0MzY1NSwiZXhwIjoxNjA0NDAyOTQzfQ.aMO88Gkk17RuR22-tAl3g_fK4eGktOR_csY8MhXJx_QhTUGjQC64eS1AwZU9_uEg0xDyHuHt3Hp0xbMqmDZsCg; username=user; password=user] that contained an invalid cookie. That cookie will be ignored.Note: further occurrences of this error will be logged at DEBUG level.
20:28:35.641 [http-nio-8080-exec-1] INFO  o.a.c.c.C.[.[.[/] - [log,173] - Initializing Spring DispatcherServlet 'dispatcherServlet'
20:28:35.641 [http-nio-8080-exec-1] INFO  o.s.w.s.DispatcherServlet - [initServletBean,521] - Initializing Servlet 'dispatcherServlet'
20:28:35.660 [http-nio-8080-exec-1] INFO  o.s.w.s.DispatcherServlet - [initServletBean,543] - Completed initialization in 18 ms
20:28:35.676 [http-nio-8080-exec-1] INFO  c.q.v.a.f.s.f.JwtAuthenticationTokenFilter - [doFilterInternal,43] - url:/code
20:28:36.827 [http-nio-8080-exec-1] INFO  i.l.c.EpollProvider - [info,101] - Starting without optional epoll library
20:28:36.829 [http-nio-8080-exec-1] INFO  i.l.c.KqueueProvider - [info,101] - Starting without optional kqueue library
20:28:38.879 [http-nio-8080-exec-2] INFO  c.q.v.a.f.s.f.JwtAuthenticationTokenFilter - [doFilterInternal,43] - url:/code
20:28:40.194 [http-nio-8080-exec-3] INFO  c.q.v.a.f.s.f.JwtAuthenticationTokenFilter - [doFilterInternal,43] - url:/code
20:28:40.868 [http-nio-8080-exec-4] INFO  c.q.v.a.f.s.f.JwtAuthenticationTokenFilter - [doFilterInternal,43] - url:/code
20:28:42.215 [http-nio-8080-exec-5] INFO  c.q.v.a.f.s.f.JwtAuthenticationTokenFilter - [doFilterInternal,43] - url:/code
20:28:49.145 [http-nio-8080-exec-6] INFO  c.q.v.a.f.s.f.JwtAuthenticationTokenFilter - [doFilterInternal,43] - url:/auth/login
20:28:49.619 [http-nio-8080-exec-6] INFO  c.q.v.a.f.s.s.UserDetailsServiceImpl - [loadUserByUsername,43] - 登录用户：wedding 不存在.
20:28:49.757 [schedule-pool-1] INFO  sys-user - [run,61] - [127.0.0.1]内网IP[wedding][Error][用户不存在/密码错误]
20:28:49.805 [http-nio-8080-exec-7] INFO  c.q.v.a.f.s.f.JwtAuthenticationTokenFilter - [doFilterInternal,43] - url:/code
20:32:01.110 [http-nio-8080-exec-8] INFO  c.q.v.a.f.s.f.JwtAuthenticationTokenFilter - [doFilterInternal,43] - url:/code
20:32:03.334 [http-nio-8080-exec-9] INFO  c.q.v.a.f.s.f.JwtAuthenticationTokenFilter - [doFilterInternal,43] - url:/code
20:32:09.360 [http-nio-8080-exec-10] INFO  c.q.v.a.f.s.f.JwtAuthenticationTokenFilter - [doFilterInternal,43] - url:/auth/login
20:32:09.378 [http-nio-8080-exec-10] INFO  c.q.v.a.f.s.s.UserDetailsServiceImpl - [loadUserByUsername,43] - 登录用户：wedding 不存在.
20:32:09.498 [schedule-pool-1] INFO  sys-user - [run,61] - [127.0.0.1]内网IP[wedding][Error][用户不存在/密码错误]
20:32:09.499 [http-nio-8080-exec-11] INFO  c.q.v.a.f.s.f.JwtAuthenticationTokenFilter - [doFilterInternal,43] - url:/code
