20:01:30.806 [main] INFO  c.q.v.a.RunApplication - [logStarting,50] - Starting RunApplication on cxdpcdeMacBook-Pro.local with PID 17606 (/Users/cxdpc/WorkSpaces/idea_workspace/wedding-manager/target/classes started by cxdpc in /Users/cxdpc/WorkSpaces/idea_workspace/wedding-manager)
20:01:30.813 [main] INFO  c.q.v.a.RunApplication - [logStartupProfileInfo,679] - The following profiles are active: online
20:01:30.902 [main] INFO  o.s.b.d.e.DevToolsPropertyDefaultsPostProcessor - [logTo,227] - For additional web related logging consider setting the 'logging.level.web' property to 'DEBUG'
20:01:32.450 [main] INFO  o.s.d.r.c.RepositoryConfigurationDelegate - [multipleStoresDetected,244] - Multiple Spring Data modules found, entering strict repository configuration mode!
20:01:32.454 [main] INFO  o.s.d.r.c.RepositoryConfigurationDelegate - [registerRepositoriesIn,126] - Bootstrapping Spring Data repositories in DEFAULT mode.
20:01:32.530 [main] INFO  o.s.d.r.c.RepositoryConfigurationDelegate - [registerRepositoriesIn,182] - Finished Spring Data repository scanning in 53ms. Found 0 repository interfaces.
20:01:33.048 [main] INFO  o.s.c.s.PostProcessorRegistrationDelegate$BeanPostProcessorChecker - [postProcessAfterInitialization,330] - Bean 'org.springframework.amqp.rabbit.annotation.RabbitBootstrapConfiguration' of type [org.springframework.amqp.rabbit.annotation.RabbitBootstrapConfiguration$$EnhancerBySpringCGLIB$$17cb429e] is not eligible for getting processed by all BeanPostProcessors (for example: not eligible for auto-proxying)
20:01:33.133 [main] INFO  o.s.c.s.PostProcessorRegistrationDelegate$BeanPostProcessorChecker - [postProcessAfterInitialization,330] - Bean 'org.springframework.transaction.annotation.ProxyTransactionManagementConfiguration' of type [org.springframework.transaction.annotation.ProxyTransactionManagementConfiguration$$EnhancerBySpringCGLIB$$515f8470] is not eligible for getting processed by all BeanPostProcessors (for example: not eligible for auto-proxying)
20:01:33.382 [main] INFO  o.s.c.s.PostProcessorRegistrationDelegate$BeanPostProcessorChecker - [postProcessAfterInitialization,330] - Bean 'org.springframework.security.config.annotation.configuration.ObjectPostProcessorConfiguration' of type [org.springframework.security.config.annotation.configuration.ObjectPostProcessorConfiguration$$EnhancerBySpringCGLIB$$ea0d4caa] is not eligible for getting processed by all BeanPostProcessors (for example: not eligible for auto-proxying)
20:01:33.391 [main] INFO  o.s.c.s.PostProcessorRegistrationDelegate$BeanPostProcessorChecker - [postProcessAfterInitialization,330] - Bean 'objectPostProcessor' of type [org.springframework.security.config.annotation.configuration.AutowireBeanFactoryObjectPostProcessor] is not eligible for getting processed by all BeanPostProcessors (for example: not eligible for auto-proxying)
20:01:33.396 [main] INFO  o.s.c.s.PostProcessorRegistrationDelegate$BeanPostProcessorChecker - [postProcessAfterInitialization,330] - Bean 'org.springframework.security.access.expression.method.DefaultMethodSecurityExpressionHandler@7d47dfed' of type [org.springframework.security.access.expression.method.DefaultMethodSecurityExpressionHandler] is not eligible for getting processed by all BeanPostProcessors (for example: not eligible for auto-proxying)
20:01:33.400 [main] INFO  o.s.c.s.PostProcessorRegistrationDelegate$BeanPostProcessorChecker - [postProcessAfterInitialization,330] - Bean 'org.springframework.security.config.annotation.method.configuration.GlobalMethodSecurityConfiguration' of type [org.springframework.security.config.annotation.method.configuration.GlobalMethodSecurityConfiguration$$EnhancerBySpringCGLIB$$ee1ef5c] is not eligible for getting processed by all BeanPostProcessors (for example: not eligible for auto-proxying)
20:01:33.416 [main] INFO  o.s.c.s.PostProcessorRegistrationDelegate$BeanPostProcessorChecker - [postProcessAfterInitialization,330] - Bean 'methodSecurityMetadataSource' of type [org.springframework.security.access.method.DelegatingMethodSecurityMetadataSource] is not eligible for getting processed by all BeanPostProcessors (for example: not eligible for auto-proxying)
20:01:33.936 [main] INFO  o.s.b.w.e.t.TomcatWebServer - [initialize,90] - Tomcat initialized with port(s): 8080 (http)
20:01:33.952 [main] INFO  o.a.c.h.Http11NioProtocol - [log,173] - Initializing ProtocolHandler ["http-nio-8080"]
20:01:33.958 [main] INFO  o.a.c.c.StandardService - [log,173] - Starting service [Tomcat]
20:01:33.959 [main] INFO  o.a.c.c.StandardEngine - [log,173] - Starting Servlet Engine: Apache Tomcat/9.0.12
20:01:33.967 [main] INFO  o.a.c.c.AprLifecycleListener - [log,173] - The APR based Apache Tomcat Native library which allows optimal performance in production environments was not found on the java.library.path: [/Users/cxdpc/Library/Java/Extensions:/Library/Java/Extensions:/Network/Library/Java/Extensions:/System/Library/Java/Extensions:/usr/lib/java:.]
20:01:34.092 [main] INFO  o.a.c.c.C.[.[.[/] - [log,173] - Initializing Spring embedded WebApplicationContext
20:01:34.092 [main] INFO  o.s.w.c.ContextLoader - [prepareWebApplicationContext,285] - Root WebApplicationContext: initialization completed in 3190 ms
20:01:35.811 [main] INFO  o.s.b.w.s.FilterRegistrationBean - [configure,261] - Mapping filter: 'xssFilter' to urls: [/system/*, /monitor/*, /tool/*, /pts/sys/*]
20:01:35.812 [main] INFO  o.s.b.w.s.FilterRegistrationBean - [configure,248] - Mapping filter: 'characterEncodingFilter' to: [/*]
20:01:35.812 [main] INFO  o.s.b.w.s.FilterRegistrationBean - [configure,248] - Mapping filter: 'hiddenHttpMethodFilter' to: [/*]
20:01:35.813 [main] INFO  o.s.b.w.s.FilterRegistrationBean - [configure,248] - Mapping filter: 'formContentFilter' to: [/*]
20:01:35.813 [main] INFO  o.s.b.w.s.FilterRegistrationBean - [configure,248] - Mapping filter: 'requestContextFilter' to: [/*]
20:01:35.813 [main] INFO  o.s.b.w.s.DelegatingFilterProxyRegistrationBean - [configure,248] - Mapping filter: 'springSecurityFilterChain' to: [/*]
20:01:35.814 [main] INFO  o.s.b.w.s.FilterRegistrationBean - [configure,261] - Mapping filter: 'object' to urls: [/druid/js/common.js]
20:01:35.814 [main] INFO  o.s.b.w.s.FilterRegistrationBean - [configure,261] - Mapping filter: 'repeatableFilter' to urls: [/*]
20:01:35.814 [main] INFO  o.s.b.w.s.FilterRegistrationBean - [configure,261] - Mapping filter: 'webStatFilter' to urls: [/*]
20:01:35.815 [main] INFO  o.s.b.w.s.FilterRegistrationBean - [configure,248] - Mapping filter: 'jwtAuthenticationTokenFilter' to: [/*]
20:01:35.815 [main] INFO  o.s.b.w.s.ServletRegistrationBean - [addRegistration,186] - Servlet dispatcherServlet mapped to [/]
20:01:35.818 [main] INFO  o.s.b.w.s.ServletRegistrationBean - [addRegistration,186] - Servlet statViewServlet mapped to [/druid/*]
20:01:37.619 [main] INFO  s.d.s.w.PropertySourcedRequestMappingHandlerMapping - [initHandlerMethods,69] - Mapped URL path [/v2/api-docs] onto method [public org.springframework.http.ResponseEntity<springfox.documentation.spring.web.json.Json> springfox.documentation.swagger2.web.Swagger2Controller.getDocumentation(java.lang.String,javax.servlet.http.HttpServletRequest)]
20:01:37.675 [main] INFO  o.s.s.c.ThreadPoolTaskExecutor - [initialize,171] - Initializing ExecutorService 'threadPoolTaskExecutor'
20:01:38.899 [main] INFO  o.f.c.i.l.VersionPrinter - [info,49] - Flyway Community Edition 5.2.1 by Boxfuse
20:01:39.618 [main] INFO  c.a.d.p.DruidDataSource - [init,991] - {dataSource-1} inited
20:01:39.625 [main] INFO  o.s.s.c.ThreadPoolTaskExecutor - [shutdown,208] - Shutting down ExecutorService 'threadPoolTaskExecutor'
20:01:39.628 [main] INFO  sys-user - [shutdownAsyncManager,36] - ====关闭后台任务任务线程池====
20:01:39.635 [main] INFO  c.a.d.p.DruidDataSource - [close,1928] - {dataSource-1} closed
20:01:39.658 [main] INFO  o.a.c.c.StandardService - [log,173] - Stopping service [Tomcat]
20:01:39.670 [main] INFO  o.s.b.a.l.ConditionEvaluationReportLoggingListener - [logMessage,142] - 

Error starting ApplicationContext. To display the conditions report re-run your application with 'debug' enabled.
20:02:59.274 [main] INFO  c.q.v.a.RunApplication - [logStarting,50] - Starting RunApplication on cxdpcdeMacBook-Pro.local with PID 17622 (/Users/cxdpc/WorkSpaces/idea_workspace/wedding-manager/target/classes started by cxdpc in /Users/cxdpc/WorkSpaces/idea_workspace/wedding-manager)
20:02:59.278 [main] INFO  c.q.v.a.RunApplication - [logStartupProfileInfo,679] - The following profiles are active: online
20:02:59.332 [main] INFO  o.s.b.d.e.DevToolsPropertyDefaultsPostProcessor - [logTo,227] - For additional web related logging consider setting the 'logging.level.web' property to 'DEBUG'
20:03:00.649 [main] INFO  o.s.d.r.c.RepositoryConfigurationDelegate - [multipleStoresDetected,244] - Multiple Spring Data modules found, entering strict repository configuration mode!
20:03:00.651 [main] INFO  o.s.d.r.c.RepositoryConfigurationDelegate - [registerRepositoriesIn,126] - Bootstrapping Spring Data repositories in DEFAULT mode.
20:03:00.707 [main] INFO  o.s.d.r.c.RepositoryConfigurationDelegate - [registerRepositoriesIn,182] - Finished Spring Data repository scanning in 45ms. Found 0 repository interfaces.
20:03:01.145 [main] INFO  o.s.c.s.PostProcessorRegistrationDelegate$BeanPostProcessorChecker - [postProcessAfterInitialization,330] - Bean 'org.springframework.amqp.rabbit.annotation.RabbitBootstrapConfiguration' of type [org.springframework.amqp.rabbit.annotation.RabbitBootstrapConfiguration$$EnhancerBySpringCGLIB$$d9c39024] is not eligible for getting processed by all BeanPostProcessors (for example: not eligible for auto-proxying)
20:03:01.213 [main] INFO  o.s.c.s.PostProcessorRegistrationDelegate$BeanPostProcessorChecker - [postProcessAfterInitialization,330] - Bean 'org.springframework.transaction.annotation.ProxyTransactionManagementConfiguration' of type [org.springframework.transaction.annotation.ProxyTransactionManagementConfiguration$$EnhancerBySpringCGLIB$$1357d1f6] is not eligible for getting processed by all BeanPostProcessors (for example: not eligible for auto-proxying)
20:03:01.427 [main] INFO  o.s.c.s.PostProcessorRegistrationDelegate$BeanPostProcessorChecker - [postProcessAfterInitialization,330] - Bean 'org.springframework.security.config.annotation.configuration.ObjectPostProcessorConfiguration' of type [org.springframework.security.config.annotation.configuration.ObjectPostProcessorConfiguration$$EnhancerBySpringCGLIB$$ac059a30] is not eligible for getting processed by all BeanPostProcessors (for example: not eligible for auto-proxying)
20:03:01.435 [main] INFO  o.s.c.s.PostProcessorRegistrationDelegate$BeanPostProcessorChecker - [postProcessAfterInitialization,330] - Bean 'objectPostProcessor' of type [org.springframework.security.config.annotation.configuration.AutowireBeanFactoryObjectPostProcessor] is not eligible for getting processed by all BeanPostProcessors (for example: not eligible for auto-proxying)
20:03:01.439 [main] INFO  o.s.c.s.PostProcessorRegistrationDelegate$BeanPostProcessorChecker - [postProcessAfterInitialization,330] - Bean 'org.springframework.security.access.expression.method.DefaultMethodSecurityExpressionHandler@7c4b5ceb' of type [org.springframework.security.access.expression.method.DefaultMethodSecurityExpressionHandler] is not eligible for getting processed by all BeanPostProcessors (for example: not eligible for auto-proxying)
20:03:01.443 [main] INFO  o.s.c.s.PostProcessorRegistrationDelegate$BeanPostProcessorChecker - [postProcessAfterInitialization,330] - Bean 'org.springframework.security.config.annotation.method.configuration.GlobalMethodSecurityConfiguration' of type [org.springframework.security.config.annotation.method.configuration.GlobalMethodSecurityConfiguration$$EnhancerBySpringCGLIB$$d0da3ce2] is not eligible for getting processed by all BeanPostProcessors (for example: not eligible for auto-proxying)
20:03:01.460 [main] INFO  o.s.c.s.PostProcessorRegistrationDelegate$BeanPostProcessorChecker - [postProcessAfterInitialization,330] - Bean 'methodSecurityMetadataSource' of type [org.springframework.security.access.method.DelegatingMethodSecurityMetadataSource] is not eligible for getting processed by all BeanPostProcessors (for example: not eligible for auto-proxying)
20:03:01.893 [main] INFO  o.s.b.w.e.t.TomcatWebServer - [initialize,90] - Tomcat initialized with port(s): 8080 (http)
20:03:01.904 [main] INFO  o.a.c.h.Http11NioProtocol - [log,173] - Initializing ProtocolHandler ["http-nio-8080"]
20:03:01.909 [main] INFO  o.a.c.c.StandardService - [log,173] - Starting service [Tomcat]
20:03:01.909 [main] INFO  o.a.c.c.StandardEngine - [log,173] - Starting Servlet Engine: Apache Tomcat/9.0.12
20:03:01.915 [main] INFO  o.a.c.c.AprLifecycleListener - [log,173] - The APR based Apache Tomcat Native library which allows optimal performance in production environments was not found on the java.library.path: [/Users/cxdpc/Library/Java/Extensions:/Library/Java/Extensions:/Network/Library/Java/Extensions:/System/Library/Java/Extensions:/usr/lib/java:.]
20:03:02.012 [main] INFO  o.a.c.c.C.[.[.[/] - [log,173] - Initializing Spring embedded WebApplicationContext
20:03:02.012 [main] INFO  o.s.w.c.ContextLoader - [prepareWebApplicationContext,285] - Root WebApplicationContext: initialization completed in 2680 ms
20:03:03.419 [main] INFO  o.s.b.w.s.FilterRegistrationBean - [configure,261] - Mapping filter: 'xssFilter' to urls: [/system/*, /monitor/*, /tool/*, /pts/sys/*]
20:03:03.419 [main] INFO  o.s.b.w.s.FilterRegistrationBean - [configure,248] - Mapping filter: 'characterEncodingFilter' to: [/*]
20:03:03.419 [main] INFO  o.s.b.w.s.FilterRegistrationBean - [configure,248] - Mapping filter: 'hiddenHttpMethodFilter' to: [/*]
20:03:03.420 [main] INFO  o.s.b.w.s.FilterRegistrationBean - [configure,248] - Mapping filter: 'formContentFilter' to: [/*]
20:03:03.420 [main] INFO  o.s.b.w.s.FilterRegistrationBean - [configure,248] - Mapping filter: 'requestContextFilter' to: [/*]
20:03:03.421 [main] INFO  o.s.b.w.s.DelegatingFilterProxyRegistrationBean - [configure,248] - Mapping filter: 'springSecurityFilterChain' to: [/*]
20:03:03.421 [main] INFO  o.s.b.w.s.FilterRegistrationBean - [configure,261] - Mapping filter: 'object' to urls: [/druid/js/common.js]
20:03:03.422 [main] INFO  o.s.b.w.s.FilterRegistrationBean - [configure,261] - Mapping filter: 'repeatableFilter' to urls: [/*]
20:03:03.422 [main] INFO  o.s.b.w.s.FilterRegistrationBean - [configure,261] - Mapping filter: 'webStatFilter' to urls: [/*]
20:03:03.422 [main] INFO  o.s.b.w.s.FilterRegistrationBean - [configure,248] - Mapping filter: 'jwtAuthenticationTokenFilter' to: [/*]
20:03:03.422 [main] INFO  o.s.b.w.s.ServletRegistrationBean - [addRegistration,186] - Servlet dispatcherServlet mapped to [/]
20:03:03.423 [main] INFO  o.s.b.w.s.ServletRegistrationBean - [addRegistration,186] - Servlet statViewServlet mapped to [/druid/*]
20:03:05.003 [main] INFO  s.d.s.w.PropertySourcedRequestMappingHandlerMapping - [initHandlerMethods,69] - Mapped URL path [/v2/api-docs] onto method [public org.springframework.http.ResponseEntity<springfox.documentation.spring.web.json.Json> springfox.documentation.swagger2.web.Swagger2Controller.getDocumentation(java.lang.String,javax.servlet.http.HttpServletRequest)]
20:03:05.046 [main] INFO  o.s.s.c.ThreadPoolTaskExecutor - [initialize,171] - Initializing ExecutorService 'threadPoolTaskExecutor'
20:03:06.056 [main] INFO  o.f.c.i.l.VersionPrinter - [info,49] - Flyway Community Edition 5.2.1 by Boxfuse
20:03:06.623 [main] INFO  c.a.d.p.DruidDataSource - [init,991] - {dataSource-1} inited
20:03:06.628 [main] INFO  o.s.s.c.ThreadPoolTaskExecutor - [shutdown,208] - Shutting down ExecutorService 'threadPoolTaskExecutor'
20:03:06.630 [main] INFO  sys-user - [shutdownAsyncManager,36] - ====关闭后台任务任务线程池====
20:03:06.637 [main] INFO  c.a.d.p.DruidDataSource - [close,1928] - {dataSource-1} closed
20:03:06.654 [main] INFO  o.a.c.c.StandardService - [log,173] - Stopping service [Tomcat]
20:03:06.666 [main] INFO  o.s.b.a.l.ConditionEvaluationReportLoggingListener - [logMessage,142] - 

Error starting ApplicationContext. To display the conditions report re-run your application with 'debug' enabled.
20:05:55.341 [main] INFO  c.q.v.a.RunApplication - [logStarting,50] - Starting RunApplication on cxdpcdeMacBook-Pro.local with PID 17639 (/Users/cxdpc/WorkSpaces/idea_workspace/wedding-manager/target/classes started by cxdpc in /Users/cxdpc/WorkSpaces/idea_workspace/wedding-manager)
20:05:55.349 [main] INFO  c.q.v.a.RunApplication - [logStartupProfileInfo,679] - The following profiles are active: online
20:05:55.409 [main] INFO  o.s.b.d.e.DevToolsPropertyDefaultsPostProcessor - [logTo,227] - For additional web related logging consider setting the 'logging.level.web' property to 'DEBUG'
20:05:56.663 [main] INFO  o.s.d.r.c.RepositoryConfigurationDelegate - [multipleStoresDetected,244] - Multiple Spring Data modules found, entering strict repository configuration mode!
20:05:56.667 [main] INFO  o.s.d.r.c.RepositoryConfigurationDelegate - [registerRepositoriesIn,126] - Bootstrapping Spring Data repositories in DEFAULT mode.
20:05:56.732 [main] INFO  o.s.d.r.c.RepositoryConfigurationDelegate - [registerRepositoriesIn,182] - Finished Spring Data repository scanning in 52ms. Found 0 repository interfaces.
20:05:57.177 [main] INFO  o.s.c.s.PostProcessorRegistrationDelegate$BeanPostProcessorChecker - [postProcessAfterInitialization,330] - Bean 'org.springframework.amqp.rabbit.annotation.RabbitBootstrapConfiguration' of type [org.springframework.amqp.rabbit.annotation.RabbitBootstrapConfiguration$$EnhancerBySpringCGLIB$$9cddf131] is not eligible for getting processed by all BeanPostProcessors (for example: not eligible for auto-proxying)
20:05:57.248 [main] INFO  o.s.c.s.PostProcessorRegistrationDelegate$BeanPostProcessorChecker - [postProcessAfterInitialization,330] - Bean 'org.springframework.transaction.annotation.ProxyTransactionManagementConfiguration' of type [org.springframework.transaction.annotation.ProxyTransactionManagementConfiguration$$EnhancerBySpringCGLIB$$d6723303] is not eligible for getting processed by all BeanPostProcessors (for example: not eligible for auto-proxying)
20:05:57.452 [main] INFO  o.s.c.s.PostProcessorRegistrationDelegate$BeanPostProcessorChecker - [postProcessAfterInitialization,330] - Bean 'org.springframework.security.config.annotation.configuration.ObjectPostProcessorConfiguration' of type [org.springframework.security.config.annotation.configuration.ObjectPostProcessorConfiguration$$EnhancerBySpringCGLIB$$6f1ffb3d] is not eligible for getting processed by all BeanPostProcessors (for example: not eligible for auto-proxying)
20:05:57.460 [main] INFO  o.s.c.s.PostProcessorRegistrationDelegate$BeanPostProcessorChecker - [postProcessAfterInitialization,330] - Bean 'objectPostProcessor' of type [org.springframework.security.config.annotation.configuration.AutowireBeanFactoryObjectPostProcessor] is not eligible for getting processed by all BeanPostProcessors (for example: not eligible for auto-proxying)
20:05:57.464 [main] INFO  o.s.c.s.PostProcessorRegistrationDelegate$BeanPostProcessorChecker - [postProcessAfterInitialization,330] - Bean 'org.springframework.security.access.expression.method.DefaultMethodSecurityExpressionHandler@42c54bad' of type [org.springframework.security.access.expression.method.DefaultMethodSecurityExpressionHandler] is not eligible for getting processed by all BeanPostProcessors (for example: not eligible for auto-proxying)
20:05:57.469 [main] INFO  o.s.c.s.PostProcessorRegistrationDelegate$BeanPostProcessorChecker - [postProcessAfterInitialization,330] - Bean 'org.springframework.security.config.annotation.method.configuration.GlobalMethodSecurityConfiguration' of type [org.springframework.security.config.annotation.method.configuration.GlobalMethodSecurityConfiguration$$EnhancerBySpringCGLIB$$93f49def] is not eligible for getting processed by all BeanPostProcessors (for example: not eligible for auto-proxying)
20:05:57.482 [main] INFO  o.s.c.s.PostProcessorRegistrationDelegate$BeanPostProcessorChecker - [postProcessAfterInitialization,330] - Bean 'methodSecurityMetadataSource' of type [org.springframework.security.access.method.DelegatingMethodSecurityMetadataSource] is not eligible for getting processed by all BeanPostProcessors (for example: not eligible for auto-proxying)
20:05:57.916 [main] INFO  o.s.b.w.e.t.TomcatWebServer - [initialize,90] - Tomcat initialized with port(s): 8080 (http)
20:05:57.928 [main] INFO  o.a.c.h.Http11NioProtocol - [log,173] - Initializing ProtocolHandler ["http-nio-8080"]
20:05:57.934 [main] INFO  o.a.c.c.StandardService - [log,173] - Starting service [Tomcat]
20:05:57.934 [main] INFO  o.a.c.c.StandardEngine - [log,173] - Starting Servlet Engine: Apache Tomcat/9.0.12
20:05:57.941 [main] INFO  o.a.c.c.AprLifecycleListener - [log,173] - The APR based Apache Tomcat Native library which allows optimal performance in production environments was not found on the java.library.path: [/Users/cxdpc/Library/Java/Extensions:/Library/Java/Extensions:/Network/Library/Java/Extensions:/System/Library/Java/Extensions:/usr/lib/java:.]
20:05:58.034 [main] INFO  o.a.c.c.C.[.[.[/] - [log,173] - Initializing Spring embedded WebApplicationContext
20:05:58.034 [main] INFO  o.s.w.c.ContextLoader - [prepareWebApplicationContext,285] - Root WebApplicationContext: initialization completed in 2625 ms
20:05:59.460 [main] INFO  o.s.b.w.s.FilterRegistrationBean - [configure,261] - Mapping filter: 'xssFilter' to urls: [/system/*, /monitor/*, /tool/*, /pts/sys/*]
20:05:59.460 [main] INFO  o.s.b.w.s.FilterRegistrationBean - [configure,248] - Mapping filter: 'characterEncodingFilter' to: [/*]
20:05:59.460 [main] INFO  o.s.b.w.s.FilterRegistrationBean - [configure,248] - Mapping filter: 'hiddenHttpMethodFilter' to: [/*]
20:05:59.461 [main] INFO  o.s.b.w.s.FilterRegistrationBean - [configure,248] - Mapping filter: 'formContentFilter' to: [/*]
20:05:59.461 [main] INFO  o.s.b.w.s.FilterRegistrationBean - [configure,248] - Mapping filter: 'requestContextFilter' to: [/*]
20:05:59.461 [main] INFO  o.s.b.w.s.DelegatingFilterProxyRegistrationBean - [configure,248] - Mapping filter: 'springSecurityFilterChain' to: [/*]
20:05:59.462 [main] INFO  o.s.b.w.s.FilterRegistrationBean - [configure,261] - Mapping filter: 'object' to urls: [/druid/js/common.js]
20:05:59.462 [main] INFO  o.s.b.w.s.FilterRegistrationBean - [configure,261] - Mapping filter: 'repeatableFilter' to urls: [/*]
20:05:59.462 [main] INFO  o.s.b.w.s.FilterRegistrationBean - [configure,261] - Mapping filter: 'webStatFilter' to urls: [/*]
20:05:59.462 [main] INFO  o.s.b.w.s.FilterRegistrationBean - [configure,248] - Mapping filter: 'jwtAuthenticationTokenFilter' to: [/*]
20:05:59.462 [main] INFO  o.s.b.w.s.ServletRegistrationBean - [addRegistration,186] - Servlet dispatcherServlet mapped to [/]
20:05:59.464 [main] INFO  o.s.b.w.s.ServletRegistrationBean - [addRegistration,186] - Servlet statViewServlet mapped to [/druid/*]
20:06:01.060 [main] INFO  s.d.s.w.PropertySourcedRequestMappingHandlerMapping - [initHandlerMethods,69] - Mapped URL path [/v2/api-docs] onto method [public org.springframework.http.ResponseEntity<springfox.documentation.spring.web.json.Json> springfox.documentation.swagger2.web.Swagger2Controller.getDocumentation(java.lang.String,javax.servlet.http.HttpServletRequest)]
20:06:01.104 [main] INFO  o.s.s.c.ThreadPoolTaskExecutor - [initialize,171] - Initializing ExecutorService 'threadPoolTaskExecutor'
20:06:02.149 [main] INFO  o.f.c.i.l.VersionPrinter - [info,49] - Flyway Community Edition 5.2.1 by Boxfuse
20:06:02.829 [main] INFO  c.a.d.p.DruidDataSource - [init,991] - {dataSource-1} inited
20:06:02.831 [main] INFO  o.f.c.i.d.DatabaseFactory - [info,49] - Database: jdbc:mysql://127.0.0.1:3306/hun (MySQL 5.7)
20:06:03.335 [main] INFO  o.f.c.i.c.DbValidate - [info,49] - Successfully validated 4 migrations (execution time 00:00.276s)
20:06:03.349 [main] INFO  o.f.c.i.c.DbMigrate - [info,49] - Current version of schema `hun`: 1.0.0.1.3
20:06:03.351 [main] INFO  o.f.c.i.c.DbMigrate - [info,49] - Schema `hun` is up to date. No migration necessary.
20:06:03.683 [main] INFO  o.q.i.StdSchedulerFactory - [instantiate,1208] - Using default implementation for ThreadExecutor
20:06:03.704 [main] INFO  o.q.c.SchedulerSignalerImpl - [<init>,61] - Initialized Scheduler Signaller of type: class org.quartz.core.SchedulerSignalerImpl
20:06:03.705 [main] INFO  o.q.c.QuartzScheduler - [<init>,229] - Quartz Scheduler v.2.3.0 created.
20:06:03.706 [main] INFO  o.q.s.RAMJobStore - [initialize,155] - RAMJobStore initialized.
20:06:03.707 [main] INFO  o.q.c.QuartzScheduler - [initialize,294] - Scheduler meta-data: Quartz Scheduler (v2.3.0) 'quartzScheduler' with instanceId 'NON_CLUSTERED'
  Scheduler class: 'org.quartz.core.QuartzScheduler' - running locally.
  NOT STARTED.
  Currently in standby mode.
  Number of jobs executed: 0
  Using thread pool 'org.quartz.simpl.SimpleThreadPool' - with 10 threads.
  Using job-store 'org.quartz.simpl.RAMJobStore' - which does not support persistence. and is not clustered.

20:06:03.707 [main] INFO  o.q.i.StdSchedulerFactory - [instantiate,1362] - Quartz scheduler 'quartzScheduler' initialized from an externally provided properties instance.
20:06:03.707 [main] INFO  o.q.i.StdSchedulerFactory - [instantiate,1366] - Quartz scheduler version: 2.3.0
20:06:03.707 [main] INFO  o.q.c.QuartzScheduler - [setJobFactory,2287] - JobFactory set to: org.springframework.scheduling.quartz.SpringBeanJobFactory@15ade272
20:06:03.943 [main] INFO  o.s.s.w.DefaultSecurityFilterChain - [<init>,43] - Creating filter chain: any request, [org.springframework.security.web.context.request.async.WebAsyncManagerIntegrationFilter@20e25bf7, org.springframework.security.web.context.SecurityContextPersistenceFilter@62682ece, org.springframework.security.web.header.HeaderWriterFilter@589a82af, org.springframework.security.web.authentication.logout.LogoutFilter@1737834, com.qh.venus.achilles.framework.security.filter.JwtAuthenticationTokenFilter@8ce3f27, org.springframework.security.web.savedrequest.RequestCacheAwareFilter@2226fd2b, org.springframework.security.web.servletapi.SecurityContextHolderAwareRequestFilter@4733662d, org.springframework.security.web.authentication.AnonymousAuthenticationFilter@9fc125b, org.springframework.security.web.session.SessionManagementFilter@ee7a538, org.springframework.security.web.access.ExceptionTranslationFilter@5cdafb4d, org.springframework.security.web.access.intercept.FilterSecurityInterceptor@4628f386]
20:06:04.182 [main] INFO  s.d.s.w.p.DocumentationPluginsBootstrapper - [start,160] - Context refreshed
20:06:04.220 [main] INFO  s.d.s.w.p.DocumentationPluginsBootstrapper - [start,163] - Found 1 custom documentation plugin(s)
20:06:04.274 [main] INFO  s.d.s.w.s.ApiListingReferenceScanner - [scan,41] - Scanning for api listing references
20:06:04.375 [main] INFO  o.s.s.q.SchedulerFactoryBean - [startScheduler,726] - Starting Quartz Scheduler now
20:06:04.375 [main] INFO  o.q.c.QuartzScheduler - [start,547] - Scheduler quartzScheduler_$_NON_CLUSTERED started.
20:06:04.386 [main] INFO  o.a.c.h.Http11NioProtocol - [log,173] - Starting ProtocolHandler ["http-nio-8080"]
20:06:04.406 [main] INFO  o.a.t.u.n.NioSelectorPool - [log,173] - Using a shared selector for servlet write/read
20:06:04.425 [main] INFO  o.s.b.w.e.t.TomcatWebServer - [start,204] - Tomcat started on port(s): 8080 (http) with context path ''
20:06:04.429 [main] INFO  c.q.v.a.RunApplication - [logStarted,59] - Started RunApplication in 9.531 seconds (JVM running for 10.217)
20:06:29.625 [Thread-22] INFO  o.q.c.QuartzScheduler - [standby,585] - Scheduler quartzScheduler_$_NON_CLUSTERED paused.
20:06:29.632 [Thread-22] INFO  o.s.s.q.SchedulerFactoryBean - [destroy,844] - Shutting down Quartz Scheduler
20:06:29.632 [Thread-22] INFO  o.q.c.QuartzScheduler - [shutdown,666] - Scheduler quartzScheduler_$_NON_CLUSTERED shutting down.
20:06:29.632 [Thread-22] INFO  o.q.c.QuartzScheduler - [standby,585] - Scheduler quartzScheduler_$_NON_CLUSTERED paused.
20:06:29.633 [Thread-22] INFO  o.q.c.QuartzScheduler - [shutdown,740] - Scheduler quartzScheduler_$_NON_CLUSTERED shutdown complete.
20:06:29.635 [Thread-22] INFO  o.s.s.c.ThreadPoolTaskExecutor - [shutdown,208] - Shutting down ExecutorService 'threadPoolTaskExecutor'
20:06:29.637 [Thread-22] INFO  sys-user - [shutdownAsyncManager,36] - ====关闭后台任务任务线程池====
20:06:29.649 [Thread-22] INFO  c.a.d.p.DruidDataSource - [close,1928] - {dataSource-1} closed
20:06:36.665 [main] INFO  c.q.v.a.RunApplication - [logStarting,50] - Starting RunApplication on cxdpcdeMacBook-Pro.local with PID 17657 (/Users/cxdpc/WorkSpaces/idea_workspace/wedding-manager/target/classes started by cxdpc in /Users/cxdpc/WorkSpaces/idea_workspace/wedding-manager)
20:06:36.669 [main] INFO  c.q.v.a.RunApplication - [logStartupProfileInfo,679] - The following profiles are active: online
20:06:36.710 [main] INFO  o.s.b.d.e.DevToolsPropertyDefaultsPostProcessor - [logTo,227] - For additional web related logging consider setting the 'logging.level.web' property to 'DEBUG'
20:06:37.848 [main] INFO  o.s.d.r.c.RepositoryConfigurationDelegate - [multipleStoresDetected,244] - Multiple Spring Data modules found, entering strict repository configuration mode!
20:06:37.850 [main] INFO  o.s.d.r.c.RepositoryConfigurationDelegate - [registerRepositoriesIn,126] - Bootstrapping Spring Data repositories in DEFAULT mode.
20:06:37.912 [main] INFO  o.s.d.r.c.RepositoryConfigurationDelegate - [registerRepositoriesIn,182] - Finished Spring Data repository scanning in 50ms. Found 0 repository interfaces.
20:06:38.353 [main] INFO  o.s.c.s.PostProcessorRegistrationDelegate$BeanPostProcessorChecker - [postProcessAfterInitialization,330] - Bean 'org.springframework.amqp.rabbit.annotation.RabbitBootstrapConfiguration' of type [org.springframework.amqp.rabbit.annotation.RabbitBootstrapConfiguration$$EnhancerBySpringCGLIB$$251708c0] is not eligible for getting processed by all BeanPostProcessors (for example: not eligible for auto-proxying)
20:06:38.427 [main] INFO  o.s.c.s.PostProcessorRegistrationDelegate$BeanPostProcessorChecker - [postProcessAfterInitialization,330] - Bean 'org.springframework.transaction.annotation.ProxyTransactionManagementConfiguration' of type [org.springframework.transaction.annotation.ProxyTransactionManagementConfiguration$$EnhancerBySpringCGLIB$$5eab4a92] is not eligible for getting processed by all BeanPostProcessors (for example: not eligible for auto-proxying)
20:06:38.638 [main] INFO  o.s.c.s.PostProcessorRegistrationDelegate$BeanPostProcessorChecker - [postProcessAfterInitialization,330] - Bean 'org.springframework.security.config.annotation.configuration.ObjectPostProcessorConfiguration' of type [org.springframework.security.config.annotation.configuration.ObjectPostProcessorConfiguration$$EnhancerBySpringCGLIB$$f75912cc] is not eligible for getting processed by all BeanPostProcessors (for example: not eligible for auto-proxying)
20:06:38.647 [main] INFO  o.s.c.s.PostProcessorRegistrationDelegate$BeanPostProcessorChecker - [postProcessAfterInitialization,330] - Bean 'objectPostProcessor' of type [org.springframework.security.config.annotation.configuration.AutowireBeanFactoryObjectPostProcessor] is not eligible for getting processed by all BeanPostProcessors (for example: not eligible for auto-proxying)
20:06:38.652 [main] INFO  o.s.c.s.PostProcessorRegistrationDelegate$BeanPostProcessorChecker - [postProcessAfterInitialization,330] - Bean 'org.springframework.security.access.expression.method.DefaultMethodSecurityExpressionHandler@1ec88aa1' of type [org.springframework.security.access.expression.method.DefaultMethodSecurityExpressionHandler] is not eligible for getting processed by all BeanPostProcessors (for example: not eligible for auto-proxying)
20:06:38.653 [main] INFO  o.s.c.s.PostProcessorRegistrationDelegate$BeanPostProcessorChecker - [postProcessAfterInitialization,330] - Bean 'org.springframework.security.config.annotation.method.configuration.GlobalMethodSecurityConfiguration' of type [org.springframework.security.config.annotation.method.configuration.GlobalMethodSecurityConfiguration$$EnhancerBySpringCGLIB$$1c2db57e] is not eligible for getting processed by all BeanPostProcessors (for example: not eligible for auto-proxying)
20:06:38.669 [main] INFO  o.s.c.s.PostProcessorRegistrationDelegate$BeanPostProcessorChecker - [postProcessAfterInitialization,330] - Bean 'methodSecurityMetadataSource' of type [org.springframework.security.access.method.DelegatingMethodSecurityMetadataSource] is not eligible for getting processed by all BeanPostProcessors (for example: not eligible for auto-proxying)
20:06:39.248 [main] INFO  o.s.b.w.e.t.TomcatWebServer - [initialize,90] - Tomcat initialized with port(s): 8080 (http)
20:06:39.263 [main] INFO  o.a.c.h.Http11NioProtocol - [log,173] - Initializing ProtocolHandler ["http-nio-8080"]
20:06:39.269 [main] INFO  o.a.c.c.StandardService - [log,173] - Starting service [Tomcat]
20:06:39.269 [main] INFO  o.a.c.c.StandardEngine - [log,173] - Starting Servlet Engine: Apache Tomcat/9.0.12
20:06:39.276 [main] INFO  o.a.c.c.AprLifecycleListener - [log,173] - The APR based Apache Tomcat Native library which allows optimal performance in production environments was not found on the java.library.path: [/Users/cxdpc/Library/Java/Extensions:/Library/Java/Extensions:/Network/Library/Java/Extensions:/System/Library/Java/Extensions:/usr/lib/java:.]
20:06:39.375 [main] INFO  o.a.c.c.C.[.[.[/] - [log,173] - Initializing Spring embedded WebApplicationContext
20:06:39.376 [main] INFO  o.s.w.c.ContextLoader - [prepareWebApplicationContext,285] - Root WebApplicationContext: initialization completed in 2666 ms
20:06:40.767 [main] INFO  o.s.b.w.s.FilterRegistrationBean - [configure,261] - Mapping filter: 'xssFilter' to urls: [/system/*, /monitor/*, /tool/*, /pts/sys/*]
20:06:40.768 [main] INFO  o.s.b.w.s.FilterRegistrationBean - [configure,248] - Mapping filter: 'characterEncodingFilter' to: [/*]
20:06:40.768 [main] INFO  o.s.b.w.s.FilterRegistrationBean - [configure,248] - Mapping filter: 'hiddenHttpMethodFilter' to: [/*]
20:06:40.768 [main] INFO  o.s.b.w.s.FilterRegistrationBean - [configure,248] - Mapping filter: 'formContentFilter' to: [/*]
20:06:40.768 [main] INFO  o.s.b.w.s.FilterRegistrationBean - [configure,248] - Mapping filter: 'requestContextFilter' to: [/*]
20:06:40.769 [main] INFO  o.s.b.w.s.DelegatingFilterProxyRegistrationBean - [configure,248] - Mapping filter: 'springSecurityFilterChain' to: [/*]
20:06:40.769 [main] INFO  o.s.b.w.s.FilterRegistrationBean - [configure,261] - Mapping filter: 'object' to urls: [/druid/js/common.js]
20:06:40.769 [main] INFO  o.s.b.w.s.FilterRegistrationBean - [configure,261] - Mapping filter: 'repeatableFilter' to urls: [/*]
20:06:40.769 [main] INFO  o.s.b.w.s.FilterRegistrationBean - [configure,261] - Mapping filter: 'webStatFilter' to urls: [/*]
20:06:40.769 [main] INFO  o.s.b.w.s.FilterRegistrationBean - [configure,248] - Mapping filter: 'jwtAuthenticationTokenFilter' to: [/*]
20:06:40.770 [main] INFO  o.s.b.w.s.ServletRegistrationBean - [addRegistration,186] - Servlet dispatcherServlet mapped to [/]
20:06:40.771 [main] INFO  o.s.b.w.s.ServletRegistrationBean - [addRegistration,186] - Servlet statViewServlet mapped to [/druid/*]
20:06:42.512 [main] INFO  s.d.s.w.PropertySourcedRequestMappingHandlerMapping - [initHandlerMethods,69] - Mapped URL path [/v2/api-docs] onto method [public org.springframework.http.ResponseEntity<springfox.documentation.spring.web.json.Json> springfox.documentation.swagger2.web.Swagger2Controller.getDocumentation(java.lang.String,javax.servlet.http.HttpServletRequest)]
20:06:42.554 [main] INFO  o.s.s.c.ThreadPoolTaskExecutor - [initialize,171] - Initializing ExecutorService 'threadPoolTaskExecutor'
20:06:43.584 [main] INFO  o.f.c.i.l.VersionPrinter - [info,49] - Flyway Community Edition 5.2.1 by Boxfuse
20:06:44.155 [main] INFO  c.a.d.p.DruidDataSource - [init,991] - {dataSource-1} inited
20:06:44.161 [main] INFO  o.s.s.c.ThreadPoolTaskExecutor - [shutdown,208] - Shutting down ExecutorService 'threadPoolTaskExecutor'
20:06:44.163 [main] INFO  sys-user - [shutdownAsyncManager,36] - ====关闭后台任务任务线程池====
20:06:44.169 [main] INFO  c.a.d.p.DruidDataSource - [close,1928] - {dataSource-1} closed
20:06:44.187 [main] INFO  o.a.c.c.StandardService - [log,173] - Stopping service [Tomcat]
20:06:44.198 [main] INFO  o.s.b.a.l.ConditionEvaluationReportLoggingListener - [logMessage,142] - 

Error starting ApplicationContext. To display the conditions report re-run your application with 'debug' enabled.
