21:57:37.319 [main] INFO  c.q.v.a.RunApplication - [logStarting,50] - Starting RunApplication on cxdpcdeMacBook-Pro.local with PID 12713 (/Users/cxdpc/WorkSpaces/idea_workspace/wedding-manager/target/classes started by cxdpc in /Users/cxdpc/WorkSpaces/idea_workspace/wedding-manager)
21:57:37.327 [main] INFO  c.q.v.a.RunApplication - [logStartupProfileInfo,679] - The following profiles are active: caoxiaodong
21:57:37.378 [main] INFO  o.s.b.d.e.DevToolsPropertyDefaultsPostProcessor - [logTo,227] - For additional web related logging consider setting the 'logging.level.web' property to 'DEBUG'
21:57:38.884 [main] INFO  o.s.d.r.c.RepositoryConfigurationDelegate - [multipleStoresDetected,244] - Multiple Spring Data modules found, entering strict repository configuration mode!
21:57:38.888 [main] INFO  o.s.d.r.c.RepositoryConfigurationDelegate - [registerRepositoriesIn,126] - Bootstrapping Spring Data repositories in DEFAULT mode.
21:57:38.963 [main] INFO  o.s.d.r.c.RepositoryConfigurationDelegate - [registerRepositoriesIn,182] - Finished Spring Data repository scanning in 53ms. Found 0 repository interfaces.
21:57:39.613 [main] INFO  o.s.c.s.PostProcessorRegistrationDelegate$BeanPostProcessorChecker - [postProcessAfterInitialization,330] - Bean 'org.springframework.amqp.rabbit.annotation.RabbitBootstrapConfiguration' of type [org.springframework.amqp.rabbit.annotation.RabbitBootstrapConfiguration$$EnhancerBySpringCGLIB$$4c8c5102] is not eligible for getting processed by all BeanPostProcessors (for example: not eligible for auto-proxying)
21:57:39.703 [main] INFO  o.s.c.s.PostProcessorRegistrationDelegate$BeanPostProcessorChecker - [postProcessAfterInitialization,330] - Bean 'org.springframework.transaction.annotation.ProxyTransactionManagementConfiguration' of type [org.springframework.transaction.annotation.ProxyTransactionManagementConfiguration$$EnhancerBySpringCGLIB$$862092d4] is not eligible for getting processed by all BeanPostProcessors (for example: not eligible for auto-proxying)
21:57:39.966 [main] INFO  o.s.c.s.PostProcessorRegistrationDelegate$BeanPostProcessorChecker - [postProcessAfterInitialization,330] - Bean 'org.springframework.security.config.annotation.configuration.ObjectPostProcessorConfiguration' of type [org.springframework.security.config.annotation.configuration.ObjectPostProcessorConfiguration$$EnhancerBySpringCGLIB$$1ece5b0e] is not eligible for getting processed by all BeanPostProcessors (for example: not eligible for auto-proxying)
21:57:39.975 [main] INFO  o.s.c.s.PostProcessorRegistrationDelegate$BeanPostProcessorChecker - [postProcessAfterInitialization,330] - Bean 'objectPostProcessor' of type [org.springframework.security.config.annotation.configuration.AutowireBeanFactoryObjectPostProcessor] is not eligible for getting processed by all BeanPostProcessors (for example: not eligible for auto-proxying)
21:57:39.981 [main] INFO  o.s.c.s.PostProcessorRegistrationDelegate$BeanPostProcessorChecker - [postProcessAfterInitialization,330] - Bean 'org.springframework.security.access.expression.method.DefaultMethodSecurityExpressionHandler@852ef8d' of type [org.springframework.security.access.expression.method.DefaultMethodSecurityExpressionHandler] is not eligible for getting processed by all BeanPostProcessors (for example: not eligible for auto-proxying)
21:57:39.985 [main] INFO  o.s.c.s.PostProcessorRegistrationDelegate$BeanPostProcessorChecker - [postProcessAfterInitialization,330] - Bean 'org.springframework.security.config.annotation.method.configuration.GlobalMethodSecurityConfiguration' of type [org.springframework.security.config.annotation.method.configuration.GlobalMethodSecurityConfiguration$$EnhancerBySpringCGLIB$$43a2fdc0] is not eligible for getting processed by all BeanPostProcessors (for example: not eligible for auto-proxying)
21:57:40.001 [main] INFO  o.s.c.s.PostProcessorRegistrationDelegate$BeanPostProcessorChecker - [postProcessAfterInitialization,330] - Bean 'methodSecurityMetadataSource' of type [org.springframework.security.access.method.DelegatingMethodSecurityMetadataSource] is not eligible for getting processed by all BeanPostProcessors (for example: not eligible for auto-proxying)
21:57:40.557 [main] INFO  o.s.b.w.e.t.TomcatWebServer - [initialize,90] - Tomcat initialized with port(s): 8080 (http)
21:57:40.578 [main] INFO  o.a.c.h.Http11NioProtocol - [log,173] - Initializing ProtocolHandler ["http-nio-8080"]
21:57:40.585 [main] INFO  o.a.c.c.StandardService - [log,173] - Starting service [Tomcat]
21:57:40.585 [main] INFO  o.a.c.c.StandardEngine - [log,173] - Starting Servlet Engine: Apache Tomcat/9.0.12
21:57:40.596 [main] INFO  o.a.c.c.AprLifecycleListener - [log,173] - The APR based Apache Tomcat Native library which allows optimal performance in production environments was not found on the java.library.path: [/Users/cxdpc/Library/Java/Extensions:/Library/Java/Extensions:/Network/Library/Java/Extensions:/System/Library/Java/Extensions:/usr/lib/java:.]
21:57:40.724 [main] INFO  o.a.c.c.C.[.[.[/] - [log,173] - Initializing Spring embedded WebApplicationContext
21:57:40.724 [main] INFO  o.s.w.c.ContextLoader - [prepareWebApplicationContext,285] - Root WebApplicationContext: initialization completed in 3346 ms
21:57:42.448 [main] INFO  o.s.b.w.s.FilterRegistrationBean - [configure,261] - Mapping filter: 'xssFilter' to urls: [/system/*, /monitor/*, /tool/*, /pts/sys/*]
21:57:42.448 [main] INFO  o.s.b.w.s.FilterRegistrationBean - [configure,248] - Mapping filter: 'characterEncodingFilter' to: [/*]
21:57:42.448 [main] INFO  o.s.b.w.s.FilterRegistrationBean - [configure,248] - Mapping filter: 'hiddenHttpMethodFilter' to: [/*]
21:57:42.449 [main] INFO  o.s.b.w.s.FilterRegistrationBean - [configure,248] - Mapping filter: 'formContentFilter' to: [/*]
21:57:42.449 [main] INFO  o.s.b.w.s.FilterRegistrationBean - [configure,248] - Mapping filter: 'requestContextFilter' to: [/*]
21:57:42.449 [main] INFO  o.s.b.w.s.DelegatingFilterProxyRegistrationBean - [configure,248] - Mapping filter: 'springSecurityFilterChain' to: [/*]
21:57:42.450 [main] INFO  o.s.b.w.s.FilterRegistrationBean - [configure,261] - Mapping filter: 'object' to urls: [/druid/js/common.js]
21:57:42.450 [main] INFO  o.s.b.w.s.FilterRegistrationBean - [configure,261] - Mapping filter: 'repeatableFilter' to urls: [/*]
21:57:42.450 [main] INFO  o.s.b.w.s.FilterRegistrationBean - [configure,261] - Mapping filter: 'webStatFilter' to urls: [/*]
21:57:42.450 [main] INFO  o.s.b.w.s.FilterRegistrationBean - [configure,248] - Mapping filter: 'jwtAuthenticationTokenFilter' to: [/*]
21:57:42.450 [main] INFO  o.s.b.w.s.ServletRegistrationBean - [addRegistration,186] - Servlet dispatcherServlet mapped to [/]
21:57:42.453 [main] INFO  o.s.b.w.s.ServletRegistrationBean - [addRegistration,186] - Servlet statViewServlet mapped to [/druid/*]
21:57:44.179 [main] INFO  s.d.s.w.PropertySourcedRequestMappingHandlerMapping - [initHandlerMethods,69] - Mapped URL path [/v2/api-docs] onto method [public org.springframework.http.ResponseEntity<springfox.documentation.spring.web.json.Json> springfox.documentation.swagger2.web.Swagger2Controller.getDocumentation(java.lang.String,javax.servlet.http.HttpServletRequest)]
21:57:44.230 [main] INFO  o.s.s.c.ThreadPoolTaskExecutor - [initialize,171] - Initializing ExecutorService 'threadPoolTaskExecutor'
21:57:45.407 [main] INFO  o.f.c.i.l.VersionPrinter - [info,49] - Flyway Community Edition 5.2.1 by Boxfuse
21:57:46.230 [main] INFO  c.a.d.p.DruidDataSource - [init,991] - {dataSource-1} inited
21:57:46.231 [main] INFO  o.f.c.i.d.DatabaseFactory - [info,49] - Database: jdbc:mysql://127.0.0.1:3306/hun_dev (MySQL 5.7)
21:57:46.730 [main] INFO  o.f.c.i.c.DbValidate - [info,49] - Successfully validated 4 migrations (execution time 00:00.275s)
21:57:46.743 [main] INFO  o.f.c.i.c.DbMigrate - [info,49] - Current version of schema `hun_dev`: 1.0.0.1.3
21:57:46.744 [main] INFO  o.f.c.i.c.DbMigrate - [info,49] - Schema `hun_dev` is up to date. No migration necessary.
21:57:47.067 [main] INFO  o.q.i.StdSchedulerFactory - [instantiate,1208] - Using default implementation for ThreadExecutor
21:57:47.086 [main] INFO  o.q.c.SchedulerSignalerImpl - [<init>,61] - Initialized Scheduler Signaller of type: class org.quartz.core.SchedulerSignalerImpl
21:57:47.086 [main] INFO  o.q.c.QuartzScheduler - [<init>,229] - Quartz Scheduler v.2.3.0 created.
21:57:47.087 [main] INFO  o.q.s.RAMJobStore - [initialize,155] - RAMJobStore initialized.
21:57:47.087 [main] INFO  o.q.c.QuartzScheduler - [initialize,294] - Scheduler meta-data: Quartz Scheduler (v2.3.0) 'quartzScheduler' with instanceId 'NON_CLUSTERED'
  Scheduler class: 'org.quartz.core.QuartzScheduler' - running locally.
  NOT STARTED.
  Currently in standby mode.
  Number of jobs executed: 0
  Using thread pool 'org.quartz.simpl.SimpleThreadPool' - with 10 threads.
  Using job-store 'org.quartz.simpl.RAMJobStore' - which does not support persistence. and is not clustered.

21:57:47.088 [main] INFO  o.q.i.StdSchedulerFactory - [instantiate,1362] - Quartz scheduler 'quartzScheduler' initialized from an externally provided properties instance.
21:57:47.088 [main] INFO  o.q.i.StdSchedulerFactory - [instantiate,1366] - Quartz scheduler version: 2.3.0
21:57:47.088 [main] INFO  o.q.c.QuartzScheduler - [setJobFactory,2287] - JobFactory set to: org.springframework.scheduling.quartz.SpringBeanJobFactory@35a81281
21:57:47.306 [main] INFO  o.s.s.w.DefaultSecurityFilterChain - [<init>,43] - Creating filter chain: any request, [org.springframework.security.web.context.request.async.WebAsyncManagerIntegrationFilter@1db7c267, org.springframework.security.web.context.SecurityContextPersistenceFilter@5603632c, org.springframework.security.web.header.HeaderWriterFilter@51d26fed, org.springframework.security.web.authentication.logout.LogoutFilter@374013e8, com.qh.venus.achilles.framework.security.filter.JwtAuthenticationTokenFilter@408d945b, org.springframework.security.web.savedrequest.RequestCacheAwareFilter@3ed2a30c, org.springframework.security.web.servletapi.SecurityContextHolderAwareRequestFilter@3437fc4f, org.springframework.security.web.authentication.AnonymousAuthenticationFilter@516370c1, org.springframework.security.web.session.SessionManagementFilter@38568876, org.springframework.security.web.access.ExceptionTranslationFilter@13f255ed, org.springframework.security.web.access.intercept.FilterSecurityInterceptor@2b71a12e]
21:57:47.512 [main] INFO  s.d.s.w.p.DocumentationPluginsBootstrapper - [start,160] - Context refreshed
21:57:47.551 [main] INFO  s.d.s.w.p.DocumentationPluginsBootstrapper - [start,163] - Found 1 custom documentation plugin(s)
21:57:47.596 [main] INFO  s.d.s.w.s.ApiListingReferenceScanner - [scan,41] - Scanning for api listing references
21:57:47.709 [main] INFO  o.s.s.q.SchedulerFactoryBean - [startScheduler,726] - Starting Quartz Scheduler now
21:57:47.710 [main] INFO  o.q.c.QuartzScheduler - [start,547] - Scheduler quartzScheduler_$_NON_CLUSTERED started.
21:57:47.719 [main] INFO  o.a.c.h.Http11NioProtocol - [log,173] - Starting ProtocolHandler ["http-nio-8080"]
21:57:47.744 [main] INFO  o.a.t.u.n.NioSelectorPool - [log,173] - Using a shared selector for servlet write/read
21:57:47.764 [main] INFO  o.s.b.w.e.t.TomcatWebServer - [start,204] - Tomcat started on port(s): 8080 (http) with context path ''
21:57:47.767 [main] INFO  c.q.v.a.RunApplication - [logStarted,59] - Started RunApplication in 10.98 seconds (JVM running for 12.269)
21:57:53.275 [http-nio-8080-exec-1] INFO  o.a.t.u.h.p.Cookie - [log,173] - A cookie header was received [1603288005,1605364505; loginToken=Bearer%20eyJhbGciOiJIUzUxMiJ9.eyJzdWIiOiJ1c2VyIiwiY3JlYXRlZCI6MTYwNTM2NDU0OTA1MiwiZXhwIjoxNjA1OTY5MzQ5fQ.rDug5Nf0-MRegp3KZmcdJ8tyNsU1NFYLQbITNY63MbMrBSOIirVafw99HDdniasKN-DgYjujd3JbzQ-TtwfROg; sidebarStatus=1; Hm_lpvt_8b02a318fde5831da10426656a43d03c=1605364839] that contained an invalid cookie. That cookie will be ignored.Note: further occurrences of this error will be logged at DEBUG level.
21:57:53.285 [http-nio-8080-exec-1] INFO  o.a.c.c.C.[.[.[/] - [log,173] - Initializing Spring DispatcherServlet 'dispatcherServlet'
21:57:53.285 [http-nio-8080-exec-1] INFO  o.s.w.s.DispatcherServlet - [initServletBean,521] - Initializing Servlet 'dispatcherServlet'
21:57:53.309 [http-nio-8080-exec-1] INFO  o.s.w.s.DispatcherServlet - [initServletBean,543] - Completed initialization in 23 ms
21:57:53.335 [http-nio-8080-exec-1] INFO  c.q.v.a.f.s.f.JwtAuthenticationTokenFilter - [doFilterInternal,43] - url:/code
21:57:55.996 [http-nio-8080-exec-1] INFO  i.l.c.EpollProvider - [info,101] - Starting without optional epoll library
21:57:55.998 [http-nio-8080-exec-1] INFO  i.l.c.KqueueProvider - [info,101] - Starting without optional kqueue library
21:58:01.309 [http-nio-8080-exec-2] INFO  c.q.v.a.f.s.f.JwtAuthenticationTokenFilter - [doFilterInternal,43] - url:/auth/login
21:58:01.761 [schedule-pool-1] INFO  sys-user - [run,61] - [127.0.0.1]内网IP[admin][Success][登录成功]
21:58:01.908 [http-nio-8080-exec-3] INFO  c.q.v.a.f.s.f.JwtAuthenticationTokenFilter - [doFilterInternal,43] - url:/system/user/info
21:58:02.055 [http-nio-8080-exec-4] INFO  c.q.v.a.f.s.f.JwtAuthenticationTokenFilter - [doFilterInternal,43] - url:/system/topMenu/list
21:58:02.106 [http-nio-8080-exec-5] INFO  c.q.v.a.f.s.f.JwtAuthenticationTokenFilter - [doFilterInternal,43] - url:/system/menu/user
21:58:02.432 [http-nio-8080-exec-6] INFO  c.q.v.a.f.s.f.JwtAuthenticationTokenFilter - [doFilterInternal,43] - url:/openfile/2020/11/12/ecc3086d41d67feeafb42fd8b6a8be5c.png
21:58:02.433 [http-nio-8080-exec-7] INFO  c.q.v.a.f.s.f.JwtAuthenticationTokenFilter - [doFilterInternal,43] - url:/openfile/2020/11/12/4b2967a3cdc6946d052a927366defbb3.png
21:58:02.484 [http-nio-8080-exec-8] INFO  c.q.v.a.f.s.f.JwtAuthenticationTokenFilter - [doFilterInternal,43] - url:/pts/dating/hunDating/list
21:58:02.485 [http-nio-8080-exec-9] INFO  c.q.v.a.f.s.f.JwtAuthenticationTokenFilter - [doFilterInternal,43] - url:/system/dict/data/type
21:58:02.604 [threadPoolTaskExecutor-1] INFO  c.q.v.a.f.l.l.LogListener - [listenOperLog,39] - 远程操作日志记录成功：SysOperLog(operId=null, title=删除相亲, businessType=10, method=com.qh.venus.achilles.pts.dating.controller.HunDatingController.list(), requestMethod=GET, operatorType=1, operName=admin, deptName=null, operUrl=/pts/dating/hunDating/list, operIp=127.0.0.1, operLocation=内网IP, operParam=[
	{
		"params":{}
	}
], status=0, errorMsg=null, operTime=null)
21:58:04.825 [http-nio-8080-exec-10] INFO  c.q.v.a.f.s.f.JwtAuthenticationTokenFilter - [doFilterInternal,43] - url:/system/dict/data/type
21:58:04.833 [http-nio-8080-exec-11] INFO  c.q.v.a.f.s.f.JwtAuthenticationTokenFilter - [doFilterInternal,43] - url:/system/dict/data/type
21:58:04.834 [http-nio-8080-exec-13] INFO  c.q.v.a.f.s.f.JwtAuthenticationTokenFilter - [doFilterInternal,43] - url:/system/dict/data/type
21:58:04.834 [http-nio-8080-exec-12] INFO  c.q.v.a.f.s.f.JwtAuthenticationTokenFilter - [doFilterInternal,43] - url:/system/dict/data/type
21:58:04.835 [http-nio-8080-exec-14] INFO  c.q.v.a.f.s.f.JwtAuthenticationTokenFilter - [doFilterInternal,43] - url:/system/dict/data/type
21:58:04.838 [http-nio-8080-exec-15] INFO  c.q.v.a.f.s.f.JwtAuthenticationTokenFilter - [doFilterInternal,43] - url:/system/dict/data/type
21:58:06.232 [http-nio-8080-exec-16] INFO  c.q.v.a.f.s.f.JwtAuthenticationTokenFilter - [doFilterInternal,43] - url:/pts/custom/custom/list
21:58:06.305 [threadPoolTaskExecutor-2] INFO  c.q.v.a.f.l.l.LogListener - [listenOperLog,39] - 远程操作日志记录成功：SysOperLog(operId=null, title=删除客户管理, businessType=10, method=com.qh.venus.achilles.pts.custom.controller.HunCustomController.list(), requestMethod=GET, operatorType=1, operName=admin, deptName=null, operUrl=/pts/custom/custom/list, operIp=127.0.0.1, operLocation=内网IP, operParam=[
	{
		"matchFail":0,
		"matchSuccess":0,
		"matching":0,
		"params":{},
		"totalMatch":0
	}
], status=0, errorMsg=null, operTime=null)
21:58:08.136 [http-nio-8080-exec-17] INFO  c.q.v.a.f.s.f.JwtAuthenticationTokenFilter - [doFilterInternal,43] - url:/pts/custom/custom/list
21:58:08.177 [threadPoolTaskExecutor-3] INFO  c.q.v.a.f.l.l.LogListener - [listenOperLog,39] - 远程操作日志记录成功：SysOperLog(operId=null, title=删除客户管理, businessType=10, method=com.qh.venus.achilles.pts.custom.controller.HunCustomController.list(), requestMethod=GET, operatorType=1, operName=admin, deptName=null, operUrl=/pts/custom/custom/list, operIp=127.0.0.1, operLocation=内网IP, operParam=[
	{
		"matchFail":0,
		"matchSuccess":0,
		"matching":0,
		"params":{},
		"totalMatch":0
	}
], status=0, errorMsg=null, operTime=null)
21:58:10.838 [http-nio-8080-exec-18] INFO  c.q.v.a.f.s.f.JwtAuthenticationTokenFilter - [doFilterInternal,43] - url:/pts/custom/custom/list
21:58:10.876 [threadPoolTaskExecutor-4] INFO  c.q.v.a.f.l.l.LogListener - [listenOperLog,39] - 远程操作日志记录成功：SysOperLog(operId=null, title=删除客户管理, businessType=10, method=com.qh.venus.achilles.pts.custom.controller.HunCustomController.list(), requestMethod=GET, operatorType=1, operName=admin, deptName=null, operUrl=/pts/custom/custom/list, operIp=127.0.0.1, operLocation=内网IP, operParam=[
	{
		"matchFail":0,
		"matchSuccess":0,
		"matching":0,
		"params":{},
		"totalMatch":0
	}
], status=0, errorMsg=null, operTime=null)
21:58:22.770 [http-nio-8080-exec-19] INFO  c.q.v.a.f.s.f.JwtAuthenticationTokenFilter - [doFilterInternal,43] - url:/pts/custom/custom/list
21:58:22.808 [threadPoolTaskExecutor-5] INFO  c.q.v.a.f.l.l.LogListener - [listenOperLog,39] - 远程操作日志记录成功：SysOperLog(operId=null, title=删除客户管理, businessType=10, method=com.qh.venus.achilles.pts.custom.controller.HunCustomController.list(), requestMethod=GET, operatorType=1, operName=admin, deptName=null, operUrl=/pts/custom/custom/list, operIp=127.0.0.1, operLocation=内网IP, operParam=[
	{
		"matchFail":0,
		"matchSuccess":0,
		"matching":0,
		"params":{},
		"totalMatch":0
	}
], status=0, errorMsg=null, operTime=null)
21:58:23.905 [http-nio-8080-exec-20] INFO  c.q.v.a.f.s.f.JwtAuthenticationTokenFilter - [doFilterInternal,43] - url:/pts/custom/custom/list
21:58:23.944 [threadPoolTaskExecutor-6] INFO  c.q.v.a.f.l.l.LogListener - [listenOperLog,39] - 远程操作日志记录成功：SysOperLog(operId=null, title=删除客户管理, businessType=10, method=com.qh.venus.achilles.pts.custom.controller.HunCustomController.list(), requestMethod=GET, operatorType=1, operName=admin, deptName=null, operUrl=/pts/custom/custom/list, operIp=127.0.0.1, operLocation=内网IP, operParam=[
	{
		"matchFail":0,
		"matchSuccess":0,
		"matching":0,
		"params":{},
		"totalMatch":0
	}
], status=0, errorMsg=null, operTime=null)
22:01:39.401 [http-nio-8080-exec-21] INFO  c.q.v.a.f.s.f.JwtAuthenticationTokenFilter - [doFilterInternal,43] - url:/system/dict/data/type
22:01:39.402 [http-nio-8080-exec-22] INFO  c.q.v.a.f.s.f.JwtAuthenticationTokenFilter - [doFilterInternal,43] - url:/system/dict/data/type
22:01:39.404 [http-nio-8080-exec-23] INFO  c.q.v.a.f.s.f.JwtAuthenticationTokenFilter - [doFilterInternal,43] - url:/pts/match/hunMatch/list
22:01:39.424 [http-nio-8080-exec-24] INFO  c.q.v.a.f.s.f.JwtAuthenticationTokenFilter - [doFilterInternal,43] - url:/system/dict/data/type
22:01:39.432 [http-nio-8080-exec-25] INFO  c.q.v.a.f.s.f.JwtAuthenticationTokenFilter - [doFilterInternal,43] - url:/system/dict/data/type
22:01:39.471 [threadPoolTaskExecutor-7] INFO  c.q.v.a.f.l.l.LogListener - [listenOperLog,39] - 远程操作日志记录成功：SysOperLog(operId=null, title=删除配对, businessType=10, method=com.qh.venus.achilles.pts.match.controller.HunMatchController.list(), requestMethod=GET, operatorType=1, operName=admin, deptName=null, operUrl=/pts/match/hunMatch/list, operIp=127.0.0.1, operLocation=内网IP, operParam=[
	{
		"params":{}
	}
], status=0, errorMsg=null, operTime=null)
22:01:40.045 [http-nio-8080-exec-26] INFO  c.q.v.a.f.s.f.JwtAuthenticationTokenFilter - [doFilterInternal,43] - url:/system/dict/data/type
22:01:40.047 [http-nio-8080-exec-27] INFO  c.q.v.a.f.s.f.JwtAuthenticationTokenFilter - [doFilterInternal,43] - url:/system/dict/data/type
22:01:40.047 [http-nio-8080-exec-28] INFO  c.q.v.a.f.s.f.JwtAuthenticationTokenFilter - [doFilterInternal,43] - url:/system/dict/data/type
22:01:40.047 [http-nio-8080-exec-29] INFO  c.q.v.a.f.s.f.JwtAuthenticationTokenFilter - [doFilterInternal,43] - url:/pts/member/hunMember/list
22:01:40.060 [http-nio-8080-exec-27] INFO  c.q.v.a.f.s.f.JwtAuthenticationTokenFilter - [doFilterInternal,43] - url:/system/dict/data/type
22:01:40.062 [http-nio-8080-exec-1] INFO  c.q.v.a.f.s.f.JwtAuthenticationTokenFilter - [doFilterInternal,43] - url:/system/dict/data/type
22:01:40.066 [http-nio-8080-exec-2] INFO  c.q.v.a.f.s.f.JwtAuthenticationTokenFilter - [doFilterInternal,43] - url:/system/dict/data/type
22:01:40.094 [threadPoolTaskExecutor-8] INFO  c.q.v.a.f.l.l.LogListener - [listenOperLog,39] - 远程操作日志记录成功：SysOperLog(operId=null, title=删除会员管理, businessType=10, method=com.qh.venus.achilles.pts.member.controller.HunMemberController.list(), requestMethod=GET, operatorType=1, operName=admin, deptName=null, operUrl=/pts/member/hunMember/list, operIp=127.0.0.1, operLocation=内网IP, operParam=[
	{
		"params":{}
	}
], status=0, errorMsg=null, operTime=null)
22:01:41.573 [http-nio-8080-exec-3] INFO  c.q.v.a.f.s.f.JwtAuthenticationTokenFilter - [doFilterInternal,43] - url:/system/dict/data/type
22:01:41.576 [http-nio-8080-exec-4] INFO  c.q.v.a.f.s.f.JwtAuthenticationTokenFilter - [doFilterInternal,43] - url:/system/dict/data/type
22:01:41.579 [http-nio-8080-exec-5] INFO  c.q.v.a.f.s.f.JwtAuthenticationTokenFilter - [doFilterInternal,43] - url:/system/dict/data/type
22:01:41.580 [http-nio-8080-exec-9] INFO  c.q.v.a.f.s.f.JwtAuthenticationTokenFilter - [doFilterInternal,43] - url:/system/dict/data/type
22:01:41.580 [http-nio-8080-exec-6] INFO  c.q.v.a.f.s.f.JwtAuthenticationTokenFilter - [doFilterInternal,43] - url:/system/dict/data/type
22:01:41.580 [http-nio-8080-exec-7] INFO  c.q.v.a.f.s.f.JwtAuthenticationTokenFilter - [doFilterInternal,43] - url:/system/dict/data/type
22:01:43.207 [http-nio-8080-exec-8] INFO  c.q.v.a.f.s.f.JwtAuthenticationTokenFilter - [doFilterInternal,43] - url:/system/dict/data/type
22:01:43.209 [http-nio-8080-exec-10] INFO  c.q.v.a.f.s.f.JwtAuthenticationTokenFilter - [doFilterInternal,43] - url:/system/dict/data/type
22:01:43.212 [http-nio-8080-exec-12] INFO  c.q.v.a.f.s.f.JwtAuthenticationTokenFilter - [doFilterInternal,43] - url:/system/dict/data/type
22:01:43.214 [http-nio-8080-exec-14] INFO  c.q.v.a.f.s.f.JwtAuthenticationTokenFilter - [doFilterInternal,43] - url:/system/dict/data/type
22:01:43.214 [http-nio-8080-exec-15] INFO  c.q.v.a.f.s.f.JwtAuthenticationTokenFilter - [doFilterInternal,43] - url:/system/dict/data/type
22:01:43.215 [http-nio-8080-exec-13] INFO  c.q.v.a.f.s.f.JwtAuthenticationTokenFilter - [doFilterInternal,43] - url:/system/dict/data/type
22:01:43.238 [http-nio-8080-exec-11] INFO  c.q.v.a.f.s.f.JwtAuthenticationTokenFilter - [doFilterInternal,43] - url:/pts/custom/custom/list
22:01:43.243 [http-nio-8080-exec-17] INFO  c.q.v.a.f.s.f.JwtAuthenticationTokenFilter - [doFilterInternal,43] - url:/system/dict/data/type
22:01:43.243 [http-nio-8080-exec-18] INFO  c.q.v.a.f.s.f.JwtAuthenticationTokenFilter - [doFilterInternal,43] - url:/system/dict/data/type
22:01:43.244 [http-nio-8080-exec-19] INFO  c.q.v.a.f.s.f.JwtAuthenticationTokenFilter - [doFilterInternal,43] - url:/system/dict/data/type
22:01:43.243 [http-nio-8080-exec-16] INFO  c.q.v.a.f.s.f.JwtAuthenticationTokenFilter - [doFilterInternal,43] - url:/system/dict/data/type
22:01:43.245 [http-nio-8080-exec-20] INFO  c.q.v.a.f.s.f.JwtAuthenticationTokenFilter - [doFilterInternal,43] - url:/system/dict/data/type
22:01:43.265 [http-nio-8080-exec-22] INFO  c.q.v.a.f.s.f.JwtAuthenticationTokenFilter - [doFilterInternal,43] - url:/system/dict/data/type
22:01:43.266 [http-nio-8080-exec-21] INFO  c.q.v.a.f.s.f.JwtAuthenticationTokenFilter - [doFilterInternal,43] - url:/system/dict/data/type
22:01:43.291 [threadPoolTaskExecutor-9] INFO  c.q.v.a.f.l.l.LogListener - [listenOperLog,39] - 远程操作日志记录成功：SysOperLog(operId=null, title=删除客户管理, businessType=10, method=com.qh.venus.achilles.pts.custom.controller.HunCustomController.list(), requestMethod=GET, operatorType=1, operName=admin, deptName=null, operUrl=/pts/custom/custom/list, operIp=127.0.0.1, operLocation=内网IP, operParam=[
	{
		"matchFail":0,
		"matchSuccess":0,
		"matching":0,
		"params":{},
		"totalMatch":0
	}
], status=0, errorMsg=null, operTime=null)
22:01:44.536 [http-nio-8080-exec-25] INFO  c.q.v.a.f.s.f.JwtAuthenticationTokenFilter - [doFilterInternal,43] - url:/system/dict/data/type
22:01:44.536 [http-nio-8080-exec-24] INFO  c.q.v.a.f.s.f.JwtAuthenticationTokenFilter - [doFilterInternal,43] - url:/system/dict/data/type
22:01:45.780 [http-nio-8080-exec-23] INFO  c.q.v.a.f.s.f.JwtAuthenticationTokenFilter - [doFilterInternal,43] - url:/system/dict/data/type
22:01:45.780 [http-nio-8080-exec-26] INFO  c.q.v.a.f.s.f.JwtAuthenticationTokenFilter - [doFilterInternal,43] - url:/system/dict/data/type
22:01:45.780 [http-nio-8080-exec-28] INFO  c.q.v.a.f.s.f.JwtAuthenticationTokenFilter - [doFilterInternal,43] - url:/pts/relation/hunAgent/list
22:01:45.797 [http-nio-8080-exec-30] INFO  c.q.v.a.f.s.f.JwtAuthenticationTokenFilter - [doFilterInternal,43] - url:/system/dict/data/type
22:01:45.798 [http-nio-8080-exec-27] INFO  c.q.v.a.f.s.f.JwtAuthenticationTokenFilter - [doFilterInternal,43] - url:/system/dict/data/type
22:01:45.825 [threadPoolTaskExecutor-10] INFO  c.q.v.a.f.l.l.LogListener - [listenOperLog,39] - 远程操作日志记录成功：SysOperLog(operId=null, title=删除代理人, businessType=10, method=com.qh.venus.achilles.pts.relation.controller.HunAgentController.list(), requestMethod=GET, operatorType=1, operName=admin, deptName=null, operUrl=/pts/relation/hunAgent/list, operIp=127.0.0.1, operLocation=内网IP, operParam=[
	{
		"params":{}
	}
], status=0, errorMsg=null, operTime=null)
22:01:51.984 [http-nio-8080-exec-1] INFO  c.q.v.a.f.s.f.JwtAuthenticationTokenFilter - [doFilterInternal,43] - url:/pts/member/hunMember/remove
22:01:52.011 [threadPoolTaskExecutor-11] INFO  c.q.v.a.f.l.l.LogListener - [listenOperLog,39] - 远程操作日志记录成功：SysOperLog(operId=null, title=删除会员管理, businessType=3, method=com.qh.venus.achilles.pts.member.controller.HunMemberController.remove(), requestMethod=POST, operatorType=1, operName=admin, deptName=null, operUrl=/pts/member/hunMember/remove, operIp=127.0.0.1, operLocation=内网IP, operParam=[
	"2"
], status=0, errorMsg=null, operTime=null)
22:01:52.044 [http-nio-8080-exec-2] INFO  c.q.v.a.f.s.f.JwtAuthenticationTokenFilter - [doFilterInternal,43] - url:/pts/member/hunMember/list
22:01:52.064 [threadPoolTaskExecutor-12] INFO  c.q.v.a.f.l.l.LogListener - [listenOperLog,39] - 远程操作日志记录成功：SysOperLog(operId=null, title=删除会员管理, businessType=10, method=com.qh.venus.achilles.pts.member.controller.HunMemberController.list(), requestMethod=GET, operatorType=1, operName=admin, deptName=null, operUrl=/pts/member/hunMember/list, operIp=127.0.0.1, operLocation=内网IP, operParam=[
	{
		"params":{}
	}
], status=0, errorMsg=null, operTime=null)
22:01:55.890 [http-nio-8080-exec-29] INFO  c.q.v.a.f.s.f.JwtAuthenticationTokenFilter - [doFilterInternal,43] - url:/pts/custom/custom/list
22:01:55.930 [threadPoolTaskExecutor-13] INFO  c.q.v.a.f.l.l.LogListener - [listenOperLog,39] - 远程操作日志记录成功：SysOperLog(operId=null, title=删除客户管理, businessType=10, method=com.qh.venus.achilles.pts.custom.controller.HunCustomController.list(), requestMethod=GET, operatorType=1, operName=admin, deptName=null, operUrl=/pts/custom/custom/list, operIp=127.0.0.1, operLocation=内网IP, operParam=[
	{
		"matchFail":0,
		"matchSuccess":0,
		"matching":0,
		"params":{},
		"totalMatch":0
	}
], status=0, errorMsg=null, operTime=null)
22:01:57.172 [http-nio-8080-exec-3] INFO  c.q.v.a.f.s.f.JwtAuthenticationTokenFilter - [doFilterInternal,43] - url:/pts/custom/custom/list
22:01:57.202 [threadPoolTaskExecutor-14] INFO  c.q.v.a.f.l.l.LogListener - [listenOperLog,39] - 远程操作日志记录成功：SysOperLog(operId=null, title=删除客户管理, businessType=10, method=com.qh.venus.achilles.pts.custom.controller.HunCustomController.list(), requestMethod=GET, operatorType=1, operName=admin, deptName=null, operUrl=/pts/custom/custom/list, operIp=127.0.0.1, operLocation=内网IP, operParam=[
	{
		"matchFail":0,
		"matchSuccess":0,
		"matching":0,
		"params":{},
		"totalMatch":0
	}
], status=0, errorMsg=null, operTime=null)
22:01:57.672 [http-nio-8080-exec-4] INFO  c.q.v.a.f.s.f.JwtAuthenticationTokenFilter - [doFilterInternal,43] - url:/pts/custom/custom/list
22:01:57.703 [threadPoolTaskExecutor-15] INFO  c.q.v.a.f.l.l.LogListener - [listenOperLog,39] - 远程操作日志记录成功：SysOperLog(operId=null, title=删除客户管理, businessType=10, method=com.qh.venus.achilles.pts.custom.controller.HunCustomController.list(), requestMethod=GET, operatorType=1, operName=admin, deptName=null, operUrl=/pts/custom/custom/list, operIp=127.0.0.1, operLocation=内网IP, operParam=[
	{
		"matchFail":0,
		"matchSuccess":0,
		"matching":0,
		"params":{},
		"totalMatch":0
	}
], status=0, errorMsg=null, operTime=null)
22:01:57.837 [http-nio-8080-exec-5] INFO  c.q.v.a.f.s.f.JwtAuthenticationTokenFilter - [doFilterInternal,43] - url:/pts/custom/custom/list
22:01:57.870 [threadPoolTaskExecutor-16] INFO  c.q.v.a.f.l.l.LogListener - [listenOperLog,39] - 远程操作日志记录成功：SysOperLog(operId=null, title=删除客户管理, businessType=10, method=com.qh.venus.achilles.pts.custom.controller.HunCustomController.list(), requestMethod=GET, operatorType=1, operName=admin, deptName=null, operUrl=/pts/custom/custom/list, operIp=127.0.0.1, operLocation=内网IP, operParam=[
	{
		"matchFail":0,
		"matchSuccess":0,
		"matching":0,
		"params":{},
		"totalMatch":0
	}
], status=0, errorMsg=null, operTime=null)
22:01:58.030 [http-nio-8080-exec-7] INFO  c.q.v.a.f.s.f.JwtAuthenticationTokenFilter - [doFilterInternal,43] - url:/pts/custom/custom/list
22:01:58.062 [threadPoolTaskExecutor-17] INFO  c.q.v.a.f.l.l.LogListener - [listenOperLog,39] - 远程操作日志记录成功：SysOperLog(operId=null, title=删除客户管理, businessType=10, method=com.qh.venus.achilles.pts.custom.controller.HunCustomController.list(), requestMethod=GET, operatorType=1, operName=admin, deptName=null, operUrl=/pts/custom/custom/list, operIp=127.0.0.1, operLocation=内网IP, operParam=[
	{
		"matchFail":0,
		"matchSuccess":0,
		"matching":0,
		"params":{},
		"totalMatch":0
	}
], status=0, errorMsg=null, operTime=null)
22:01:59.036 [http-nio-8080-exec-6] INFO  c.q.v.a.f.s.f.JwtAuthenticationTokenFilter - [doFilterInternal,43] - url:/pts/custom/custom/list
22:01:59.066 [threadPoolTaskExecutor-18] INFO  c.q.v.a.f.l.l.LogListener - [listenOperLog,39] - 远程操作日志记录成功：SysOperLog(operId=null, title=删除客户管理, businessType=10, method=com.qh.venus.achilles.pts.custom.controller.HunCustomController.list(), requestMethod=GET, operatorType=1, operName=admin, deptName=null, operUrl=/pts/custom/custom/list, operIp=127.0.0.1, operLocation=内网IP, operParam=[
	{
		"matchFail":0,
		"matchSuccess":0,
		"matching":0,
		"params":{},
		"totalMatch":0
	}
], status=0, errorMsg=null, operTime=null)
22:01:59.768 [http-nio-8080-exec-9] INFO  c.q.v.a.f.s.f.JwtAuthenticationTokenFilter - [doFilterInternal,43] - url:/pts/custom/custom/list
22:01:59.797 [threadPoolTaskExecutor-19] INFO  c.q.v.a.f.l.l.LogListener - [listenOperLog,39] - 远程操作日志记录成功：SysOperLog(operId=null, title=删除客户管理, businessType=10, method=com.qh.venus.achilles.pts.custom.controller.HunCustomController.list(), requestMethod=GET, operatorType=1, operName=admin, deptName=null, operUrl=/pts/custom/custom/list, operIp=127.0.0.1, operLocation=内网IP, operParam=[
	{
		"matchFail":0,
		"matchSuccess":0,
		"matching":0,
		"params":{},
		"totalMatch":0
	}
], status=0, errorMsg=null, operTime=null)
22:01:59.935 [http-nio-8080-exec-8] INFO  c.q.v.a.f.s.f.JwtAuthenticationTokenFilter - [doFilterInternal,43] - url:/pts/custom/custom/list
22:01:59.966 [threadPoolTaskExecutor-20] INFO  c.q.v.a.f.l.l.LogListener - [listenOperLog,39] - 远程操作日志记录成功：SysOperLog(operId=null, title=删除客户管理, businessType=10, method=com.qh.venus.achilles.pts.custom.controller.HunCustomController.list(), requestMethod=GET, operatorType=1, operName=admin, deptName=null, operUrl=/pts/custom/custom/list, operIp=127.0.0.1, operLocation=内网IP, operParam=[
	{
		"matchFail":0,
		"matchSuccess":0,
		"matching":0,
		"params":{},
		"totalMatch":0
	}
], status=0, errorMsg=null, operTime=null)
22:02:00.102 [http-nio-8080-exec-10] INFO  c.q.v.a.f.s.f.JwtAuthenticationTokenFilter - [doFilterInternal,43] - url:/pts/custom/custom/list
22:02:00.131 [threadPoolTaskExecutor-21] INFO  c.q.v.a.f.l.l.LogListener - [listenOperLog,39] - 远程操作日志记录成功：SysOperLog(operId=null, title=删除客户管理, businessType=10, method=com.qh.venus.achilles.pts.custom.controller.HunCustomController.list(), requestMethod=GET, operatorType=1, operName=admin, deptName=null, operUrl=/pts/custom/custom/list, operIp=127.0.0.1, operLocation=内网IP, operParam=[
	{
		"matchFail":0,
		"matchSuccess":0,
		"matching":0,
		"params":{},
		"totalMatch":0
	}
], status=0, errorMsg=null, operTime=null)
22:02:00.254 [http-nio-8080-exec-14] INFO  c.q.v.a.f.s.f.JwtAuthenticationTokenFilter - [doFilterInternal,43] - url:/pts/custom/custom/list
22:02:00.289 [threadPoolTaskExecutor-22] INFO  c.q.v.a.f.l.l.LogListener - [listenOperLog,39] - 远程操作日志记录成功：SysOperLog(operId=null, title=删除客户管理, businessType=10, method=com.qh.venus.achilles.pts.custom.controller.HunCustomController.list(), requestMethod=GET, operatorType=1, operName=admin, deptName=null, operUrl=/pts/custom/custom/list, operIp=127.0.0.1, operLocation=内网IP, operParam=[
	{
		"matchFail":0,
		"matchSuccess":0,
		"matching":0,
		"params":{},
		"totalMatch":0
	}
], status=0, errorMsg=null, operTime=null)
22:03:34.499 [http-nio-8080-exec-15] INFO  c.q.v.a.f.s.f.JwtAuthenticationTokenFilter - [doFilterInternal,43] - url:/system/user/info
22:03:34.532 [http-nio-8080-exec-12] INFO  c.q.v.a.f.s.f.JwtAuthenticationTokenFilter - [doFilterInternal,43] - url:/system/topMenu/list
22:03:34.818 [http-nio-8080-exec-13] INFO  c.q.v.a.f.s.f.JwtAuthenticationTokenFilter - [doFilterInternal,43] - url:/system/menu/user
22:03:44.659 [http-nio-8080-exec-19] INFO  c.q.v.a.f.s.f.JwtAuthenticationTokenFilter - [doFilterInternal,43] - url:/system/user/info
22:03:44.699 [http-nio-8080-exec-18] INFO  c.q.v.a.f.s.f.JwtAuthenticationTokenFilter - [doFilterInternal,43] - url:/system/topMenu/list
22:03:44.893 [http-nio-8080-exec-16] INFO  c.q.v.a.f.s.f.JwtAuthenticationTokenFilter - [doFilterInternal,43] - url:/system/menu/user
22:05:30.964 [http-nio-8080-exec-17] INFO  c.q.v.a.f.s.f.JwtAuthenticationTokenFilter - [doFilterInternal,43] - url:/system/user/info
22:05:31.002 [http-nio-8080-exec-20] INFO  c.q.v.a.f.s.f.JwtAuthenticationTokenFilter - [doFilterInternal,43] - url:/system/topMenu/list
22:05:31.058 [http-nio-8080-exec-22] INFO  c.q.v.a.f.s.f.JwtAuthenticationTokenFilter - [doFilterInternal,43] - url:/system/menu/user
22:05:31.310 [http-nio-8080-exec-11] INFO  c.q.v.a.f.s.f.JwtAuthenticationTokenFilter - [doFilterInternal,43] - url:/openfile/2020/11/12/4b2967a3cdc6946d052a927366defbb3.png
22:05:31.310 [http-nio-8080-exec-21] INFO  c.q.v.a.f.s.f.JwtAuthenticationTokenFilter - [doFilterInternal,43] - url:/openfile/2020/11/12/ecc3086d41d67feeafb42fd8b6a8be5c.png
22:05:31.325 [http-nio-8080-exec-24] INFO  c.q.v.a.f.s.f.JwtAuthenticationTokenFilter - [doFilterInternal,43] - url:/system/dept/list/enable
22:05:31.327 [http-nio-8080-exec-25] INFO  c.q.v.a.f.s.f.JwtAuthenticationTokenFilter - [doFilterInternal,43] - url:/system/user/list
22:05:31.328 [http-nio-8080-exec-23] INFO  c.q.v.a.f.s.f.JwtAuthenticationTokenFilter - [doFilterInternal,43] - url:/system/role/all
22:05:33.524 [http-nio-8080-exec-30] INFO  c.q.v.a.f.s.f.JwtAuthenticationTokenFilter - [doFilterInternal,43] - url:/system/dict/data/type
22:05:33.524 [http-nio-8080-exec-26] INFO  c.q.v.a.f.s.f.JwtAuthenticationTokenFilter - [doFilterInternal,43] - url:/system/dict/data/type
22:05:33.525 [http-nio-8080-exec-27] INFO  c.q.v.a.f.s.f.JwtAuthenticationTokenFilter - [doFilterInternal,43] - url:/system/dict/data/type
22:05:33.526 [http-nio-8080-exec-28] INFO  c.q.v.a.f.s.f.JwtAuthenticationTokenFilter - [doFilterInternal,43] - url:/pts/member/hunMember/list
22:05:33.541 [http-nio-8080-exec-1] INFO  c.q.v.a.f.s.f.JwtAuthenticationTokenFilter - [doFilterInternal,43] - url:/system/dict/data/type
22:05:33.545 [http-nio-8080-exec-2] INFO  c.q.v.a.f.s.f.JwtAuthenticationTokenFilter - [doFilterInternal,43] - url:/system/dict/data/type
22:05:33.546 [http-nio-8080-exec-29] INFO  c.q.v.a.f.s.f.JwtAuthenticationTokenFilter - [doFilterInternal,43] - url:/system/dict/data/type
22:05:33.553 [threadPoolTaskExecutor-23] INFO  c.q.v.a.f.l.l.LogListener - [listenOperLog,39] - 远程操作日志记录成功：SysOperLog(operId=null, title=删除会员管理, businessType=10, method=com.qh.venus.achilles.pts.member.controller.HunMemberController.list(), requestMethod=GET, operatorType=1, operName=admin, deptName=null, operUrl=/pts/member/hunMember/list, operIp=127.0.0.1, operLocation=内网IP, operParam=[
	{
		"params":{}
	}
], status=0, errorMsg=null, operTime=null)
22:05:36.800 [http-nio-8080-exec-4] INFO  c.q.v.a.f.s.f.JwtAuthenticationTokenFilter - [doFilterInternal,43] - url:/system/dict/data/type
22:05:36.801 [http-nio-8080-exec-3] INFO  c.q.v.a.f.s.f.JwtAuthenticationTokenFilter - [doFilterInternal,43] - url:/pts/dating/hunDating/list
22:05:36.823 [threadPoolTaskExecutor-24] INFO  c.q.v.a.f.l.l.LogListener - [listenOperLog,39] - 远程操作日志记录成功：SysOperLog(operId=null, title=删除相亲, businessType=10, method=com.qh.venus.achilles.pts.dating.controller.HunDatingController.list(), requestMethod=GET, operatorType=1, operName=admin, deptName=null, operUrl=/pts/dating/hunDating/list, operIp=127.0.0.1, operLocation=内网IP, operParam=[
	{
		"params":{}
	}
], status=0, errorMsg=null, operTime=null)
22:05:38.221 [http-nio-8080-exec-5] INFO  c.q.v.a.f.s.f.JwtAuthenticationTokenFilter - [doFilterInternal,43] - url:/system/dict/data/type
22:05:38.223 [http-nio-8080-exec-7] INFO  c.q.v.a.f.s.f.JwtAuthenticationTokenFilter - [doFilterInternal,43] - url:/system/dict/data/type
22:05:38.224 [http-nio-8080-exec-6] INFO  c.q.v.a.f.s.f.JwtAuthenticationTokenFilter - [doFilterInternal,43] - url:/system/dict/data/type
22:05:38.225 [http-nio-8080-exec-9] INFO  c.q.v.a.f.s.f.JwtAuthenticationTokenFilter - [doFilterInternal,43] - url:/system/dict/data/type
22:05:38.231 [http-nio-8080-exec-8] INFO  c.q.v.a.f.s.f.JwtAuthenticationTokenFilter - [doFilterInternal,43] - url:/system/dict/data/type
22:05:38.234 [http-nio-8080-exec-10] INFO  c.q.v.a.f.s.f.JwtAuthenticationTokenFilter - [doFilterInternal,43] - url:/system/dict/data/type
22:07:50.226 [http-nio-8080-exec-14] INFO  c.q.v.a.f.s.f.JwtAuthenticationTokenFilter - [doFilterInternal,43] - url:/system/dict/data/type
22:07:50.227 [http-nio-8080-exec-15] INFO  c.q.v.a.f.s.f.JwtAuthenticationTokenFilter - [doFilterInternal,43] - url:/system/dict/data/type
22:07:50.230 [http-nio-8080-exec-12] INFO  c.q.v.a.f.s.f.JwtAuthenticationTokenFilter - [doFilterInternal,43] - url:/system/dict/data/type
22:07:50.232 [http-nio-8080-exec-13] INFO  c.q.v.a.f.s.f.JwtAuthenticationTokenFilter - [doFilterInternal,43] - url:/system/dict/data/type
22:07:50.232 [http-nio-8080-exec-18] INFO  c.q.v.a.f.s.f.JwtAuthenticationTokenFilter - [doFilterInternal,43] - url:/system/dict/data/type
22:07:50.232 [http-nio-8080-exec-19] INFO  c.q.v.a.f.s.f.JwtAuthenticationTokenFilter - [doFilterInternal,43] - url:/system/dict/data/type
22:07:50.243 [http-nio-8080-exec-16] INFO  c.q.v.a.f.s.f.JwtAuthenticationTokenFilter - [doFilterInternal,43] - url:/pts/custom/custom/list
22:07:50.246 [http-nio-8080-exec-17] INFO  c.q.v.a.f.s.f.JwtAuthenticationTokenFilter - [doFilterInternal,43] - url:/system/dict/data/type
22:07:50.263 [http-nio-8080-exec-20] INFO  c.q.v.a.f.s.f.JwtAuthenticationTokenFilter - [doFilterInternal,43] - url:/system/dict/data/type
22:07:50.270 [http-nio-8080-exec-22] INFO  c.q.v.a.f.s.f.JwtAuthenticationTokenFilter - [doFilterInternal,43] - url:/system/dict/data/type
22:07:50.272 [http-nio-8080-exec-11] INFO  c.q.v.a.f.s.f.JwtAuthenticationTokenFilter - [doFilterInternal,43] - url:/system/dict/data/type
22:07:50.273 [http-nio-8080-exec-21] INFO  c.q.v.a.f.s.f.JwtAuthenticationTokenFilter - [doFilterInternal,43] - url:/system/dict/data/type
22:07:50.274 [http-nio-8080-exec-24] INFO  c.q.v.a.f.s.f.JwtAuthenticationTokenFilter - [doFilterInternal,43] - url:/system/dict/data/type
22:07:50.289 [http-nio-8080-exec-16] INFO  c.q.v.a.f.s.f.JwtAuthenticationTokenFilter - [doFilterInternal,43] - url:/system/dict/data/type
22:07:50.296 [threadPoolTaskExecutor-25] INFO  c.q.v.a.f.l.l.LogListener - [listenOperLog,39] - 远程操作日志记录成功：SysOperLog(operId=null, title=删除客户管理, businessType=10, method=com.qh.venus.achilles.pts.custom.controller.HunCustomController.list(), requestMethod=GET, operatorType=1, operName=admin, deptName=null, operUrl=/pts/custom/custom/list, operIp=127.0.0.1, operLocation=内网IP, operParam=[
	{
		"matchFail":0,
		"matchSuccess":0,
		"matching":0,
		"params":{},
		"totalMatch":0
	}
], status=0, errorMsg=null, operTime=null)
22:07:51.204 [http-nio-8080-exec-30] INFO  c.q.v.a.f.s.f.JwtAuthenticationTokenFilter - [doFilterInternal,43] - url:/system/dict/data/type
22:07:51.204 [http-nio-8080-exec-25] INFO  c.q.v.a.f.s.f.JwtAuthenticationTokenFilter - [doFilterInternal,43] - url:/system/dict/data/type
22:07:55.897 [http-nio-8080-exec-27] INFO  c.q.v.a.f.s.f.JwtAuthenticationTokenFilter - [doFilterInternal,43] - url:/system/dict/data/type
22:07:55.897 [http-nio-8080-exec-26] INFO  c.q.v.a.f.s.f.JwtAuthenticationTokenFilter - [doFilterInternal,43] - url:/system/dict/data/type
22:07:55.898 [http-nio-8080-exec-28] INFO  c.q.v.a.f.s.f.JwtAuthenticationTokenFilter - [doFilterInternal,43] - url:/pts/match/hunMatch/list
22:07:55.910 [http-nio-8080-exec-1] INFO  c.q.v.a.f.s.f.JwtAuthenticationTokenFilter - [doFilterInternal,43] - url:/system/dict/data/type
22:07:55.910 [http-nio-8080-exec-2] INFO  c.q.v.a.f.s.f.JwtAuthenticationTokenFilter - [doFilterInternal,43] - url:/system/dict/data/type
22:07:55.938 [threadPoolTaskExecutor-26] INFO  c.q.v.a.f.l.l.LogListener - [listenOperLog,39] - 远程操作日志记录成功：SysOperLog(operId=null, title=删除配对, businessType=10, method=com.qh.venus.achilles.pts.match.controller.HunMatchController.list(), requestMethod=GET, operatorType=1, operName=admin, deptName=null, operUrl=/pts/match/hunMatch/list, operIp=127.0.0.1, operLocation=内网IP, operParam=[
	{
		"params":{}
	}
], status=0, errorMsg=null, operTime=null)
